2025-12-28 19:35:29 [scrapy] DEBUG: Crawled (200) <GET https://www.reddit.com/search.json?q=new-year&sort=new&limit=50> (referer: None)
2025-12-28 19:35:32 [scrapy] DEBUG: Crawled (200) <GET https://www.reddit.com/search.json?q=new-year&sort=new&limit=50&after=t3_1pxru0v> (referer: https://www.reddit.com/search.json?q=new-year&sort=new&limit=50)
2025-12-28 19:35:32 [scrapy] DEBUG: Scraped from <200 https://www.reddit.com/search.json?q=new-year&sort=new&limit=50&after=t3_1pxru0v>
{'author': 'Silent-Resort-3076',
 'created_utc': 1766929861.0,
 'keyword': 'new-year',
 'num_comments': 7,
 'permalink': 'https://reddit.com/r/TwoXChromosomes/comments/1pxrtgt/elon_musk_the_fdny_veteran_who_worked_911_and/',
 'post_type': 'high_engagement',
 'score': 41,
 'subreddit': 'TwoXChromosomes',
 'title': 'Elon Musk: The FDNY Veteran Who Worked 9/11 and Covid Isn’t '
          'Qualified to Lead the Department: “People will die because of '
          'this,” he said, implying that Mamdani’s pick was a DEI hire.',
 'url': 'https://www.motherjones.com/politics/2025/12/elon-musk-the-fdny-veteran-who-worked-9-11-and-covid-isnt-qualified-to-lead-the-department/'}
2025-12-28 19:35:35 [scrapy] DEBUG: Crawled (200) <GET https://www.reddit.com/search.json?q=new-year&sort=new&limit=50&after=t3_1pxrqji> (referer: https://www.reddit.com/search.json?q=new-year&sort=new&limit=50)
2025-12-28 19:35:35 [scrapy] DEBUG: Scraped from <200 https://www.reddit.com/search.json?q=new-year&sort=new&limit=50&after=t3_1pxrqji>
{'author': 'bungeeman',
 'created_utc': 1766929423.0,
 'keyword': 'new-year',
 'num_comments': 6,
 'permalink': 'https://reddit.com/r/BloodOnTheClocktower/comments/1pxro02/i_feel_like_were_all_sleepwalking_into_agreeing/',
 'post_type': 'high_engagement',
 'score': 25,
 'subreddit': 'BloodOnTheClocktower',
 'title': "I feel like we're all sleepwalking into agreeing to make this game "
          'worse online',
 'url': 'https://www.reddit.com/r/BloodOnTheClocktower/comments/1pxro02/i_feel_like_were_all_sleepwalking_into_agreeing/'}
2025-12-28 19:35:37 [scrapy] DEBUG: Crawled (200) <GET https://www.reddit.com/search.json?q=new-year&sort=new&limit=50&after=t3_1pxrm36> (referer: https://www.reddit.com/search.json?q=new-year&sort=new&limit=50)
2025-12-28 19:35:37 [scrapy] DEBUG: Scraped from <200 https://www.reddit.com/search.json?q=new-year&sort=new&limit=50&after=t3_1pxrm36>
{'author': 'MrCylion',
 'created_utc': 1766929135.0,
 'keyword': 'new-year',
 'num_comments': 7,
 'permalink': 'https://reddit.com/r/MangaCollectors/comments/1pxrkg2/my_2025_manga_collection_yearend_gallery_stats_at/',
 'post_type': 'high_engagement',
 'score': 19,
 'subreddit': 'MangaCollectors',
 'title': 'My 2025 Manga Collection: Year-End Gallery (Stats at the End)',
 'url': 'https://www.reddit.com/gallery/1pxrkg2'}
2025-12-28 19:35:38 [scrapy] DEBUG: Crawled (200) <GET https://www.reddit.com/search.json?q=new-year&sort=new&limit=50&after=t3_1pxrhb6> (referer: https://www.reddit.com/search.json?q=new-year&sort=new&limit=50)
2025-12-28 19:35:38 [scrapy] DEBUG: Scraped from <200 https://www.reddit.com/search.json?q=new-year&sort=new&limit=50&after=t3_1pxrhb6>
{'author': 'cakeel-',
 'created_utc': 1766928734.0,
 'keyword': 'new-year',
 'num_comments': 93,
 'permalink': 'https://reddit.com/r/Zenlesszonezeroleaks_/comments/1pxrflb/25_pre_version_26_and_27_of_characters_and_skins/',
 'post_type': 'high_engagement',
 'score': 86,
 'subreddit': 'Zenlesszonezeroleaks_',
 'title': '[2.5 PRE] Version 2.6 and 2.7 of Characters (and skins) via Palito',
 'url': 'https://i.redd.it/5pd721046y9g1.png'}
2025-12-28 19:35:42 [scrapy] DEBUG: Crawled (200) <GET https://www.reddit.com/search.json?q=new-year&sort=relevance&limit=50> (referer: None)
2025-12-28 19:35:42 [scrapy] DEBUG: Scraped from <200 https://www.reddit.com/search.json?q=new-year&sort=relevance&limit=50>
{'author': 'IncomingBroccoli',
 'created_utc': 1735695304.0,
 'keyword': 'new-year',
 'num_comments': 1380,
 'permalink': 'https://reddit.com/r/nextfuckinglevel/comments/1hqswch/new_years_celebration_in_china/',
 'post_type': 'high_engagement',
 'score': 99509,
 'subreddit': 'nextfuckinglevel',
 'title': "New Year's celebration in China",
 'url': 'https://v.redd.it/cwxlap39daae1'}
2025-12-28 19:35:42 [scrapy] DEBUG: Scraped from <200 https://www.reddit.com/search.json?q=new-year&sort=relevance&limit=50>
{'author': 'PacmanTheHitman',
 'created_utc': 1674522654.0,
 'keyword': 'new-year',
 'num_comments': 3756,
 'permalink': 'https://reddit.com/r/dankmemes/comments/10jt88x/new_year_same_me/',
 'post_type': 'high_engagement',
 'score': 94504,
 'subreddit': 'dankmemes',
 'title': 'New Year, Same Me',
 'url': 'https://i.redd.it/kasfifwknxda1.jpg'}
2025-12-28 19:35:42 [scrapy] DEBUG: Scraped from <200 https://www.reddit.com/search.json?q=new-year&sort=relevance&limit=50>
{'author': 'Better-Turnip-226',
 'created_utc': 1748886143.0,
 'keyword': 'new-year',
 'num_comments': 2246,
 'permalink': 'https://reddit.com/r/interestingasfuck/comments/1l1of91/a_guy_checks_his_computer_on_new_years_night_2000/',
 'post_type': 'high_engagement',
 'score': 92042,
 'subreddit': 'interestingasfuck',
 'title': "A guy checks his computer on New Year's night, 2000.",
 'url': 'https://v.redd.it/bdxzj6z8wj4f1'}
2025-12-28 19:35:42 [scrapy] DEBUG: Scraped from <200 https://www.reddit.com/search.json?q=new-year&sort=relevance&limit=50>
{'author': 'Limp_Falcon_2314',
 'created_utc': 1735941143.0,
 'keyword': 'new-year',
 'num_comments': 9551,
 'permalink': 'https://reddit.com/r/pics/comments/1hsy4xz/trump_on_new_years_eve_at_maralago/',
 'post_type': 'high_engagement',
 'score': 58869,
 'subreddit': 'pics',
 'title': 'Trump on New Years Eve at Mar-a-Lago ',
 'url': 'https://i.redd.it/1pqoka1aouae1.jpeg'}
2025-12-28 19:35:42 [scrapy] DEBUG: Scraped from <200 https://www.reddit.com/search.json?q=new-year&sort=relevance&limit=50>
{'author': 'curiositykeepsmeup',
 'created_utc': 1735744352.0,
 'keyword': 'new-year',
 'num_comments': 7429,
 'permalink': 'https://reddit.com/r/pics/comments/1hr4rd0/the_terrorists_flag_being_hidden_at_the_new/',
 'post_type': 'high_engagement',
 'score': 50379,
 'subreddit': 'pics',
 'title': 'The terrorist’s flag being hidden at the New Orleans new years mass '
          'casualty incident',
 'url': 'https://www.reddit.com/gallery/1hr4rd0'}
2025-12-28 19:35:42 [scrapy] DEBUG: Scraped from <200 https://www.reddit.com/search.json?q=new-year&sort=relevance&limit=50>
{'author': 'AlphaCoronae',
 'created_utc': 1735804075.0,
 'keyword': 'new-year',
 'num_comments': 803,
 'permalink': 'https://reddit.com/r/agedlikemilk/comments/1hroood/happy_new_year/',
 'post_type': 'high_engagement',
 'score': 50015,
 'subreddit': 'agedlikemilk',
 'title': 'Happy New Year!',
 'url': 'https://i.redd.it/ph4j0kfocjae1.jpeg'}
2025-12-28 19:35:42 [scrapy] DEBUG: Scraped from <200 https://www.reddit.com/search.json?q=new-year&sort=relevance&limit=50>
{'author': 'Buchi0k',
 'created_utc': 1735957353.0,
 'keyword': 'new-year',
 'num_comments': 4372,
 'permalink': 'https://reddit.com/r/TikTokCringe/comments/1ht40wt/guy_ruins_the_vibes_12_seconds_into_the_new_year/',
 'post_type': 'high_engagement',
 'score': 45619,
 'subreddit': 'TikTokCringe',
 'title': 'Guy ruins the vibes 12 seconds into the new year',
 'url': 'https://v.redd.it/0rlixz7h0wae1'}
2025-12-28 19:35:42 [scrapy] DEBUG: Scraped from <200 https://www.reddit.com/search.json?q=new-year&sort=relevance&limit=50>
{'author': 'skatermario3',
 'created_utc': 1735692368.0,
 'keyword': 'new-year',
 'num_comments': 245,
 'permalink': 'https://reddit.com/r/3Dprinting/comments/1hqs2ik/happy_new_year/',
 'post_type': 'high_engagement',
 'score': 39800,
 'subreddit': '3Dprinting',
 'title': 'Happy New Year!',
 'url': 'https://i.redd.it/1krbdjaj4aae1.jpeg'}
2025-12-28 19:35:42 [scrapy] DEBUG: Scraped from <200 https://www.reddit.com/search.json?q=new-year&sort=relevance&limit=50>
{'author': 'Sarang_616',
 'created_utc': 1737714143.0,
 'keyword': 'new-year',
 'num_comments': 1134,
 'permalink': 'https://reddit.com/r/MadeMeSmile/comments/1i8scxg/unlucky_hardworking_mom_from_china_got_the_best/',
 'post_type': 'high_engagement',
 'score': 35486,
 'subreddit': 'MadeMeSmile',
 'title': "Unlucky, hardworking mom from China got the best New Year's gift",
 'url': 'https://v.redd.it/0pkg2e8b4xee1'}
2025-12-28 19:35:42 [scrapy] DEBUG: Scraped from <200 https://www.reddit.com/search.json?q=new-year&sort=relevance&limit=50>
{'author': 'WHITERUNNPC',
 'created_utc': 1735753148.0,
 'keyword': 'new-year',
 'num_comments': 361,
 'permalink': 'https://reddit.com/r/TheNightFeeling/comments/1hr7tzm/first_sober_new_years_in_22_years_went_for_a_walk/',
 'post_type': 'high_engagement',
 'score': 34363,
 'subreddit': 'TheNightFeeling',
 'title': 'First sober New Years in 22 years. Went for a walk.',
 'url': 'https://www.reddit.com/gallery/1hr7tzm'}
2025-12-28 19:35:42 [scrapy] DEBUG: Scraped from <200 https://www.reddit.com/search.json?q=new-year&sort=relevance&limit=50>
{'author': 'Technical_Ad4270',
 'created_utc': 1735604402.0,
 'keyword': 'new-year',
 'num_comments': 2444,
 'permalink': 'https://reddit.com/r/40something/comments/1hq1vle/celebrating_this_new_year_with_6_years_sober_today/',
 'post_type': 'high_engagement',
 'score': 29282,
 'subreddit': '40something',
 'title': 'Celebrating this New Year with 6 years sober today 🥳✨ ',
 'url': 'https://i.redd.it/k43ub55zu2ae1.jpeg'}
2025-12-28 19:35:42 [scrapy] INFO: Closing spider (finished)
2025-12-28 19:35:42 [scrapy] INFO: Stored json feed (15 items) in: posts/spiders/output/high_engagement_new-year_2025-12-28T14-05-28+00-00.json
2025-12-28 19:35:42 [scrapy] INFO: Dumping Scrapy stats:
{'downloader/request_bytes': 4582,
 'downloader/request_count': 6,
 'downloader/request_method_count/GET': 6,
 'downloader/response_bytes': 443053,
 'downloader/response_count': 6,
 'downloader/response_status_count/200': 6,
 'elapsed_time_seconds': 14.255452,
 'feedexport/success_count/FileFeedStorage': 1,
 'finish_reason': 'finished',
 'finish_time': datetime.datetime(2025, 12, 28, 14, 5, 42, 524806, tzinfo=datetime.timezone.utc),
 'httpcompression/response_bytes': 2231041,
 'httpcompression/response_count': 6,
 'item_scraped_count': 15,
 'log_count/DEBUG': 25,
 'log_count/INFO': 15,
 'log_count/WARNING': 2,
 'request_depth_max': 4,
 'response_received_count': 6,
 'scheduler/dequeued': 6,
 'scheduler/dequeued/memory': 6,
 'scheduler/enqueued': 6,
 'scheduler/enqueued/memory': 6,
 'start_time': datetime.datetime(2025, 12, 28, 14, 5, 28, 269354, tzinfo=datetime.timezone.utc)}
2025-12-28 19:35:42 [scrapy] INFO: Spider closed (finished)
