2025-12-27 20:11:15 [scrapy] DEBUG: Crawled (200) <GET https://www.reddit.com/search.json?q=apple&sort=relevance&limit=50> (referer: None)
2025-12-27 20:11:18 [scrapy] DEBUG: Crawled (200) <GET https://www.reddit.com/r/interestingasfuck/comments/1l8dvs0/every_apple_device_stolen_from_the_apple_store_in/.json> (referer: https://www.reddit.com/search.json?q=apple&sort=relevance&limit=50)
2025-12-27 20:11:18 [scrapy] DEBUG: Scraped from <200 https://www.reddit.com/r/interestingasfuck/comments/1l8dvs0/every_apple_device_stolen_from_the_apple_store_in/.json>
{'author': 'Subject-Property-343',
 'created_utc': 1749598414.0,
 'keyword': 'apple',
 'num_comments': 1575,
 'permalink': 'https://reddit.com/r/interestingasfuck/comments/1l8dvs0/every_apple_device_stolen_from_the_apple_store_in/',
 'post_type': 'competitor_post',
 'score': 52623,
 'subreddit': 'interestingasfuck',
 'title': 'Every Apple device stolen from the Apple Store in Downtown Los '
          'Angeles last night is now sounding an alarm saying it should be '
          'returned',
 'top_comments': [{'author': 'School_North',
                   'body': "Why would they even steal them didn't they learn "
                           'from the last time when apple just bricked em',
                   'score': 3315},
                  {'author': 'matt_smith_keele',
                   'body': 'As an IT professional that has worked in the '
                           'telecoms and security sectors for over 20 '
                           'years....\n'
                           '\n'
                           "**WHY IN YHE HELL WEREN'T THOSE ALARMS SOUNDING "
                           'FROM THE MOMENT THE DEVCES WERE STOLEN??**\n'
                           '\n'
                           'Also, is that the crazy beautiful Apple store on '
                           'Broadway, used to be a theatre? They did such a '
                           'good job keeping the old school cool of that '
                           'building.\n'
                           '\n'
                           "Doesn't make up for the stupid",
                   'score': 357},
                  {'author': 'cute_salsa87',
                   'body': 'Only dumbasses steal iPhones from an Apple Store. '
                           'Like seriously.',
                   'score': 218},
                  {'author': '30yearCurse',
                   'body': 'This should be available to all stolen phones. '
                           'Call Apple, report your phone stolen and starts '
                           'blaring.',
                   'score': 28},
                  {'author': 'grahag',
                   'body': 'Cell phones are just one of those things that you '
                           "really shouldn't steal anymore. Not worth the "
                           'effort and unbricking a stolen phone is a mighty '
                           'task.\n'
                           '\n'
                           "I've got about a dozen bricked phones on my desk "
                           "and they are useless to me and I don't want to "
                           'contact Samsung or Apple, then prove that our Org '
                           'bought them, and then clear off the old employees '
                           'info (AppleID, GoogleID, etc) so that we can then '
                           'reprovision them.',
                   'score': 24}],
 'url': 'https://v.redd.it/a70nuxqcq66f1'}
2025-12-27 20:11:20 [scrapy] DEBUG: Crawled (200) <GET https://www.reddit.com/r/pics/comments/1plt9ex/apple_economy_is_brutal/.json> (referer: https://www.reddit.com/search.json?q=apple&sort=relevance&limit=50)
2025-12-27 20:11:20 [scrapy] DEBUG: Scraped from <200 https://www.reddit.com/r/pics/comments/1plt9ex/apple_economy_is_brutal/.json>
{'author': 'CommanderGoat',
 'created_utc': 1765652821.0,
 'keyword': 'apple',
 'num_comments': 639,
 'permalink': 'https://reddit.com/r/pics/comments/1plt9ex/apple_economy_is_brutal/',
 'post_type': 'competitor_post',
 'score': 6348,
 'subreddit': 'pics',
 'title': 'Apple economy is brutal.',
 'top_comments': [{'author': 'Willyr0',
                   'body': 'These apples are how I found out that there are '
                           'still new apple variants that are getting released',
                   'score': 1243},
                  {'author': 'alvaakasha',
                   'body': 'Best Regulation apple',
                   'score': 524},
                  {'author': 'Confuse_a_Car',
                   'body': 'It’s one apple, Michael. How much could it cost, '
                           'ten dollars?',
                   'score': 132},
                  {'author': 'bijibijmak',
                   'body': 'Best. Apples. Ever.',
                   'score': 57},
                  {'author': 'captainzigzag',
                   'body': 'To be fair, cosmic crisp are fucking phenomenal '
                           'apples.',
                   'score': 12}],
 'url': 'https://i.redd.it/a36p8fncs07g1.jpeg'}
2025-12-27 20:11:22 [scrapy] DEBUG: Crawled (200) <GET https://www.reddit.com/r/pcmasterrace/comments/1lgpc28/apple_reinventing_the_wheel/.json> (referer: https://www.reddit.com/search.json?q=apple&sort=relevance&limit=50)
2025-12-27 20:11:23 [scrapy] DEBUG: Scraped from <200 https://www.reddit.com/r/pcmasterrace/comments/1lgpc28/apple_reinventing_the_wheel/.json>
{'author': 'Cadmium620',
 'created_utc': 1750485110.0,
 'keyword': 'apple',
 'num_comments': 1680,
 'permalink': 'https://reddit.com/r/pcmasterrace/comments/1lgpc28/apple_reinventing_the_wheel/',
 'post_type': 'competitor_post',
 'score': 39854,
 'subreddit': 'pcmasterrace',
 'title': 'Apple re-inventing the wheel',
 'top_comments': [{'author': 'fart-to-me-in-french',
                   'body': "In 2006 they laughed at Aero copying Apple's Aqua "
                           'from 2000. People are insufferable.',
                   'score': 267},
                  {'author': 'Amalien',
                   'body': 'You can clown on Apple all you want but Microsoft '
                           'had a good idea like 10 years ago and abandoned it '
                           'for windows 8',
                   'score': 73},
                  {'author': 'Gabbatron',
                   'body': "I'm not an apple fanboy, in fact I'm a certified "
                           "apple hater, but it's pretty obvious apple has "
                           'done something unique with the refraction. The old '
                           'windows "glass" was just a linear blur.\n'
                           '\n'
                           'Is it revolutionary? Does it require all the hype '
                           "and marketing? Fuck no, but it ain't the same "
                           'thing windows did',
                   'score': 63},
                  {'author': 'cyxlone',
                   'body': '"That only apple can achieve" is an understatement',
                   'score': 44},
                  {'author': 'Detvan_SK',
                   'body': 'Why you Apple users are so mad about this design?\n'
                           '\n'
                           'I would really like if glass design get back into '
                           'Windows atleast as option.',
                   'score': 21}],
 'url': 'https://v.redd.it/pj6lq1swy78f1'}
2025-12-27 20:11:23 [scrapy] DEBUG: Crawled (200) <GET https://www.reddit.com/r/interestingasfuck/comments/1pc3qje/apple_to_the_rescue/.json> (referer: https://www.reddit.com/search.json?q=apple&sort=relevance&limit=50)
2025-12-27 20:11:23 [scrapy] DEBUG: Scraped from <200 https://www.reddit.com/r/interestingasfuck/comments/1pc3qje/apple_to_the_rescue/.json>
{'author': 'Docindn',
 'created_utc': 1764666041.0,
 'keyword': 'apple',
 'num_comments': 437,
 'permalink': 'https://reddit.com/r/interestingasfuck/comments/1pc3qje/apple_to_the_rescue/',
 'post_type': 'competitor_post',
 'score': 15864,
 'subreddit': 'interestingasfuck',
 'title': 'Apple to the rescue!',
 'top_comments': [{'author': 'ksbzw',
                   'body': 'Amount of idiots saying Apple is the bad guy here '
                           'is overwhelming',
                   'score': 980},
                  {'author': 'PikachuStoleMyWife',
                   'body': 'This is probably the first time I actually support '
                           'apple lol.',
                   'score': 680},
                  {'author': 'masterspinzitsu',
                   'body': 'Apple will never back down. Last hope.',
                   'score': 286},
                  {'author': 'Sioluishere',
                   'body': 'If anything, Apple at least has a good privacy and '
                           'security ecosystem.',
                   'score': 154},
                  {'author': 'RetroChampions',
                   'body': 'Rare Apple W',
                   'score': 28}],
 'url': 'https://i.redd.it/nqhmlr55ar4g1.jpeg'}
2025-12-27 20:11:27 [scrapy] DEBUG: Crawled (200) <GET https://www.reddit.com/r/wallstreetbets/comments/1ncqf7p/aapl_apple_launches_iphone_11_again/.json> (referer: https://www.reddit.com/search.json?q=apple&sort=relevance&limit=50)
2025-12-27 20:11:27 [scrapy] DEBUG: Scraped from <200 https://www.reddit.com/r/wallstreetbets/comments/1ncqf7p/aapl_apple_launches_iphone_11_again/.json>
{'author': 'MaranathahAmen',
 'created_utc': 1757441545.0,
 'keyword': 'apple',
 'num_comments': 824,
 'permalink': 'https://reddit.com/r/wallstreetbets/comments/1ncqf7p/aapl_apple_launches_iphone_11_again/',
 'post_type': 'competitor_post',
 'score': 25889,
 'subreddit': 'wallstreetbets',
 'title': '$AAPL - Apple launches Iphone 11, again.',
 'top_comments': [{'author': 'FlyinDanskMen',
                   'body': 'I love the Apple hate. When the Boston bomber went '
                           'off, the FBI was begging Tim Cook for a backdoor. '
                           'He said no fucking way. They never asked Google '
                           'for that, as far as we know publicly….\n'
                           '\n'
                           'It’s not just the bells and whistles people buy.',
                   'score': 9},
                  {'author': '295DVRKSS',
                   'body': 'Never bet against Tim apple',
                   'score': 7},
                  {'author': 'RED-WEAPON',
                   'body': "Apple hasn't truly innovated the iPhone design "
                           'since the iPhone X from 2017.\n'
                           '\n'
                           'That was the last major leap we ever saw.\n'
                           '\n'
                           'Hopefully, they\'ll get rid of the "dynamic '
                           'island": for a true full-screen iPhone with no '
                           'obstructions.',
                   'score': 6},
                  {'author': 'fart_huffer-',
                   'body': 'I can’t wait for Apple to release the pyramid '
                           'phone.',
                   'score': 5},
                  {'author': 'gamblersfalacy',
                   'body': 'The problem with apple stagnating is cook. He’s a '
                           'boring impersonal CEO. He was never meant to be a '
                           'CEO. He’s good at behind the scenes company '
                           'management and financials. \n'
                           '\n'
                           'No one is expecting state of the art technology '
                           'upgrades every year. We are however expecting new '
                           'model phones to not look like complete and utter '
                           'dogshit. \n'
                           '\n'
                           'The 17 pro looks like a no effort shit device. I’m '
                           'sure plenty will plop down $1100 for that '
                           'monstrosity.',
                   'score': 4}],
 'url': 'https://i.redd.it/9u3ybxvzj6of1.jpeg'}
2025-12-27 20:11:29 [scrapy] DEBUG: Crawled (200) <GET https://www.reddit.com/r/iphone/comments/1oabhxv/apple_shouldve_let_me_done_the_colors/.json> (referer: https://www.reddit.com/search.json?q=apple&sort=relevance&limit=50)
2025-12-27 20:11:29 [scrapy] DEBUG: Scraped from <200 https://www.reddit.com/r/iphone/comments/1oabhxv/apple_shouldve_let_me_done_the_colors/.json>
{'author': 'TheOfficialWasteland',
 'created_utc': 1760832350.0,
 'keyword': 'apple',
 'num_comments': 762,
 'permalink': 'https://reddit.com/r/iphone/comments/1oabhxv/apple_shouldve_let_me_done_the_colors/',
 'post_type': 'competitor_post',
 'score': 14337,
 'subreddit': 'iphone',
 'title': 'Apple should’ve let me done the colors',
 'top_comments': [{'author': 'DreadWeaper',
                   'body': 'Removing black was the stupidest thing Apple has '
                           'ever done',
                   'score': 14},
                  {'author': '13AnteMeridiem',
                   'body': 'Apple should’ve let you done the colors.',
                   'score': 4},
                  {'author': 'bustyouup4free',
                   'body': "If they had black, I would've gotten it. But got "
                           'the Pixel 10 Pro XL 1tb instead. Maybe next year I '
                           "go back to apple. Haven't had iPhone since iPhone "
                           '4gs',
                   'score': 4},
                  {'author': 'kwl147',
                   'body': 'Everyone is fawning over the iridescent colour but '
                           'that black looks as clean as the silver colour '
                           'does in the current lineup tbh. \n'
                           '\n'
                           'I don’t understand why Apple stopped doing product '
                           'RED variants but I’ve been looking forward to a '
                           'darker than normal shade of red on the iPhone for '
                           'decades now.',
                   'score': 3},
                  {'author': 'alessio_acri',
                   'body': 'i agree with this guy, apple should let him indeed '
                           'do the colors. these all look awesome',
                   'score': 3}],
 'url': 'https://i.redd.it/bztqt86mmyvf1.jpeg'}
2025-12-27 20:11:31 [scrapy] DEBUG: Crawled (200) <GET https://www.reddit.com/r/mildlyinteresting/comments/1plbmx1/my_apple_has_an_advertisement_for_a_tv_show_on_it/.json> (referer: https://www.reddit.com/search.json?q=apple&sort=relevance&limit=50)
2025-12-27 20:11:31 [scrapy] DEBUG: Scraped from <200 https://www.reddit.com/r/mildlyinteresting/comments/1plbmx1/my_apple_has_an_advertisement_for_a_tv_show_on_it/.json>
{'author': 'SunknLiner',
 'created_utc': 1765597108.0,
 'keyword': 'apple',
 'num_comments': 464,
 'permalink': 'https://reddit.com/r/mildlyinteresting/comments/1plbmx1/my_apple_has_an_advertisement_for_a_tv_show_on_it/',
 'post_type': 'competitor_post',
 'score': 17766,
 'subreddit': 'mildlyinteresting',
 'title': 'My apple has an advertisement for a TV show on it…',
 'top_comments': [{'author': 'Magister5',
                   'body': 'Big miss for AppleTV',
                   'score': 10362},
                  {'author': 'WretchedMotorcade',
                   'body': 'Yeah the Buffalo Bills have a specific brand of '
                           "apple the endorse now. Everything's gotta be a "
                           "fuckin' advert now.",
                   'score': 3475},
                  {'author': 'Snoo-15714',
                   'body': 'This should piss me off but because that '
                           'particular show being advertised on an apple is '
                           "silly and clever it doesn't. But it should.",
                   'score': 379},
                  {'author': 'Arse-e',
                   'body': 'The point of these stickers is to inject them into '
                           'the feeds of all social media platforms. We’re not '
                           'looking at an apple with an ad on it, we’re '
                           'looking at a Hulu ad. Ad free tiers and blockers '
                           'be damned.',
                   'score': 6},
                  {'author': 'Paperbackpixie',
                   'body': 'Giving a teacher an apple, advertising for a show '
                           'about a school. Cute .',
                   'score': 5}],
 'url': 'https://i.redd.it/ur33eyro6w6g1.jpeg'}
2025-12-27 20:11:33 [scrapy] DEBUG: Crawled (200) <GET https://www.reddit.com/r/oddlysatisfying/comments/1p34z8t/ive_never_seen_a_more_apple_looking_apple/.json> (referer: https://www.reddit.com/search.json?q=apple&sort=relevance&limit=50)
2025-12-27 20:11:34 [scrapy] DEBUG: Scraped from <200 https://www.reddit.com/r/oddlysatisfying/comments/1p34z8t/ive_never_seen_a_more_apple_looking_apple/.json>
{'author': 'pystar',
 'created_utc': 1763746665.0,
 'keyword': 'apple',
 'num_comments': 456,
 'permalink': 'https://reddit.com/r/oddlysatisfying/comments/1p34z8t/ive_never_seen_a_more_apple_looking_apple/',
 'post_type': 'competitor_post',
 'score': 45276,
 'subreddit': 'oddlysatisfying',
 'title': "I've never seen a more apple looking apple",
 'top_comments': [{'author': 'Ramoth129',
                   'body': "That is the most stereotypical apple I've ever "
                           'seen photographed. Well done!',
                   'score': 1830},
                  {'author': 'Deep-Secret',
                   'body': "That's like the room temperature room, but for "
                           'apples.',
                   'score': 1196},
                  {'author': 'UncommonLibrarian',
                   'body': 'Kinda looks like a strawberry that morphed into '
                           'the picture-perfect apple!',
                   'score': 125},
                  {'author': 'Sammydog6387',
                   'body': 'The appleiest apple to ever Apple',
                   'score': 59},
                  {'author': 'ShroomsHealYourSoul',
                   'body': "I've seen a lot of cartoon apples. And that's a "
                           'cartoon apple, not a real one',
                   'score': 42}],
 'url': 'https://i.redd.it/j60ekb5dcn2g1.jpeg'}
2025-12-27 20:11:36 [scrapy] DEBUG: Crawled (200) <GET https://www.reddit.com/r/SipsTea/comments/1poowi8/apple_airpod/.json> (referer: https://www.reddit.com/search.json?q=apple&sort=relevance&limit=50)
2025-12-27 20:11:36 [scrapy] DEBUG: Scraped from <200 https://www.reddit.com/r/SipsTea/comments/1poowi8/apple_airpod/.json>
{'author': 'kristal_ga',
 'created_utc': 1765950816.0,
 'keyword': 'apple',
 'num_comments': 405,
 'permalink': 'https://reddit.com/r/SipsTea/comments/1poowi8/apple_airpod/',
 'post_type': 'competitor_post',
 'score': 51767,
 'subreddit': 'SipsTea',
 'title': 'Apple AirPod',
 'top_comments': [{'author': 'TheFloshii',
                   'body': 'I got the JBL Tour Pro 2 which .. had that already '
                           "? They've been out a few years ? F*** Apple I "
                           'guess',
                   'score': 2},
                  {'author': 'PandaHombre92055',
                   'body': 'Apple blows.',
                   'score': 1},
                  {'author': 'lonely_and_useless',
                   'body': 'The air pods are going to become the new ipods '
                           "(wow autocorrect doesn't know the word ipod) and "
                           'then eventually the new iPhone. Im putting money '
                           'on the airphone as a future apple product.',
                   'score': 1},
                  {'author': 'DavidXGA',
                   'body': 'Apple has far more patents for things they will '
                           'never make than for things they do make.',
                   'score': 1},
                  {'author': 'Interesting-Glove156',
                   'body': 'I can’t believe I’ve lived long enough to watch '
                           'Apple run out of ideas and start knocking off the '
                           'cheap Chinese knockoffs… this idea has been around '
                           'for freaking ages… Apple have most definitely lost '
                           'their mojo…',
                   'score': 1}],
 'url': 'https://i.redd.it/zk4tzbdfep7g1.jpeg'}
2025-12-27 20:11:40 [scrapy] DEBUG: Crawled (200) <GET https://www.reddit.com/r/assholedesign/comments/1owjp0w/i_guess_apples_have_advertisements_on_them_now/.json> (referer: https://www.reddit.com/search.json?q=apple&sort=relevance&limit=50)
2025-12-27 20:11:40 [scrapy] DEBUG: Scraped from <200 https://www.reddit.com/r/assholedesign/comments/1owjp0w/i_guess_apples_have_advertisements_on_them_now/.json>
{'author': 'Acceptable_Let_215',
 'created_utc': 1763084993.0,
 'keyword': 'apple',
 'num_comments': 615,
 'permalink': 'https://reddit.com/r/assholedesign/comments/1owjp0w/i_guess_apples_have_advertisements_on_them_now/',
 'post_type': 'competitor_post',
 'score': 35368,
 'subreddit': 'assholedesign',
 'title': 'I guess apples have advertisements on them now...',
 'top_comments': [{'author': 'FandomMenace',
                   'body': 'Disney blitzed the merchandise so hard when they '
                           'bought star wars and released episode vii that '
                           'they were selling dog shit oranges branded for '
                           "BB-8. They've been selling dog shit apples branded "
                           'for mickey for a long time.',
                   'score': 3931},
                  {'author': 'Zeeplankton',
                   'body': 'I assume because apples have well. I guess a '
                           'teaching connotation',
                   'score': 308},
                  {'author': '3amGreenCoffee',
                   'body': "That's actually kind of a funny promotion. Apples "
                           "are featured prominently in that show's marketing "
                           'materials.\n'
                           '\n'
                           'https://preview.redd.it/x51k4j53z41g1.png?width=1200&amp;format=png&amp;auto=webp&amp;s=f27d9571664c7d34501eb77bb7f69dbbc3ec2794',
                   'score': 76},
                  {'author': 'kymilovechelle',
                   'body': 'Crappleitism',
                   'score': 23},
                  {'author': 'Maddogenes',
                   'body': " Didn't you have ads in the 20th century?\n"
                           '\n'
                           'Well, sure, but not on our apples. Only on TV and '
                           'radio. And in magazines and movies and at ball '
                           'games, on buses and milk cartons and T-shirts and '
                           'bananas and written on the sky. But not on apples. '
                           'No, sir-ee!',
                   'score': 13}],
 'url': 'https://i.redd.it/oyxc4aeuo41g1.png'}
2025-12-27 20:11:42 [scrapy] DEBUG: Crawled (200) <GET https://www.reddit.com/r/Money/comments/1pdkgdb/daughters_apple_investment_milestone/.json> (referer: https://www.reddit.com/search.json?q=apple&sort=relevance&limit=50)
2025-12-27 20:11:42 [scrapy] DEBUG: Scraped from <200 https://www.reddit.com/r/Money/comments/1pdkgdb/daughters_apple_investment_milestone/.json>
{'author': 'doughboy_491',
 'created_utc': 1764805451.0,
 'keyword': 'apple',
 'num_comments': 762,
 'permalink': 'https://reddit.com/r/Money/comments/1pdkgdb/daughters_apple_investment_milestone/',
 'post_type': 'competitor_post',
 'score': 12986,
 'subreddit': 'Money',
 'title': 'Daughter’s Apple investment milestone',
 'top_comments': [{'author': 'jtee180',
                   'body': 'Buy and hold still only works if you buy a good '
                           'company though. If you bought Ford at the same '
                           'time you bought Apple you’d be down 4%. Congrats '
                           'on your vision and patience holding onto this one!',
                   'score': 20},
                  {'author': 'CleMike69',
                   'body': 'Can you imagine lol .14 cents I bought into Apple '
                           'in like 2005 or something turned 9k into 522k '
                           'crazy',
                   'score': 15},
                  {'author': 'ozaqi',
                   'body': 'What made you choose Apple back then',
                   'score': 9},
                  {'author': 'Lost-Engineering-579',
                   'body': 'Guys all you have to do is buy apple 28 years ago '
                           'lol',
                   'score': 6},
                  {'author': 'TAAllDayErrDay',
                   'body': 'I started working at Apple when it was ~$7/share.\n'
                           '\n'
                           'I didn’t do the EPP bc I was living somewhere with '
                           'a high cost of living and making peanuts.\n'
                           '\n'
                           'Never done anything more stupid. It’s split, I '
                           'believe, 3 or 4x since then, and is at $284/share. '
                           'I could have bought 10-15 shares a paycheck.',
                   'score': 5}],
 'url': 'https://i.redd.it/gyxlrwlos25g1.jpeg'}
2025-12-27 20:11:44 [scrapy] DEBUG: Crawled (200) <GET https://www.reddit.com/r/funny/comments/1ovfroa/an_apple_a_day/.json> (referer: https://www.reddit.com/search.json?q=apple&sort=relevance&limit=50)
2025-12-27 20:11:44 [scrapy] DEBUG: Scraped from <200 https://www.reddit.com/r/funny/comments/1ovfroa/an_apple_a_day/.json>
{'author': 'Daniel_XXL_69',
 'created_utc': 1762977708.0,
 'keyword': 'apple',
 'num_comments': 1063,
 'permalink': 'https://reddit.com/r/funny/comments/1ovfroa/an_apple_a_day/',
 'post_type': 'competitor_post',
 'score': 16405,
 'subreddit': 'funny',
 'title': 'An apple a day...',
 'top_comments': [{'author': 'TuckerCarlsonsOhface',
                   'body': '“Obviously this random apple should be on top of '
                           'the file cabinet behind me, for no reason '
                           'whatsoever.”',
                   'score': 6002},
                  {'author': 'Ok-Career17',
                   'body': 'Hmm, this apple keeps appearing out of nowhere, '
                           "but let's keep turning around so every time I "
                           'cannot see where the apple is coming from!',
                   'score': 2092},
                  {'author': 'USeaMoose',
                   'body': 'Went on for 5 minutes too long. \n'
                           '\n'
                           'I can suspend my disbelief enough to assume that '
                           "she can't see the guy placing the apples, and that "
                           'the cameraman is somehow concealed... well enough '
                           "for her to not even suspect him. Maybe he's 20 "
                           'feet away and zoomed in. Whatever.\n'
                           '\n'
                           'But her never bothering to look for the apple '
                           'placer is really lazy writing. And even a dozen '
                           'apples in, she still methodically goes through the '
                           'motions of turning her back for several seconds '
                           'while she carefully places the apples on the '
                           'filing cabinet for no reason.\n'
                           '\n'
                           "It's just lazy. You can ignore that type of thing "
                           'if this is a 1 minute sketch. If you want to turn '
                           'it into a 6 minute sketch, you have to at least '
                           'make a little effort to make it believable.',
                   'score': 168},
                  {'author': 'asdacool',
                   'body': 'Totally believable. I was there. I am the fourth '
                           'apple.',
                   'score': 145},
                  {'author': 'firethorne',
                   'body': "I can accept she doesn't see the apple man.  I "
                           "cannot accept she doesn't see the person with the "
                           'camera.',
                   'score': 86}],
 'url': 'https://v.redd.it/eyuoeqzutv0g1'}
2025-12-27 20:11:48 [scrapy] DEBUG: Crawled (200) <GET https://www.reddit.com/r/BlackPeopleTwitter/comments/1ndnksx/breaking_news_caramel_apple_empanadas_are_back_at/.json> (referer: https://www.reddit.com/search.json?q=apple&sort=relevance&limit=50)
2025-12-27 20:11:48 [scrapy] DEBUG: Scraped from <200 https://www.reddit.com/r/BlackPeopleTwitter/comments/1ndnksx/breaking_news_caramel_apple_empanadas_are_back_at/.json>
{'author': 'JennyBeckman',
 'created_utc': 1757531842.0,
 'keyword': 'apple',
 'num_comments': 3822,
 'permalink': 'https://reddit.com/r/BlackPeopleTwitter/comments/1ndnksx/breaking_news_caramel_apple_empanadas_are_back_at/',
 'post_type': 'competitor_post',
 'score': 57308,
 'subreddit': 'BlackPeopleTwitter',
 'title': 'Breaking News: Caramel apple empanadas are back at Taco Bell',
 'top_comments': [{'author': 'sluttybandana',
                   'body': 'Oh wow, this is really how I discovered caramel '
                           "apple empanadas are back, let's goooo",
                   'score': 1149},
                  {'author': 'UUMD',
                   'body': 'I love those caramel apple empanadas!',
                   'score': 100}],
 'url': 'https://i.redd.it/g5rlvhfi0eof1.jpeg'}
2025-12-27 20:11:48 [scrapy] DEBUG: Crawled (200) <GET https://www.reddit.com/r/mildlyinfuriating/comments/1pekpon/i_just_poured_garlic_all_over_my_apples_thinking/.json> (referer: https://www.reddit.com/search.json?q=apple&sort=relevance&limit=50)
2025-12-27 20:11:48 [scrapy] DEBUG: Scraped from <200 https://www.reddit.com/r/mildlyinfuriating/comments/1pekpon/i_just_poured_garlic_all_over_my_apples_thinking/.json>
{'author': 'Nieces',
 'created_utc': 1764905700.0,
 'keyword': 'apple',
 'num_comments': 1026,
 'permalink': 'https://reddit.com/r/mildlyinfuriating/comments/1pekpon/i_just_poured_garlic_all_over_my_apples_thinking/',
 'post_type': 'competitor_post',
 'score': 20478,
 'subreddit': 'mildlyinfuriating',
 'title': 'I just poured garlic all over my apples thinking it was cinnamon '
          'sugar',
 'top_comments': [{'author': 'NickFromIRL',
                   'body': 'How do you like them apples?',
                   'score': 152},
                  {'author': 'alexmehdi',
                   'body': 'Why would you put either of those on an apple? '
                           "It's already sweet.",
                   'score': 13},
                  {'author': 'Globewanderer1001',
                   'body': "You didn't smell it once the cap was off?? It has "
                           'a strong smell. Also, you can just wash the '
                           'apples.',
                   'score': 7},
                  {'author': 'No_Bend8',
                   'body': "Why didn't you just wash them off? They're apples. "
                           'They can get wet',
                   'score': 5},
                  {'author': 'Objective_Metric',
                   'body': "Then don't pour garlic over apples...why do people "
                           "not check spices before using them? That's the "
                           'most important thing you could probably do before '
                           'adding them otherwise you domt know what the fuck '
                           "you're doing,",
                   'score': 3}],
 'url': 'https://i.redd.it/4z1txfur2b5g1.jpeg'}
2025-12-27 20:11:51 [scrapy] DEBUG: Crawled (200) <GET https://www.reddit.com/r/technology/comments/1pw9thg/leaker_who_apple_is_suing_says_screw_it_heres_the/.json> (referer: https://www.reddit.com/search.json?q=apple&sort=relevance&limit=50)
2025-12-27 20:11:51 [scrapy] DEBUG: Scraped from <200 https://www.reddit.com/r/technology/comments/1pw9thg/leaker_who_apple_is_suing_says_screw_it_heres_the/.json>
{'author': 'dapperlemon',
 'created_utc': 1766770228.0,
 'keyword': 'apple',
 'num_comments': 1119,
 'permalink': 'https://reddit.com/r/technology/comments/1pw9thg/leaker_who_apple_is_suing_says_screw_it_heres_the/',
 'post_type': 'competitor_post',
 'score': 18164,
 'subreddit': 'technology',
 'title': "Leaker Who Apple Is Suing Says 'Screw It,' Here's the Foldable "
          'iPhone Early',
 'top_comments': [{'author': 'jd5547561',
                   'body': 'The fact that Apple is suing him over trade '
                           'secrets basically confirms these renders are '
                           "accurate. Prosser essentially just said, 'If I’m "
                           'going down, I’m taking your 2026 marketing plan '
                           "with me'",
                   'score': 905},
                  {'author': 'SamwiseTheOppressed',
                   'body': 'Apple should have gone straight for the ”tri-fold”',
                   'score': 23},
                  {'author': 'ripetrichomes',
                   'body': 'FULL ARTICLE TEXT:\n'
                           '\n'
                           '“There are a few people that Apple would love to '
                           'delete from the face of the planet.\n'
                           '\n'
                           'Bloomberg’s Mark Gurman, who’s consistently '
                           'divulging Apple’s plans, is one. TF International '
                           'Securities analyst Ming-Chi Kuo, who is always '
                           'sharing information based on his supply chain '
                           'checks, is high up on the list, too. But YouTuber '
                           'Jon Prosser is public enemy number one that Apple '
                           'is trying to truly silence. And for good reason: '
                           'the man who Apple sued in July for leaking iOS 26 '
                           'and Liquid Glass keeps spoiling Apple’s unreleased '
                           'products with high-quality 3D renders in his '
                           'videos—like the foldable iPhone that’s not '
                           'expected to be announced until next year.\n'
                           '\n'
                           'On Christmas Eve, Prosser gave the world an early '
                           'gift: a video revealing what he claims is Apple’s '
                           'foldable iPhone in all of its book-style glory. '
                           'Watch for yourself:\n'
                           '\n'
                           'In his video, Prosser confidently states the '
                           'foldable iPhone, which is rumored to launch next '
                           'fall alongside the iPhone 18 Pro and 18 Pro Max, '
                           'will have a 5.5-inch external display with a '
                           'hole-punch camera. The inside foldable screen will '
                           'measure 7.8 inches with a hole-punch camera in the '
                           'upper left corner. His renders show dual cameras '
                           'sitting on an oblong camera plateau much like the '
                           'one on the iPhone Air; an LED flash sits on the '
                           'opposite side.\n'
                           '\n'
                           'Prosser says the foldable iPhone will be 9mm thick '
                           'when closed, which means each half will likely be '
                           '4.5mm. That’d over a whole millimeter thinner than '
                           'the 5.6mm iPhone Air, which is already barely '
                           'thicker than a USB-C port and feels impossibly '
                           'thin in the hand.\n'
                           '\n'
                           'The dimensions do align with the rumored footprint '
                           'from multiple previous reports. However, it '
                           'conflicts with a recent leak that claimed the '
                           'foldable iPhone would have an external screen '
                           'that’s about 5.25 inches, which would be smaller '
                           'than the 5.4-inch iPhone 13 mini.\n'
                           '\n'
                           'Prosser’s 3D renders do appear to depict a '
                           'foldable iPhone that’s wider than it is tall when '
                           'folded and open. Side-by-side with a first-gen '
                           'Pixel Fold, minus the thicker bezels on Google’s '
                           'foldable, the foldable iPhone might look similar, '
                           'down to the location of the hole-punch cameras. '
                           'Other reports have suggested the foldable iPhone '
                           'would have an “invisible” under-panel camera (UDC) '
                           'in the folding display.\n'
                           '\n'
                           'The big question will be whether or not Apple can '
                           'make the crease less visible. Several previous '
                           'reports said that Apple had figured it out, but '
                           'the latest leak suggests that might not be the '
                           'case after all.\n'
                           '\n'
                           'Ultimately, a foldable iPhone will undoubtedly get '
                           'lots of buzz if Apple does launch it next year. '
                           'But the real indicator of its success will be '
                           'whether consumers buy it. The iPhone Air is a '
                           'state-of-the-art phone with impressive '
                           'miniaturization that could be a glimpse of what’s '
                           'to come in a future pair of Apple smart glasses, '
                           'and yet it’s reportedly been a commercial failure. '
                           'It’s been such a sales flop that there may not be '
                           'an iPhone Air 2 next year. More consumers have '
                           'purchased the iPhone 17 and 17 Pros than the '
                           'super-skinny iPhone Air that has fewer cameras and '
                           'less battery life.\n'
                           '\n'
                           'Will consumers see the value of a foldable iPhone, '
                           'especially if it comes with an exorbitant price '
                           'tag that could start at over $2,000? I’d say never '
                           'bet against the iPhone, but then again, the iPhone '
                           'mini, iPhone Plus, and now the iPhone Air '
                           'reportedly didn’t sell enough.”',
                   'score': 5},
                  {'author': 'chrisjinna',
                   'body': 'If it could do cad and have good apple pencil '
                           'support, I would give it a go. Shapr3d support '
                           'would be good enough.',
                   'score': 5},
                  {'author': 'voc0der',
                   'body': 'Cool so apple is 4 years behind copying Samsung '
                           'still\xa0',
                   'score': 4}],
 'url': 'https://gizmodo.com/leaker-who-apple-is-suing-says-screw-it-heres-the-foldable-iphone-early-2000703449#comments'}
2025-12-27 20:11:51 [scrapy] INFO: Closing spider (finished)
2025-12-27 20:11:51 [scrapy] INFO: Stored json feed (15 items) in: posts/spiders/output/competitor_mentions_apple_2025-12-27T14-41-13+00-00.json
2025-12-27 20:11:51 [scrapy] INFO: Dumping Scrapy stats:
{'downloader/request_bytes': 11896,
 'downloader/request_count': 16,
 'downloader/request_method_count/GET': 16,
 'downloader/response_bytes': 714098,
 'downloader/response_count': 16,
 'downloader/response_status_count/200': 16,
 'elapsed_time_seconds': 37.507758,
 'feedexport/success_count/FileFeedStorage': 1,
 'finish_reason': 'finished',
 'finish_time': datetime.datetime(2025, 12, 27, 14, 41, 51, 486453, tzinfo=datetime.timezone.utc),
 'httpcompression/response_bytes': 6847022,
 'httpcompression/response_count': 16,
 'item_scraped_count': 15,
 'log_count/DEBUG': 33,
 'log_count/INFO': 8,
 'request_depth_max': 1,
 'response_received_count': 16,
 'scheduler/dequeued': 16,
 'scheduler/dequeued/memory': 16,
 'scheduler/enqueued': 16,
 'scheduler/enqueued/memory': 16,
 'start_time': datetime.datetime(2025, 12, 27, 14, 41, 13, 978695, tzinfo=datetime.timezone.utc)}
2025-12-27 20:11:51 [scrapy] INFO: Spider closed (finished)
