2025-12-29 16:38:36 [scrapy] DEBUG: Crawled (200) <GET https://www.reddit.com/search.json?q=shaadi.com&sort=relevance&limit=50> (referer: None)
2025-12-29 16:38:39 [scrapy] DEBUG: Crawled (200) <GET https://www.reddit.com/search.json?q=shaadi.com&sort=relevance&limit=50&after=t3_1pgr4a4> (referer: https://www.reddit.com/search.json?q=shaadi.com&sort=relevance&limit=50)
2025-12-29 16:38:41 [scrapy] DEBUG: Crawled (200) <GET https://www.reddit.com/r/IndianBoysOnTinder/comments/13tz5q9/demands_dekho_didi_k_not_oc/.json> (referer: https://www.reddit.com/search.json?q=shaadi.com&sort=relevance&limit=50)
2025-12-29 16:38:41 [scrapy] DEBUG: Scraped from <200 https://www.reddit.com/r/IndianBoysOnTinder/comments/13tz5q9/demands_dekho_didi_k_not_oc/.json>
{'author': 'sohamburgers265',
 'body': None,
 'created_utc': 1685276513.0,
 'keyword': 'shaadi.com',
 'num_comments': 797,
 'permalink': 'https://reddit.com/r/IndianBoysOnTinder/comments/13tz5q9/demands_dekho_didi_k_not_oc/',
 'post_type': 'google_ranked',
 'score': 3365,
 'subreddit': 'IndianBoysOnTinder',
 'title': 'Demands dekho didi k. Not oc',
 'top_comments': [{'author': 'SURYAxOG',
                   'body': 'rest i can adjust 🥰😇\n\nkitni humble ladki h',
                   'score': 590},
                  {'author': 'El_Professor7',
                   'body': 'The lion, the witch &amp; the audacity of this '
                           'bi**h',
                   'score': 580},
                  {'author': '[deleted]',
                   'body': 'Double standard. She is the kind of girl who '
                           'proclaims that she is the table when you ask her '
                           'what she brings to the table. Whoever THE GUY IS, '
                           'HE DODGED A GOOD OLD NUKE.',
                   'score': 536},
                  {'author': '[deleted]',
                   'body': 'Didi hogi teri maa... isne actually maa behen ek '
                           'kar di. 😂',
                   'score': 161},
                  {'author': '_womanofculture',
                   'body': 'Typical Pooja Mishra attitude. Chi yaar. I feel '
                           "sorry for the guy :') \n"
                           '\n'
                           'Bechara. Jaldi me aake shadi kar leta to lag jaati '
                           'iski gande se.',
                   'score': 148},
                  {'author': 'LopsidedNothing8981',
                   'body': 'Mujhe to Darr hai didi kahin khud dahej na maang '
                           'le',
                   'score': 127},
                  {'author': 'thechaiboi',
                   'body': '7-3=4 the streets',
                   'score': 124},
                  {'author': 'MrQuantm',
                   'body': 'You not want marriage? Y u not want marriage?',
                   'score': 91},
                  {'author': 'purplefatnose',
                   'body': 'Honestly this is just average arranged marriage '
                           'stuff. A lot of people will make demands like '
                           "this. Not to say this isn't wrong, but it "
                           "definitely isn't uncommon and generally goes.",
                   'score': 58},
                  {'author': 'SkuLlKrusheR_46',
                   'body': 'Acha hai 5 minute mai pata lag gya. Time bach gya',
                   'score': 54}],
 'url': 'https://www.reddit.com/gallery/13tz5q9'}
2025-12-29 16:38:43 [scrapy] DEBUG: Crawled (200) <GET https://www.reddit.com/r/mightyinteresting/comments/1mrmast/katie_price_has_reportedly_undergone_hundreds_of/.json> (referer: https://www.reddit.com/search.json?q=shaadi.com&sort=relevance&limit=50)
2025-12-29 16:38:43 [scrapy] DEBUG: Scraped from <200 https://www.reddit.com/r/mightyinteresting/comments/1mrmast/katie_price_has_reportedly_undergone_hundreds_of/.json>
{'author': 'MrDarkk1ng',
 'body': None,
 'created_utc': 1755323552.0,
 'keyword': 'shaadi.com',
 'num_comments': 301,
 'permalink': 'https://reddit.com/r/mightyinteresting/comments/1mrmast/katie_price_has_reportedly_undergone_hundreds_of/',
 'post_type': 'google_ranked',
 'score': 1090,
 'subreddit': 'mightyinteresting',
 'title': "Katie Price has reportedly undergone 'hundreds' of cosmetic "
          'procedures:',
 'top_comments': [{'author': 'Snuggly-Muffin',
                   'body': 'Dang…. She used to be cute 😭',
                   'score': 155},
                  {'author': 'NurkleTurkey',
                   'body': '1. She good.\n'
                           '\n'
                           '2. She aight.\n'
                           '\n'
                           '3. Dafuq.\n'
                           '\n'
                           '4. GORLOCK THE DESTROYER.',
                   'score': 126},
                  {'author': 'spacekitt3n',
                   'body': 'https://preview.redd.it/58sdl33mpbjf1.png?width=1057&amp;format=png&amp;auto=webp&amp;s=46331aa2fbdb20dbf67ad2d8c8b5f5c41d37fed9',
                   'score': 99},
                  {'author': 'everybodyluvzwaymond',
                   'body': '![gif](giphy|12zgyJya7QwQKI)',
                   'score': 41},
                  {'author': 'EverythingBOffensive',
                   'body': 'she going for the vulkan or the klingon?',
                   'score': 28},
                  {'author': 'JohnHue',
                   'body': "People keep criticizing those people like they're "
                           "just stupid. Maybe they're stupid, maybe they "
                           "aren't, what's more relevant is they're sick. This "
                           'is sickness and addiction, fueled by the extreme '
                           'mediatization and the really stupid people living '
                           'by every move of those celebrities.',
                   'score': 28},
                  {'author': 'Eeebs-HI',
                   'body': "Wow, it's like a whole new person. Not in a good "
                           'way.',
                   'score': 19},
                  {'author': '[deleted]',
                   'body': '*I want to look like Mr. Spock.*',
                   'score': 13},
                  {'author': 'Witty-Stand888',
                   'body': 'Live long and prosper',
                   'score': 7},
                  {'author': 'ParsleySlow',
                   'body': 'Why do they always end up looking like romulans?',
                   'score': 7}],
 'url': 'https://i.redd.it/emfhqdn4mbjf1.jpeg'}
2025-12-29 16:38:44 [scrapy] DEBUG: Crawled (200) <GET https://www.reddit.com/r/BollywoodShaadis/comments/1mjuabo/ranveer_allahbadia_reveals_he_missed_out_on/.json> (referer: https://www.reddit.com/search.json?q=shaadi.com&sort=relevance&limit=50)
2025-12-29 16:38:44 [scrapy] DEBUG: Scraped from <200 https://www.reddit.com/r/BollywoodShaadis/comments/1mjuabo/ranveer_allahbadia_reveals_he_missed_out_on/.json>
{'author': 'Lazy_Weather_6316',
 'body': None,
 'created_utc': 1754554362.0,
 'keyword': 'shaadi.com',
 'num_comments': 264,
 'permalink': 'https://reddit.com/r/BollywoodShaadis/comments/1mjuabo/ranveer_allahbadia_reveals_he_missed_out_on/',
 'post_type': 'google_ranked',
 'score': 1579,
 'subreddit': 'BollywoodShaadis',
 'title': 'Ranveer Allahbadia reveals he missed out on studying abroad due to '
          'family’s financial struggles',
 'top_comments': [{'author': 'Vincent_Farrell',
                   'body': "After Ranveer singh's struggle wherein his family "
                           'could afford holidays only to USA and '
                           'Harshavardhan Kapoor who could afford only used '
                           'lambhorghini we have another heart wrenching '
                           'struggle story of Ranveer Aallahabadia who could '
                           'only study in  The Dhirubhai Ambani International '
                           'School fee structure varies by grade level, '
                           'with\xa0annual fees ranging from ₹1.70 lakh for '
                           'pre-primary to Class 7, to ₹9.65 lakh for Classes '
                           '11 and 12...aankh pe aasu  aa gaya',
                   'score': 201},
                  {'author': 'azzip_pizza',
                   'body': 'So poor they slept in a single room and he saw '
                           'them doing deeds.',
                   'score': 63},
                  {'author': 'Timely-Condition-673',
                   'body': 'Ameer logo ki gareeb problems\xa0',
                   'score': 46},
                  {'author': 'minuspositivegay1234',
                   'body': 'Someday somewhere in the farthest corner of the '
                           'world a smallest violin is maybe playing for him',
                   'score': 44},
                  {'author': '[deleted]',
                   'body': 'He was in same class with janvi kapoor',
                   'score': 25},
                  {'author': '[deleted]',
                   'body': 'Why is this on Bollywood Shaadis even ? This is '
                           'neither bollywood, nor shaadi.',
                   'score': 19},
                  {'author': 'deviloper47',
                   'body': 'His rags to riches story is so emotional, '
                           'immersive, so inspirational and tear inducing',
                   'score': 17},
                  {'author': 'impossible__dude',
                   'body': 'I know. He is such a struggler. Started with the '
                           'struggle of watching parents have sex and took it '
                           "from there.. i dunno if there's a nobel for "
                           'struggling I nominate him this year.',
                   'score': 10},
                  {'author': 'BedEmbarrassed1238',
                   'body': 'Comedy?',
                   'score': 9},
                  {'author': 'NervousJackfruit8107',
                   'body': 'Because of that he had to repeat designer clothes.',
                   'score': 8}],
 'url': 'https://i.redd.it/hwp5cwme2khf1.jpeg'}
2025-12-29 16:38:48 [scrapy] DEBUG: Crawled (200) <GET https://www.reddit.com/r/SubredditDrama/comments/1n0h63j/multiple_indian_subreddits_discuss_a_recent_case/.json> (referer: https://www.reddit.com/search.json?q=shaadi.com&sort=relevance&limit=50)
2025-12-29 16:38:48 [scrapy] DEBUG: Scraped from <200 https://www.reddit.com/r/SubredditDrama/comments/1n0h63j/multiple_indian_subreddits_discuss_a_recent_case/.json>
{'author': 'fexiw',
 'body': 'Background: Yesterday news broke in India of a man who burned his '
         'wife alive because her family did not pay him as much dowry as he '
         "wanted. Dowry is a social practice of the groom's family taking "
         "money and gifts from the bride's family. Women getting murdered over "
         'insufficient dowry is very prevalent despite special laws being in '
         'place to ban it since the 1960s. \n'
         '\n'
         'Warning: many of these threads link to very graphic videos and '
         'images .\n'
         '\n'
         '\n'
         'News article and wiki on this: \n'
         ' '
         'https://www.hindustantimes.com/india-news/nikki-bhatis-suffering-murder-echo-what-crime-data-says-dowry-still-thriving-101756129911064.html\n'
         'https://en.m.wikipedia.org/wiki/Dowry_death\n'
         'https://en.m.wikipedia.org/wiki/Bride_burning\n'
         '\n'
         'Several Indian subreddits have had dramatic discussions on this. \n'
         '\n'
         'r/inindiannews is a subreddit for "fact based, respectful, and '
         'meaningful conversations around current events in India". Their '
         'thread on this case was locked by moderators for "extremely '
         'misandrist and misogynistic comments." Most of the drama is around '
         'this: \n'
         'https://old.reddit.com/r/inIndiannews/comments/1myr5zb/noidaa_woman_nikki_payla_was_beaten_burnt_alive\n'
         '\n'
         '&gt; he is a monster. please stay away from guys who joke about '
         'dowry and guys who think dowry is their birth right. SHAME ON HIM '
         'AND HIS ENTIRE FAMILY.\n'
         '&gt;&gt; (Deleted comment justified dowry) \n'
         '&gt;&gt;&gt;you girls get almost everything for free?? you will '
         'never understand the feeling of a daughter seeing her parents '
         'struggle to pay for dowry and “gifts”. and stop using alimony as a '
         'defense mechanism, not every guy is a saint and vice versa. would '
         'you like if you have to pay someone to marry you?\n'
         '&gt;&gt;&gt;&gt;U got too much feminine emotion and no logic \n'
         "&gt;&gt;&gt;&gt;When did i say ay1 is saint? 'Dowry' is merely "
         'defined as a counter weight to all the "freebies" a woman usually '
         'gets. No emotion , pure logic.\n'
         '&gt;&gt;&gt;&gt;&gt; Konse freebie? Bartan manjwana khana safai tere '
         'maa baap ki tatti tu saaf kr rha h? [Translation: What freebies? Are '
         'you cleaning your parents shit, cooking, cleaning and washing '
         'dishes?] \n'
         '&gt;&gt;If u r a boy , your life will sooner or later become '
         'miserable with that much feminine emotions and no logic. But idc , '
         "that's your problem. 'Dowry' is merely defined as a counter weight "
         "to all the 'freebies' she gets. Tata.\n"
         "&gt;&gt;&gt;ngga learnt the words 'feminine' 'emotion' and ran with "
         'it\n'
         'Thread: '
         'https://old.reddit.com/r/inIndiannews/comments/1myr5zb/noidaa_woman_nikki_payla_was_beaten_burnt_alive/\n'
         '\n'
         'On r/uttarpradesh (the sub for the Indian state in which this '
         'incident occurred) hundreds of comments have been deleted by mods '
         'but still some drama: \n'
         'https://old.reddit.com/r/uttarpradesh/comments/1myoeyw/noidaa_woman_nikki_payla_was_beaten_burnt_alive/\n'
         '&gt; Man looks like Hindu society will never evolve. Feels like we '
         'are going back in time not progressing with time.\n'
         "&gt;&gt;He's a drunkard it seems. And materialism has taken hold.And "
         "we don't know if he's a hindu frankly as a lot of people have hindu "
         "names only but don't practice the religion. Dowry harrasment is "
         'equally done by sikh jain\n'
         '&gt;&gt;&gt;🤡🤡🤡🤡\n'
         "&gt;&gt;&gt;&gt;What's wrong here ? If having a hindu name made one "
         'a hindu - Pappu would be one.(note: this refers to an opposition '
         'politician) \n'
         '\n'
         '&gt;Wtf bhai. Bc feministo sbb kaha mare pade hai iss news aur video '
         'par avaj uthao share kro halla machao na tumhari fir sun bhi lege ye '
         'mc ko dharti k bojh ko jinda gaad do sbh support krege. '
         '(Translation: WTF bro, bury this guy alive, everyone will support '
         'it, no point complaining and sharing videos like the feminists are '
         'doing) \n'
         '&gt;&gt;Mc feminists insaan hi hai. Feminists yahin par hai, tabhi '
         'baat spread ho rhi hai. Misogynists ko gold digger aur alimony se '
         'fursat hogi tabhi to ispe bhi kuch bolenge. (Translation: the '
         "feminists are human and the reason this is well known. We'll talk "
         'about alimony and gold digging when misogyny is under control) \n'
         '&gt;&gt;&gt;(Reply deleted) \n'
         '\n'
         '(Note: the following thread is about the Gujjar caste to which the '
         'married couple belonged. Translations in brackets) \n'
         '&gt;Chor gujjar bc saley (Gujjars are thieves sisterfuckers '
         'bastards)  \n'
         '&gt;Dude whatever you say but you have to agree"Your reputation '
         'precedes you" what others have heard about you—your character, '
         'skills, or accomplishments—has already formed their opinions and '
         'expectations. You say a word jaat and gujjar you will automatically '
         'know koi uneducated fukra hoga who will bring all his uneducated '
         'clan to bully or attack you. They never fight man to man always '
         'attack from behind and bringing all uneducated youth of their family '
         'to the fight.\n'
         '&gt;&gt;Many people in this nation have the same stereotypes for '
         "biharis and eastern upites, doesn't make it true.That said, the "
         'point here is that this is a gender problem and men like you shift '
         "goalposts whenever it's time to take responsibility. Women in this "
         'country suffer immensely and by playing the blame game, these issues '
         'are reduced to only a regional, religious and caste problem - not a '
         'gender one. Dowry is rampant everywhere, domestic violence '
         'everywhere. Atleast admit that work towards eradicating it.\n'
         '&gt;&gt;&gt;Dowry is definately a bigger problem but i guess you '
         "haven't seen how girls are married in gujjar and jaats. Men from "
         'both side sit together and chunks of money is given to boy before '
         'marriage and then he agrees to come for marriage, they only marry in '
         "caste and doesn't allow girls to marry outside thus carrying the "
         'sick tradition of exchanging money for generations. Once they know '
         'their girls can marry outside they will stop this practice. And yes '
         'stereotypes exist and they are made based on taking average of '
         'people of that caste, religion behave in public and they will '
         'continue.\n'
         '&gt;&gt;You statement applies to all Indian women from a foreign '
         'women’s perspective. It’s always the individual and never the whole '
         'gender, community, caste or anything else.\n'
         '&gt;&gt;Hanesha yeh jat gujar samj ke log hote , jaat bhar inhone '
         'कुछ kiya nahi apne ancestors ke upper ki identity leke ghumte hai , '
         "bas gawaro ke trah hartke karna hai inko (it's always people from "
         'the Jat/Gunnar community, living on their ancestors identity and '
         'behaving crass) \n'
         '\n'
         'On r/indiatodaylive, a subreddit to discuss news from the India '
         'Today media group, multiple comments removed by Reddit and also '
         'drama: '
         'https://old.reddit.com/r/IndiaTodayLIVE/comments/1myr2jk/greater_noida_vipin_bhati_accused_of_killing_his/\n'
         '\n'
         "&gt; The Woman's parents were dumbfukcs cant blame anyone "
         'else..Maybe parents should do a proper check before marrying their '
         'daughters to a random guy. Knowing the family was money hungry and '
         "demanded dowry before the marriage, How come the woman's parents "
         'agreed to get their daughter married to that house ?\n'
         "&gt;&gt;you're speaking the truth but people won't accept it. The "
         "victim's family too would ask for and accept dowry that's why they "
         'let their daughter become a victim. I have no sympathy for the '
         "victim's family only for the victim and her kid who witnessed his "
         'mom dying in front of his eyes. Now her family is crying her death '
         "but where were they when she was being abused before her death it's "
         'not possible they never knew about it.\n'
         "&gt;&gt;Ya her parents didn't do a background check. Such a massive "
         'mistake. And that gives him the right to burn her alive.\n'
         '&gt;&gt;full on victim blaming\n'
         "&gt;&gt;&gt;how is it victim blaming? the Victim's family is equally "
         'responsible for her death\n'
         '&gt;&gt;&gt;&gt;i am sorry you will start using this as like if '
         'rape/murder happens then why did she go outside at night. Similarly '
         'here\n'
         'yes they should have filed a case but\n'
         'how the fuck are we not JUST declaring literally murderers fully '
         'responsible\n'
         '&gt;&gt;&gt;&gt;&gt;pfft... no, I would never use the analogy you '
         "just mentioned. It's not the woman's fault she was given away by her "
         "parents like an object to another man's house, but it definitely is "
         'the her parents fault for giving away their daughter to family like '
         "his. Hope you understand this, I'm nowhere siding with the "
         'perpetrators but just pointing out how her family was not there for '
         "their daughter but are crying now that she's dead?? wtaf. It's like "
         'someone has met with an accident and everyone circles around the '
         'victim to throw pity and film the accident but no one calls the '
         'ambulance.\n'
         '&gt;&gt;Do you not know how common dowry and dowry deaths are in our '
         'country?\n'
         '&gt;&gt;&gt;Everything depends on Bride/Groom.it depends on what a '
         'woman or a man is able to bring on table, An independent woman will '
         'have a say in a marriage. A working woman can outright deny the '
         'demand of dowry, Moreover dowry is usually given when the family '
         'wants their daughter to get married in a family that is way above '
         'them in Socio Eco status.\n'
         '&gt;&gt;&gt;Dowry is a fcking crime\n'
         '\n'
         'On r/bollywoodshadis, a sub to discuss Indian weddings, a thread '
         'gets spicy over who is more to blame: the victims family or the '
         'murderer \n'
         'https://old.reddit.com/r/BollywoodShaadis/comments/1mzud08/nikki_bhati_murder_public_outrage_as_netizens/\n'
         '&gt; So, why the father? Because no one is able punish the husband '
         'and the in-laws? Can we focus on the culprits first, then the '
         '"accomplices"?\n'
         '&gt;&gt;Every other day in such cases the parents are howling and '
         'crying saying their daughter was struggling for yearssss, she was '
         'bearing so much torture and what not, but what did they do to stop '
         'it? Did they help their daughter? Did they file a complaint? Did '
         'they do anything for years no, they risked her life, these kind of '
         'parents are equally guilty.\n'
         "&gt;&gt;&gt;Agreed.. Moreover don't forget dulha bhi wahi laye "
         "honge. (Don't forget they picked the groom) \n"
         '&gt;&gt;&gt;&gt;yeah but who could tell this would happen when '
         'choosing the guy.\n'
         '\n'
         '&gt;Why do the dad always kills the daughter in their culture?\n'
         '&gt;&gt;May be the son was aborted before he could be born to '
         'protect his sister. Such misandry even in mothers.\n'
         '&gt;&gt;&gt;link some studies about millions of male babies getting '
         'aborted and left on roads after birth just because of their gender.\n'
         "&gt;&gt;&gt;&gt;And don't even think about searching cases on women "
         'setting fire on her husband because a boy child was born /s\n'
         '&gt;&gt;&gt;&gt;I wish you had a brother. You would understand. '
         'Yapping is useless here.\n'
         '\n'
         'On r/indiansofindia, the efficacy of therapy in dealing with such '
         'cases is controversial as is the question of alimony \n'
         'https://old.reddit.com/r/IndiansofIndia/comments/1mys2gv/in_a_shocking_case_of_dowry_violence_26yearold/\n'
         '\n'
         '&gt; Now these kids will have to live with the trauma. Sick\n'
         '&gt;&gt;Therapy! Therapy! Therapy! Therapy! These things help\n'
         '&gt;&gt;&gt;Nothing helps watching your loves being set on fire.\n'
         '&gt;&gt;&gt;Stfu\n'
         '&gt;&gt;&gt;Lol paying someone to assure you 😂😉😂 oh my god!!!! Oh my '
         'god omg oh my god please keep Ur jokes to yourself omg \n'
         '&gt;&gt;&gt;&gt;So if your doctor does a body check is it ok even '
         'they are just assuring you\n'
         '&gt;&gt;&gt;&gt;PTSD is real. Cops, military, firemen, ER doctors '
         'and many people witness horrific things. In a lot of countries there '
         'is a huge emphasis on seeking mental health counseling.If You had a '
         'cold, you’d see a doctor. After trauma like this, you have to seek '
         'mental health counseling. Therapy not what they show on TV.\n'
         '&gt;&gt;&gt;&gt;&gt;Waste of time\n'
         '\n'
         '&gt;To all the men who keeps crying about alimony in every other '
         'video. First stop giving and taking dowry and lakhs of murders '
         'because of it.\n'
         '&gt;&gt;Can you also ask the women and their parents to stop giving '
         'dowry?both parties are involved in this nonsense\n'
         "&gt;&gt;&gt;don't understand why in the first place women marry "
         'these men ? Dont you see the problem . Women are choosing their own '
         'grave\n'
         '&gt;&gt;&gt;&gt;Women dont have any say(same goes for man). In '
         'arrange marriages it is all decided between parents\n'
         '&gt;&gt;&gt;&gt;Working at home is better than getting limbs chopped '
         'off while working in factories. Only clowns sitting in AC rooms and '
         'travelling in cars think doing jobs is some easy task. Majority '
         "Indian population can't do complicated task coz they lack education "
         "and it's gender agnostic issue.\n"
         "&gt;&gt;Hardly any men take dowry these days. Girls don't even marry "
         "guys who earn meagre amounts like 30-40 k and you think they're "
         'getting dowry🤭.\n'
         '&gt;&gt;&gt;You are surely living in delusional world.\n'
         '\n'
         '&gt;What a sad day to be alive. Men (I am one) should have '
         'self-respect and not ask for Dowry\n'
         '&gt;&gt;Women never feel guilty whole taking alimony \n'
         '&gt;&gt;&gt;Alimony is a different thing.I am against alimony in '
         'most cases as well\n'
         '&gt;&gt;&gt;&gt;Dowry is also different thing sometimes I am against '
         'that\n'
         '\n'
         '&gt;with all the laws on their side, how do women marry such men and '
         'tolerate all the abuse?her family had already given some dowry '
         'before.  Meanwhile bitchass women misuse those same laws. what more '
         "can we do as a society? We can't destroy these monsters if women are "
         'ready to give dowry and tolerate abuse and torture. PS: no, I am not '
         'defending those beasts, I want such women to use these laws '
         "meaningfully.  otherwise what's the use of dowry n harassment "
         'laws? \n'
         '\n'
         'In a thread on r/Southdelhi, a discussion on the caste of the '
         'husband \n'
         'https://old.reddit.com/r/southdelhi/comments/1mystc6/whats_happening_in_noida/\n'
         '\n'
         '&gt;&gt;Shakal se pata chal jaata hai inki (you know them by their '
         'faces)\n'
         '&gt;&gt;redditque mein aata puri caste ke khilaaf hate failana '
         "(comply with reddiquette and don't blame the whole caste) \n"
         '&gt;&gt;&gt;Galat toh keh nhi raha hai sab bhai (is he wrong)\n'
         '\n'
         "&gt;ve come across many gujjars (name of the caste) in my uni, I've "
         'lived in a city which has a lot of gujjars which are living their '
         'for eternity, not some of them but most of them live under a rock, '
         "can't you see the way he's reacting to the media after all these "
         "videos of her wife are viral? I've seen them fighting, lynching, "
         "ragging outsiders, let's just forget about this the crime rates "
         'involving gujjars in noida and gr Noida? Bmw mien baith ke dakaiti '
         "karte hai yeh , perfect example of money can't bring class\n"
         '\n'
         '&gt;Sooo ur justifying casteism just because you know some bad '
         'people? This broad generalization is the root cause between communal '
         'hate\n'
         '&gt;&gt;no, not some but all of them mah baby boi and many agree '
         "with me, it's generalised because of some reason, the same reason we "
         "indians get generalised outside and I think that's fair that what we "
         "deserve, the ideal thing you want, doesn't happen everytime.\n"
         '&gt;&gt;&gt;Soo ur just casteism AND racism against Indians by '
         'genralizing people based on your own personal experiences How are '
         'you winning this debate again?\n'
         '&gt;&gt;&gt;&gt;Although I agree with your points, calling out bad '
         'behaviour is the first step in solving it. Generalising is wrong but '
         'when they are teaching the younger generation their flawed ways '
         'don’t you think pointing fingers will help in solving this issue?\n'
         '\n'
         '&gt;Casteism✨\n'
         '&gt;&gt;stereotyping, Which I agree with.\n'
         '\n'
         '&gt;before social media these news used to be in hindi newspaper in '
         'a side corner on daily basis. there is no difference between '
         'taaliban and gujjar males. major credits to gujjar mothers who '
         "aren't capable of raising sane humans its the DNA error.\n"
         '&gt;&gt;Mothers kaha se aagyi bhai usne apni maa ko apne baap se '
         'pittate dekha hoga woh nhi bologe (why bring mothers into it, he '
         'probably saw his father beating his mother, what would she do) \n'
         '\n'
         'A thread on r/unitedjatfront, a caste-based subreddit on being '
         'targeted after the news came out (the husband belongs to this caste) '
         'https://old.reddit.com/r/UNITEDJATFRONT/comments/1mzop9c/jats_getting_targeted_for_no_reason_in_the_recent/\n'
         '\n'
         'On r/arrangedmarriage, a PSA about not accepting dowry demands gets '
         'controversial \n'
         'https://old.reddit.com/r/Arrangedmarriage/comments/1mzh2qe/psa_dont_tolerate_dowry_demands_any_hints_of/\n'
         '\n'
         "&gt; As if AM couldn't get any more transactional, paying/receiving "
         'dowry takes it to a whole new level. Embarrassing for all those '
         "involved in this exchange but of course it's defended as "
         '"traditional" and "our culture".\n'
         '&gt;&gt;So is alimony \n'
         '\n'
         '&gt;think many women are now putting their foot down at first sign '
         'of abuse, misbehaviour, etc, from men or their families. Hence the '
         'male loneliness epidemic.\n'
         '\n'
         "&gt;Unpopular opinion but woman's family are greedy thinking they "
         'can grab a better marriage deal by paying the groom. iknow a '
         'relative who rejected all grooms working in private companies but is '
         'willing to pay dowry to a goverment job employee. Sorry but it is '
         'hard to empathize with greedy criminals. Since giving and taking '
         'dowry is illegal, I see both the giver and taker as criminal. The '
         'laws states is clear and loud. This woman and her family and the man '
         'and his family are criminals.\n'
         "&gt;&gt;Yes, but it's distasteful to make such comments in context "
         'of a dead woman who was abused and burnt alive. There are millions '
         'of cases like this. Of course, boomer mentality is a huge issue, '
         'giving dowry is illegal as is taking, rotten older generations have '
         'all sorts of face-saving techniques and biases and would rather save '
         "themselves from stranger's taunts than their daughter's well-being. "
         'The mother in law who was evidently hitting her and helped kill her '
         'is decidedly worse than her own parents.\n'
         '&gt;&gt;&gt;Her family is criminal too, if she agreed to giving '
         'dowry she is criminal too. There are plenty of men willing to marry '
         "without dowry but most probably the guy's family was rich and they "
         'thought they could shoot up using dowry.\n'
         '&gt;&gt; kind of funny to call the people giving the money greedy '
         'but forget about the people taking the money lol\n'
         '&gt;&gt;&gt;Depends if I give money x to get a deal of 10x then that '
         'is greed too.\n'
         '&gt;&gt; Why is this downvoted \n'
         '&gt;&gt;&gt; Truth hurts \n'
         '\n'
         'On r/askindia "not all men" as a response to this news attracts '
         'controversy \n'
         'https://old.reddit.com/r/AskIndia/comments/1my4fjt/a_woman_in_noida_was_just_burnt_alive_by_her/\n'
         '\n'
         '&gt;Not Indian society and men but some men, families and some in '
         'society. Some would do all they can for their love and family plus '
         'country.Never generalise: evil / devil/ anti christ / rakshsas '
         'exists 100% but so do angels, God and good people.\n'
         '&gt;&gt;in how many countries are women burnt alive over dowry?\n'
         '&gt;&gt;&gt;In how many countries are women raped and sold into '
         "trafficking / spiked? Let's not act sacrosanct please. India has lot "
         'of faults but so do other countries. Is everything perfect with '
         "women in other countries? That's what you are saying. Serious crime "
         'is everywhere and yes India has problems but so do Muslim counties '
         'and West, Africa, etc.\n'
         '&gt;&gt;&gt;&gt;is the said discussion about trafficking or rape? If '
         'not, your attempt at misdirecting the issue just shows even you have '
         "no defence for it. There's an ENORMOUS line between burning women "
         'alive and everything perfect. \n'
         '&gt;&gt;&gt;&gt;&gt;Serious Crime is a crime. And why would I defend '
         'criminals. Burning people alive deserves capital punishment or life '
         'in jail forever. Hope he and his family who did this rots in hell. '
         'Why would I defend criminals. You seem to have an agenda. You '
         'labelled a country and society overall then we need to discuss '
         'statistics overall not for a single crime. If you need to decide '
         "about single crime then don't label a society or country. Please "
         'decide. But yes we do have serious problems in society that I '
         'agree.\n'
         '&gt;&gt;&gt;&gt;&gt;&gt;Asking. Do you hate problems in Hindus only '
         'or have problems with other religions too? Can you criticise '
         'practices in other religions and countries too? Asking so I can '
         'decide how we can debate.\n'
         '&gt;&gt;&gt;&gt;&gt;&gt;&gt;Ill criticise other religions when the '
         'post is about other religions. Do you complain about muslims in '
         'hindu posts and about hindus in muslim posts\n',
 'created_utc': 1756200480.0,
 'keyword': 'shaadi.com',
 'num_comments': 463,
 'permalink': 'https://reddit.com/r/SubredditDrama/comments/1n0h63j/multiple_indian_subreddits_discuss_a_recent_case/',
 'post_type': 'google_ranked',
 'score': 1244,
 'subreddit': 'SubredditDrama',
 'title': 'Multiple Indian subreddits discuss a recent case of a man murdering '
          'his wife over money: locked threads, "bitchass women", deleted '
          'comments, mods crying misandry',
 'top_comments': [{'author': 'changhyun',
                   'body': 'I went to read a bit more about this case because '
                           "it was bothering me I didn't know the victim's "
                           'name.\n'
                           '\n'
                           'She was called Nikki and she was only 18 when she '
                           'married this man, who at the time was unemployed '
                           '(which makes the claims she was a gold digger '
                           'pretty laughable). He was apparently physically '
                           'abusive to her throughout the entire marriage. She '
                           'loved makeup and fashion and enjoyed posting '
                           'videos where she did makeup. She was only 26 when '
                           'he murdered her.',
                   'score': 1284},
                  {'author': 'Lower_Director_5842',
                   'body': 'This is why I have muted almost all Indian '
                           'subreddits. A majority of them are toxic cesspools '
                           'of the men acting like they are the biggest '
                           'victims in Indian society while crying about '
                           'misandry and alimony. I desparately wish these '
                           'people would stay away from women with the '
                           'mindsets they have but with the arranged marriage '
                           'scene, I have no hopes for that. \n'
                           '\n'
                           "I can't put it in words how dangerous the country "
                           'is for us women. Nobody is surprised by the '
                           'rampant femicide, only a few of such cases '
                           'actually reach mainstream news. RIP to the poor '
                           'woman.',
                   'score': 887},
                  {'author': 'Lower-Canary-2528',
                   'body': 'For context, India has a divorce rate of less than '
                           '1%. so every time remember when these mofos '
                           "complain about alimony, it's about this tiny per "
                           'cent. And besides, within the Indian legal system, '
                           'despite several provisions for women, alimony '
                           "isn't gender-specific. And compare it with dowry "
                           'deaths, - A woman gets killed every 80 minutes in '
                           'India over dowry, and this is an under reported '
                           'stat. The Indian MRA movement still has these '
                           'issues at its locus. Some of the biggest voices in '
                           'the community have already voiced out support for '
                           'the guy who literally burned his wife in front of '
                           'their son. if u thought the redpillers are the '
                           "worst, you haven't seen the Indian MRA's.",
                   'score': 516},
                  {'author': 'muzzmuzzsupreme',
                   'body': '‘Women getting murdered over insufficient dowry is '
                           'very prevalent despite special laws being in place '
                           'to ban it since the 1960s.‘\n'
                           '\n'
                           'I read this as ‘it’s now illegal to murder your '
                           'wife over insufficient dowry’ as opposed to ‘it is '
                           'now illegal to to pay a dowry’ for a moment and '
                           'got really depressed. \xa0I mean, it still is '
                           'supremely depressing, from the murder itself (why '
                           'is immolation chosen so often? What a horrible way '
                           'to die) to the reaction of ‘she asked for it’',
                   'score': 414},
                  {'author': 'alette_star',
                   'body': 'OP this is very well formatted, good job, but i '
                           'had to quit reading halfway through because i '
                           'started feeling sick',
                   'score': 413},
                  {'author': 'DingoOk8624',
                   'body': 'The massive cultural shift of online spaces as '
                           'more indian men come online is going to be like '
                           'gasoline on the fires of the gender wars. Normal '
                           "men don't talk like this, and misogynistic "
                           "societies don't create normal men.",
                   'score': 250},
                  {'author': 'ReformedBaptistina',
                   'body': '*Why the fuck are there so many subreddits??*',
                   'score': 136},
                  {'author': '[deleted]', 'body': '[deleted]', 'score': 134},
                  {'author': 'OpportunityGlad4706',
                   'body': "Sorry, call me ignorant, but I don't for a second "
                           'believe there are mass abortions of male babies '
                           'happening in India of all places. Are they doing '
                           'it in China too? Cmon now',
                   'score': 124},
                  {'author': 'livejamie',
                   'body': 'She was killed over ₹36 lakh ($43k USD)\n'
                           '\n'
                           'Getting married over there sounds like buying a '
                           'house. Put in your best offer.\n'
                           '\n'
                           '&gt; And here I was rejected by two families for '
                           'not asking any dowry. Their thinking was, an NRI '
                           'who earns so well abroad is not asking for any '
                           'dowry, there must be something wrong with him.\n'
                           '\n'
                           '&gt; I am not assuming this. They did ask about '
                           'dowry a couple of times, when my family said no '
                           'such demands, they said they need time to think '
                           'and rejected us two days later.\n'
                           '\n'
                           'They made all this illegal back in the 1960s.\n'
                           '\n'
                           'There are even calculators for it online, see how '
                           "much you're worth in India:\n"
                           '\n'
                           'https://india-dowry-calculator.vercel.app/\n'
                           '\n'
                           'https://dowry-calculator-dun.vercel.app/',
                   'score': 107}],
 'url': 'https://old.reddit.com/r/inIndiannews/comments/1myr5zb/noidaa_woman_nikki_payla_was_beaten_burnt_alive'}
2025-12-29 16:38:50 [scrapy] DEBUG: Crawled (200) <GET https://www.reddit.com/r/BollywoodShaadis/comments/1midxet/who_is_urvashi_who_questioned_shah_rukh_khans/.json> (referer: https://www.reddit.com/search.json?q=shaadi.com&sort=relevance&limit=50)
2025-12-29 16:38:50 [scrapy] DEBUG: Scraped from <200 https://www.reddit.com/r/BollywoodShaadis/comments/1midxet/who_is_urvashi_who_questioned_shah_rukh_khans/.json>
{'author': 'itsmenandini',
 'body': None,
 'created_utc': 1754411445.0,
 'keyword': 'shaadi.com',
 'num_comments': 354,
 'permalink': 'https://reddit.com/r/BollywoodShaadis/comments/1midxet/who_is_urvashi_who_questioned_shah_rukh_khans/',
 'post_type': 'google_ranked',
 'score': 1968,
 'subreddit': 'BollywoodShaadis',
 'title': "Who is Urvashi? who questioned Shah Rukh Khan's national award",
 'top_comments': [{'author': '143AamAadmi',
                   'body': 'SRK needs to calm his insecurities down. First the '
                           'met gala and now this. He is truely coming across '
                           'as a wannabe now.',
                   'score': 114},
                  {'author': 'sachclg',
                   'body': 'Only this lady has courage to ask right question . '
                           'This shitty jurry, all sold out . How can they '
                           'support an actor who support pak actors even when '
                           'india was banning all pak actors . Shitty ppl',
                   'score': 69},
                  {'author': 'Appropriate_Page_824',
                   'body': 'She has won the national award twice, and the '
                           'Kerala state award a record 6 times, plus the '
                           'Tamil Nadu state award twice. She is not a nobody, '
                           'like some in the comments would like to believe. I '
                           'am sure SRK knows and respects her.',
                   'score': 58},
                  {'author': 'MadHouseNetwork2_1',
                   'body': "If you dunno urvashi it's your loss because you "
                           'are confined to only watching Hindi movies. \n'
                           '\n'
                           "Urvashi is a versatile and talented actress who's "
                           'working in the the industry for 4 decades now. '
                           "She's very well known in south across all 4 "
                           'industries.',
                   'score': 49},
                  {'author': 'Yesboi227',
                   'body': 'She is wayy more talented than anyone in north and '
                           'more talented than srk so don’t you dare '
                           'disrespect her',
                   'score': 41},
                  {'author': 'Rajkumardg5',
                   'body': 'Leave her, that award was not logical to anyone..',
                   'score': 25},
                  {'author': 'retyfraser',
                   'body': 'Talent or not.\n'
                           '\n'
                           "Honestly Jawan doesn't deserve any kind of award "
                           '!\n'
                           '\n'
                           'SRK has actually shown some terrific acting in '
                           'multiple other movies, My name, FAN, Swades... '
                           'cmon, not fucking Jawan... that was a brain rot of '
                           'a shit',
                   'score': 23},
                  {'author': 'Educational_Low_6150',
                   'body': 'Chaprification of national awards already started',
                   'score': 19},
                  {'author': 'Cheap-Inside5040',
                   'body': 'I did not know national awards was for popularity '
                           'and bot acting . Urvashi is a great actor and she '
                           'can eat many srks for her meal . Just coz you '
                           "don't know about her because of your ignorance and "
                           "because you never watched malayalm movies doesn't "
                           'mean srk is better than her. National awards are '
                           "for good acting and your srk doesn't deserve it "
                           'for jawan .',
                   'score': 13},
                  {'author': 'DiligentCockroach4u',
                   'body': 'I do not know Urvashi but I do know that SRK did '
                           'good in Jawan but not National award good. Wtf is '
                           'that even ? Jawan was an out and out commercial '
                           'movie, where is the scope of national award in '
                           'there ?',
                   'score': 13}],
 'url': 'https://i.redd.it/dhou34ty98hf1.jpeg'}
2025-12-29 16:38:52 [scrapy] DEBUG: Crawled (200) <GET https://www.reddit.com/r/BollywoodShaadis/comments/1mcax5n/disha_patanis_sister_khushboo_patani_slams/.json> (referer: https://www.reddit.com/search.json?q=shaadi.com&sort=relevance&limit=50)
2025-12-29 16:38:52 [scrapy] DEBUG: Scraped from <200 https://www.reddit.com/r/BollywoodShaadis/comments/1mcax5n/disha_patanis_sister_khushboo_patani_slams/.json>
{'author': 'itsmenandini',
 'body': None,
 'created_utc': 1753794341.0,
 'keyword': 'shaadi.com',
 'num_comments': 436,
 'permalink': 'https://reddit.com/r/BollywoodShaadis/comments/1mcax5n/disha_patanis_sister_khushboo_patani_slams/',
 'post_type': 'google_ranked',
 'score': 2055,
 'subreddit': 'BollywoodShaadis',
 'title': "Disha Patani's sister, Khushboo Patani slams Aniruddhacharya "
          'Maharaj for a questionable remark on girls choosing to live in',
 'top_comments': [{'author': 'humptheedumpthy',
                   'body': 'These fake swamis are a blot on Indian society. '
                           'They are spiritual only in name and only a matter '
                           'of time before they are caught in a money or sex '
                           'scandal. Unfortunately the vast populace of India '
                           'is too gullible to understand that.\xa0',
                   'score': 157},
                  {'author': 'Ok_Psychology_3292',
                   'body': 'Anyone who’s defending the swami in the comments '
                           'is blind. How the fuck can you not see or '
                           'understand that this bullshit swami is an '
                           'uneducated fucker who just runs his mouth an '
                           'degrades women? I wish the morons supporting him '
                           'and bashing the women gets some sense knocked into '
                           'them. Stop encouraging these fake swamis!!',
                   'score': 84},
                  {'author': '[deleted]',
                   'body': 'How the actual FUCK are men defending this vile '
                           'pos? I could list down the horrible things he has '
                           'said including in this video where he advocated '
                           'men marry much much much younger girls and called '
                           'women in mid 20s deranged words as if the men are '
                           'doodh ke dhule? Kiske saath muh maar rehi hai, '
                           'akele? \n'
                           '\n'
                           'He also told an elderly lady complaining about '
                           'physical violence by the husband "20 saal aur seh '
                           'lo, 20 saal seh liya hai to bache hue 20 saal aur '
                           'seh lo, shaadi kyu chhodni hai?" (tolerate it 20 '
                           "years more, you're getting old anyways, why "
                           'divorce?) \n'
                           '\n'
                           'Harami baba 🤢🤢',
                   'score': 46},
                  {'author': 'writehire',
                   'body': 'He gets a pass because he runs an old age '
                           'orphanage. But even as an atheist i can tell hes '
                           'no true guru. A real guru knows not everybody has '
                           'to marry, never seen him encourage the path of a '
                           'spiritual celibate. He forces marriage upon every '
                           'girl. Not everybody needs to procreate, or have a '
                           'family life. How much time does he spend on '
                           'imparting actual wisdom from mahabharta etc,?',
                   'score': 23},
                  {'author': 'Infamous-Frame8335',
                   'body': 'Respect++',
                   'score': 13},
                  {'author': 'Impressive_Shine_156',
                   'body': 'Are girls kidnapping boys and forcing to live-in '
                           "with them? Why didn't he say anything regarding "
                           'boys? Only women are responsible for culture and '
                           'value?',
                   'score': 7},
                  {'author': 'Ok_Percentage2190',
                   'body': 'What super power does he entail? And who is he to '
                           'give moral coding lectures? How people in India is '
                           'still so freaking dumb and stupid with beliefs '
                           'more than 2000 year old. 🙄😑😒',
                   'score': 6},
                  {'author': 'GALAXY_12321',
                   'body': 'That baba is a shitty man.',
                   'score': 5},
                  {'author': 'Dramatic_Jeweler2696',
                   'body': "Religion comes from patriarchy, so I'm not "
                           'particularly surprised that a male guru thinks he '
                           'can pass casual misogynistic remarks. He also '
                           'thinks women should be policed, or maybe women '
                           'below a certain age are "innocent" prey for '
                           'patriarchal predators.',
                   'score': 5},
                  {'author': 'GALAXY_12321',
                   'body': 'That Baba is a shitty man. And if you’re following '
                           'such Babas in 2025, I don’t know who’s shittier, '
                           'him or you.',
                   'score': 5}],
 'url': 'https://i.redd.it/axy2cn00btff1.jpeg'}
2025-12-29 16:38:55 [scrapy] DEBUG: Crawled (200) <GET https://www.reddit.com/r/indiasocial/comments/1hgschr/my_shaadicom_experiment/.json> (referer: https://www.reddit.com/search.json?q=shaadi.com&sort=relevance&limit=50)
2025-12-29 16:38:55 [scrapy] DEBUG: Scraped from <200 https://www.reddit.com/r/indiasocial/comments/1hgschr/my_shaadicom_experiment/.json>
{'author': 'spewmash',
 'body': 'So basically I was getting no good matches 😐...\n'
         '\n'
         "I'm an average looking guy as well.\n"
         '\n'
         'But I thought it could be because of my salary as well.\n'
         '\n'
         'So I experimented... I increased it to 3x of what i earn.\n'
         '\n'
         "Well, well I'm suddenly getting accepted and even recieving "
         'requests.\n'
         '\n'
         "Obviously I won't be fooling around with any woman. I'll be honest "
         'and upfront before initiating any conversation on marriage.\n'
         '\n'
         "But just wanted to share this. It's the way the society is today. I "
         'guess we just have to adapt.',
 'created_utc': 1734491415.0,
 'keyword': 'shaadi.com',
 'num_comments': 291,
 'permalink': 'https://reddit.com/r/indiasocial/comments/1hgschr/my_shaadicom_experiment/',
 'post_type': 'google_ranked',
 'score': 1438,
 'subreddit': 'indiasocial',
 'title': 'My Shaadi.com Experiment',
 'top_comments': [{'author': '[deleted]', 'body': '[deleted]', 'score': 883},
                  {'author': 'sabudana-vada',
                   'body': "So what's the cutoff?",
                   'score': 443},
                  {'author': 'RRind',
                   'body': 'Coming Soon - Salary - Require verification. \n'
                           '\n'
                           'Required documents \n'
                           '- Past 3 month payslips\n'
                           '- ITR 3 Years\n'
                           '- Salary Certificate (stamped and signed by HR)\n'
                           '- Past 6 month Bank Statement (stamped and signed '
                           'by bank)',
                   'score': 221},
                  {'author': 'Ramdulari_ka_hubby',
                   'body': '"I am a avg looking guy"\n'
                           '\n'
                           'Thats on us to decide bhai, drop your photos',
                   'score': 170},
                  {'author': '[deleted]',
                   'body': 'For marriages especially arrange marriages\n'
                           '\n'
                           '\n'
                           'You will get more offers to marry if you are a '
                           'beautiful women.\n'
                           '\n'
                           'You will get more offers to marry if you are a '
                           'financially well to do man.\n'
                           '\n'
                           '\n'
                           "Just a truth.Bitter or sweet.Accept and don't take "
                           'anything personally or to heart.',
                   'score': 160},
                  {'author': 'life-is-crisis',
                   'body': 'I also experimented last night. \n'
                           '\n'
                           'It was dark, i switched on the light bulb and it '
                           'suddenly became bright. \n'
                           '\n'
                           'How magnificent',
                   'score': 145},
                  {'author': '[deleted]',
                   'body': 'Paisa bolta hai bhai... \n'
                           'Paisa hai toh looks kya hi h phir 😂😂',
                   'score': 52},
                  {'author': 'sassasmebas', 'body': 'x = ?', 'score': 46},
                  {'author': 'confidenttrader1',
                   'body': 'I did this experiment and that cleared my doubts. '
                           'Imagine yourself as a girl. You have to leave your '
                           'home (where you have been comfortable for years '
                           "with your parents) and relocate to a guy's home "
                           "who you don't know yet (as in your case). You open "
                           'a matrimonial app and start swiping. What are the '
                           'most basic things you might be attracted to?? \n'
                           '\n'
                           'Most probably either looks or money. An average '
                           'looking guy with a lot of money will be a better '
                           'choice in your mind than a good looking guy with '
                           'less money because you have to leave your home and '
                           'relocate. Obviously, you would want that at least '
                           "you don't have the 'money' problem post that "
                           'because adjusting with a totally new family in a '
                           'totally new home is already a huge huge headache. '
                           'Or you would want a very good looking partner so '
                           'that you feel good about yourself. This is a '
                           'reality which we have to accept. So, we as men '
                           'obviously have to work on both our looks and money '
                           'to get the best.',
                   'score': 41},
                  {'author': 'Eikichi_Onizuka09',
                   'body': 'Good looking hone ka kuch to faida hai. ab tak 3-4 '
                           'rishte aye hai mere liye aur maine reject kardiye. '
                           'Hehehehe \n'
                           '\n'
                           'Ps: mai ladka hu.',
                   'score': 17}],
 'url': 'https://www.reddit.com/r/indiasocial/comments/1hgschr/my_shaadicom_experiment/'}
2025-12-29 16:38:57 [scrapy] DEBUG: Crawled (200) <GET https://www.reddit.com/search.json?q=shaadi.com&sort=relevance&limit=50&after=t3_1mhlp96> (referer: https://www.reddit.com/search.json?q=shaadi.com&sort=relevance&limit=50)
2025-12-29 16:38:59 [scrapy] DEBUG: Crawled (200) <GET https://www.reddit.com/r/BollywoodShaadis/comments/1dtgvjf/anant_ambani_flaunted_a_rare_richard_mille_watch/.json> (referer: https://www.reddit.com/search.json?q=shaadi.com&sort=relevance&limit=50)
2025-12-29 16:39:00 [scrapy] DEBUG: Scraped from <200 https://www.reddit.com/r/BollywoodShaadis/comments/1dtgvjf/anant_ambani_flaunted_a_rare_richard_mille_watch/.json>
{'author': 'itsmenandini',
 'body': None,
 'created_utc': 1719909130.0,
 'keyword': 'shaadi.com',
 'num_comments': 415,
 'permalink': 'https://reddit.com/r/BollywoodShaadis/comments/1dtgvjf/anant_ambani_flaunted_a_rare_richard_mille_watch/',
 'post_type': 'google_ranked',
 'score': 1203,
 'subreddit': 'BollywoodShaadis',
 'title': 'Anant Ambani flaunted a rare Richard Mille watch worth Rs. 6.9 '
          'crores at a havan puja event',
 'top_comments': [{'author': '[deleted]', 'body': '[removed]', 'score': 5},
                  {'author': 'MainCharacter007',
                   'body': 'Looks like one of those cheap watches you buy from '
                           'a stall from a carnival.',
                   'score': 5},
                  {'author': '[deleted]',
                   'body': 'looks to be as like the one which we get from some '
                           'fest .',
                   'score': 2},
                  {'author': '[deleted]', 'body': '[deleted]', 'score': 2},
                  {'author': 'BonusDapper5794',
                   'body': 'Bs itna Ameer bnna haii bhagwaannn',
                   'score': 2},
                  {'author': 'nikhilsupertramp',
                   'body': 'https://preview.redd.it/q43uzd0e44ad1.png?width=853&amp;format=png&amp;auto=webp&amp;s=309b5befd1dd3b25887186aaf99656c94856b809\n'
                           '\n'
                           "for all that think it's ugly. heres what it looks "
                           'like.   \n'
                           '\n'
                           '\n'
                           "&gt;!Yes, it's ugly!&lt;",
                   'score': 2},
                  {'author': 'Saizou1991',
                   'body': 'dur se to casio gshock lag raha',
                   'score': 2},
                  {'author': 'AideRight1351',
                   'body': 'all people living under 10 lac income per annum in '
                           'a 2bhk flat, are commenting about the beauty of a '
                           '7cr watch. Lol funny.',
                   'score': 2},
                  {'author': 'Glass_Salad_404',
                   'body': 'So basically 0.02% of his net worth. So '
                           'proportionally, I should get a watch worth '
                           'Rs.100/-',
                   'score': 2},
                  {'author': 'Jacobjef',
                   'body': "90 percent of the comments here don't know jack "
                           'shit about watches.',
                   'score': 2}],
 'url': 'https://i.redd.it/old304avg2ad1.png'}
2025-12-29 16:39:03 [scrapy] DEBUG: Crawled (200) <GET https://www.reddit.com/r/BollywoodShaadis/comments/1hxbdxz/netizens_upset_with_atul_subhashs_mother_being/.json> (referer: https://www.reddit.com/search.json?q=shaadi.com&sort=relevance&limit=50)
2025-12-29 16:39:03 [scrapy] DEBUG: Scraped from <200 https://www.reddit.com/r/BollywoodShaadis/comments/1hxbdxz/netizens_upset_with_atul_subhashs_mother_being/.json>
{'author': 'itsmenandini',
 'body': None,
 'created_utc': 1736424521.0,
 'keyword': 'shaadi.com',
 'num_comments': 358,
 'permalink': 'https://reddit.com/r/BollywoodShaadis/comments/1hxbdxz/netizens_upset_with_atul_subhashs_mother_being/',
 'post_type': 'google_ranked',
 'score': 1014,
 'subreddit': 'BollywoodShaadis',
 'title': "Netizens upset with Atul Subhash's mother being denied his son's "
          'custody',
 'top_comments': [{'author': 'Weekly-Category6871',
                   'body': 'Yeah this is the guy who wrote he will sacrifice '
                           'his son for his father \n'
                           '\n'
                           'Also learn how law works. To apply for custody '
                           "there's a seperate procedure.\n"
                           '\n'
                           'SC has told his mother to follow that procedure.\n'
                           '\n'
                           "Law also doesn't allow a family member to have a "
                           'custody of a child whom that child has never seen '
                           'when a close relative whom the child knows is '
                           'still living',
                   'score': 76},
                  {'author': 'MousseWorking',
                   'body': 'You can’t just be magically granted custody. You '
                           'need to apply for it and then deemed fit to raise '
                           'the child - financially, emotionally, '
                           'physically. \n'
                           '\n'
                           'The courts work on rationale and logic. Not pity. '
                           'They need to do right by the child.',
                   'score': 54},
                  {'author': 'Fit_Ad_3129',
                   'body': "Sab gadhe hai kya , they can't just give the "
                           'Custody to grandparents when the mother is alive',
                   'score': 42},
                  {'author': 'Constant-Sink-7220',
                   'body': 'And they are absolutely correct. While the '
                           'majority has not even bothered to read the whole '
                           'letter, SC can not simply work on media trials. I '
                           'suggest you all to once read his letter and the '
                           'type of views Atul Subhash carried.',
                   'score': 31},
                  {'author': '[deleted]',
                   'body': 'Both family are insane. Even he wrote so bad words '
                           'about his son.',
                   'score': 24},
                  {'author': 'fakehacker2497',
                   'body': "To all people who rant about the women's deed, "
                           'just because husband committed suicide due to '
                           "domestic affairs, doesn't disclaim the parental "
                           'right of the wife. The kid, at any circumstances '
                           'was with the mother for long time. So court '
                           'evaluated the personal relation of the kid with '
                           "both parties and found that grandparents doesn't "
                           'have enough relation with kid to get the '
                           'custody. \n'
                           "Just remember, court doesn't work based on public "
                           'opinion. To win a case, valid points should be '
                           "presented on court. Also, suicide notes doesn't "
                           'count as ultimate evidence in court, petitioners '
                           'should submit proofs too to prove wife guilty. '
                           "That's how judicial system works.",
                   'score': 20},
                  {'author': 'Odd-Description-',
                   'body': 'Good. Or else she would have raised another '
                           'misogynist like she did with her son.',
                   'score': 12},
                  {'author': '[deleted]',
                   'body': "If you're expecting justice, you'd only find "
                           'disappointment in India.',
                   'score': 11},
                  {'author': 'girlwithredshirt',
                   'body': 'Rita Kaushik must be punished.',
                   'score': 11},
                  {'author': 'Justonemoreepisode-',
                   'body': 'Today his parents threaten they will kill '
                           'themselves if they aren’t given custody. Tomorrow '
                           'they will threaten to kill themselves and off the '
                           'grandson with them if wife isn’t jailed.\n'
                           '\n'
                           'Giving custody of this kid to a family that is '
                           'threatening to kill themselves already trying to '
                           'build off their son’s suicide is dangerous. \n'
                           '\n'
                           'Personally abetment is such a risky area for me. '
                           'People are being vigilantes but it takes one '
                           'relationship and you’ll be the one standing there '
                           'being accused of causing someone’s suicide. It’s '
                           'scary times for humans. People have no idea of '
                           'what they’re ranting about because that could very '
                           'well be you some day being accused when you’re '
                           'getting divorced or breaking up.',
                   'score': 10}],
 'url': 'https://i.redd.it/un1043vllybe1.jpeg'}
2025-12-29 16:39:04 [scrapy] DEBUG: Crawled (200) <GET https://www.reddit.com/r/mildlyinfuriating/comments/faszoc/these_youtube_ads/.json> (referer: https://www.reddit.com/search.json?q=shaadi.com&sort=relevance&limit=50)
2025-12-29 16:39:04 [scrapy] DEBUG: Scraped from <200 https://www.reddit.com/r/mildlyinfuriating/comments/faszoc/these_youtube_ads/.json>
{'author': 'kura4235',
 'body': None,
 'created_utc': 1582887110.0,
 'keyword': 'shaadi.com',
 'num_comments': 452,
 'permalink': 'https://reddit.com/r/mildlyinfuriating/comments/faszoc/these_youtube_ads/',
 'post_type': 'google_ranked',
 'score': 18756,
 'subreddit': 'mildlyinfuriating',
 'title': 'These youtube ads',
 'top_comments': [{'author': '[deleted]', 'body': '[removed]', 'score': 2643},
                  {'author': 'SecretOstrich',
                   'body': 'Youtube: You have to make clean, family-friendly '
                           'content to have ads on your video!\n'
                           '\n'
                           'Also Youtube:',
                   'score': 1559},
                  {'author': 'CityLimitless',
                   'body': 'Free girls wait you?',
                   'score': 303},
                  {'author': 'shitty-username8257',
                   'body': 'Adblockers are a thing. Or is this on mobile? And '
                           'are adblockers available on mobile?',
                   'score': 284},
                  {'author': 'Tinkie_Winks',
                   'body': 'I keep getting both gay and Christian dating sites',
                   'score': 137},
                  {'author': '[deleted]',
                   'body': 'So what about COPPA, YouTube?',
                   'score': 117},
                  {'author': '[deleted]', 'body': '[removed]', 'score': 94},
                  {'author': '[deleted]',
                   'body': 'Are they written in a font that is hard to make '
                           'out, to mess with the profanity detection?',
                   'score': 77},
                  {'author': 'Kainih',
                   'body': "Don't you love *Targeted ads* \n"
                           '&gt;Use incognito next time.',
                   'score': 69},
                  {'author': 'it1345',
                   'body': 'And they ban creators under the guise of appealing '
                           'to advertisers \n'
                           '\n'
                           'I hate new youtube. Old youtube was such a '
                           'beautiful, chaotic place.',
                   'score': 65}],
 'url': 'https://i.redd.it/fkl10wgjanj41.jpg'}
2025-12-29 16:39:06 [scrapy] DEBUG: Crawled (200) <GET https://www.reddit.com/search.json?q=shaadi.com&sort=relevance&limit=50&after=t3_1imwswk> (referer: https://www.reddit.com/search.json?q=shaadi.com&sort=relevance&limit=50)
2025-12-29 16:39:09 [scrapy] DEBUG: Crawled (200) <GET https://www.reddit.com/r/india/comments/w2s52v/39_lakh_indians_renounced_citizenship_in_the_last/.json> (referer: https://www.reddit.com/search.json?q=shaadi.com&sort=relevance&limit=50)
2025-12-29 16:39:09 [scrapy] DEBUG: Scraped from <200 https://www.reddit.com/r/india/comments/w2s52v/39_lakh_indians_renounced_citizenship_in_the_last/.json>
{'author': 'pratapvardhan',
 'body': None,
 'created_utc': 1658235537.0,
 'keyword': 'shaadi.com',
 'num_comments': 475,
 'permalink': 'https://reddit.com/r/india/comments/w2s52v/39_lakh_indians_renounced_citizenship_in_the_last/',
 'post_type': 'google_ranked',
 'score': 1951,
 'subreddit': 'india',
 'title': '3.9 lakh Indians renounced citizenship in the last 3 years',
 'top_comments': [{'author': 'swordfish19',
                   'body': 'If India allowed dual citizenship, the numbers '
                           'would be way lower.',
                   'score': 644},
                  {'author': 'pizzafapper',
                   'body': "How are 43% getting usa citizenship? Isn't usa one "
                           'of the hardest countries to naturalize into?',
                   'score': 287},
                  {'author': 'anonbutler',
                   'body': 'I will be renouncing too by end of this year. '
                           'Unfortunately we dont do dual citizenship but will '
                           'be applying for OCI.',
                   'score': 217},
                  {'author': 'throw_away_acct2022',
                   'body': '+1 from my side for this year as I am renouncing '
                           'Indian citizenship in 2 weeks as I got the Dutch '
                           'citizenship last week..  Had thought about it for '
                           'many months before finally taking a decision..',
                   'score': 172},
                  {'author': '[deleted]',
                   'body': 'These are rookie numbers, We gotta pump em high!!',
                   'score': 114},
                  {'author': 'pratapvardhan',
                   'body': '75% of them were in US, Canada, Australia.\n'
                           '\n'
                           '- Source: Lok Sabha Q368, MHA, Govt of India  \n'
                           '- Link: '
                           'http://164.100.24.220/loksabhaquestions/annex/179/AU368.pdf   \n'
                           '\n'
                           'Used first column for country from where they have '
                           'relinquished. In 96% cases first and last column '
                           '(citizenship country) are same.',
                   'score': 88},
                  {'author': 'darubeer', 'body': 'CHINA 😳😳 how?', 'score': 86},
                  {'author': 'MundaneGarbage6153',
                   'body': 'With the new post study work visa in UK. These '
                           'numbers are only going to increase in the near '
                           'future.',
                   'score': 81},
                  {'author': '[deleted]', 'body': '[deleted]', 'score': 65},
                  {'author': '[deleted]',
                   'body': 'This is straight up not shocking at this point, '
                           'imma leave too if I get placed in a good company, '
                           'and then *maybe* return to live in a posh area.',
                   'score': 59}],
 'url': 'https://i.redd.it/6uclh5zqvic91.jpg'}
2025-12-29 16:39:11 [scrapy] DEBUG: Crawled (200) <GET https://www.reddit.com/search.json?q=shaadi.com&sort=relevance&limit=50&after=t3_x8uiw5> (referer: https://www.reddit.com/search.json?q=shaadi.com&sort=relevance&limit=50)
2025-12-29 16:39:14 [scrapy] DEBUG: Crawled (200) <GET https://www.reddit.com/search.json?q=shaadi.com&sort=relevance&limit=50> (referer: None)
2025-12-29 16:39:14 [scrapy] DEBUG: Filtered duplicate request: <GET https://www.reddit.com/r/indiasocial/comments/1hgschr/my_shaadicom_experiment/.json> - no more duplicates will be shown (see DUPEFILTER_DEBUG to show all duplicates)
2025-12-29 16:39:14 [scrapy] INFO: Closing spider (finished)
2025-12-29 16:39:14 [scrapy] INFO: Stored json feed (11 items) in: posts/spiders/output/google_ranked_shaadi.com_2025-12-29T11-08-34+00-00.json
2025-12-29 16:39:14 [scrapy] INFO: Dumping Scrapy stats:
{'downloader/request_bytes': 14920,
 'downloader/request_count': 17,
 'downloader/request_method_count/GET': 17,
 'downloader/response_bytes': 755406,
 'downloader/response_count': 17,
 'downloader/response_status_count/200': 17,
 'dupefilter/filtered': 4,
 'elapsed_time_seconds': 40.091303,
 'feedexport/success_count/FileFeedStorage': 1,
 'finish_reason': 'finished',
 'finish_time': datetime.datetime(2025, 12, 29, 11, 9, 14, 677579, tzinfo=datetime.timezone.utc),
 'httpcompression/response_bytes': 6143964,
 'httpcompression/response_count': 17,
 'item_scraped_count': 11,
 'log_count/DEBUG': 31,
 'log_count/INFO': 8,
 'log_count/WARNING': 1,
 'request_depth_max': 4,
 'response_received_count': 17,
 'scheduler/dequeued': 17,
 'scheduler/dequeued/memory': 17,
 'scheduler/enqueued': 17,
 'scheduler/enqueued/memory': 17,
 'start_time': datetime.datetime(2025, 12, 29, 11, 8, 34, 586276, tzinfo=datetime.timezone.utc)}
2025-12-29 16:39:14 [scrapy] INFO: Spider closed (finished)
