2025-12-27 20:15:02 [scrapy] DEBUG: Crawled (200) <GET https://www.reddit.com/search.json?q=delhi-pollution&sort=relevance&limit=50> (referer: None)
2025-12-27 20:15:04 [scrapy] DEBUG: Crawled (200) <GET https://www.reddit.com/search.json?q=delhi-pollution&sort=relevance&limit=50&after=t3_yc3eww> (referer: https://www.reddit.com/search.json?q=delhi-pollution&sort=relevance&limit=50)
2025-12-27 20:15:07 [scrapy] DEBUG: Crawled (200) <GET https://www.reddit.com/r/gurgaon/comments/1pmcyns/can_we_sue_indian_govt_in_international_court/.json> (referer: https://www.reddit.com/search.json?q=delhi-pollution&sort=relevance&limit=50)
2025-12-27 20:15:07 [scrapy] DEBUG: Scraped from <200 https://www.reddit.com/r/gurgaon/comments/1pmcyns/can_we_sue_indian_govt_in_international_court/.json>
{'author': 'amit3955',
 'created_utc': 1765715406.0,
 'keyword': 'delhi-pollution',
 'num_comments': 443,
 'permalink': 'https://reddit.com/r/gurgaon/comments/1pmcyns/can_we_sue_indian_govt_in_international_court/',
 'post_type': 'google_ranked',
 'score': 5927,
 'subreddit': 'gurgaon',
 'title': 'Can we sue Indian govt in International court',
 'top_comments': [{'author': 'featureoflife',
                   'body': 'Inki MKC bhenchod... my air purifier has given up',
                   'score': 338},
                  {'author': 'ay8788',
                   'body': 'Yes you can. If ED arrests you, I will provide '
                           "home made food everyday for your sacrifice. That's "
                           'the master stroke of this government, making '
                           'people afraid of law enforcement agencies itself.',
                   'score': 243},
                  {'author': 'techtonic126',
                   'body': 'Next day they will be at your door with bulldozers',
                   'score': 126},
                  {'author': 'Prudent-Farmer-4182',
                   'body': 'Fiction story and Chronology will go like '
                           'this:\xa0\n'
                           '1)Your last 5 years IT Returns will see notices '
                           'for explanation, discrepancies.\xa0\n'
                           '2) Alleged Foreign funding/trips will appear in '
                           'media\xa0\n'
                           '3)Based on IT notices and your alleged failure to '
                           'cooperate, CBI will start a probe.\xa0\n'
                           '4) Your accounts and property including unearthed '
                           'cash, jewelry and documents, novels etc are '
                           'seized.\xa0\n'
                           '5)You are arrested by CBI\n'
                           '6)ED steps in and files money laundering charges, '
                           'case filed.\xa0\n'
                           '7)You are granted bail after months on CBI+IT '
                           'case\n'
                           '8)Bail is granted, you are arrested by Ed.\xa0\n'
                           '9)Everyone has moved on to the next story\xa0\n'
                           'Aap chronology samjhiye.. Fiction hain but VR '
                           'hain..\xa0',
                   'score': 68},
                  {'author': 'DoubleSuicide_',
                   'body': 'If sudanese cannot sue their government what makes '
                           'you think we can?',
                   'score': 38},
                  {'author': 'theguyindelusion',
                   'body': 'https://preview.redd.it/otxtjwyh767g1.png?width=1080&amp;format=png&amp;auto=webp&amp;s=29930ac3b16c75f3c9521e0356e470c818717e1b',
                   'score': 30},
                  {'author': 'phish_curry',
                   'body': 'Modi hai toh toxic hai',
                   'score': 28},
                  {'author': 'Bizurels',
                   'body': 'iPhone ka aqi zyada accurate h ya ye?',
                   'score': 24},
                  {'author': 'EnvironmentalAd8833',
                   'body': 'Guess what? The rules in the graph aren’t being '
                           'implemented. Schools are conducting offline '
                           'classes and seem to be completely indifferent to '
                           'children’s well-being. Construction is ongoing and '
                           'people are still setting fires in open grounds.  '
                           'There’s no action being taken; they’re only '
                           'sprinkling water.\n'
                           '.',
                   'score': 23},
                  {'author': 'Free-Wind-3937',
                   'body': '40% of this is Vehicular pollution. We also need '
                           'to do something atp :( companies should implement '
                           'whf/car pooling.\n'
                           '\n'
                           'My mom is a cancer patient so I feel you, doctor '
                           'has advised she exercise for good health but at '
                           "the same time the air is so poisonous it'll "
                           "probably do more harm than good. I'm scared for "
                           'our family.',
                   'score': 23}],
 'url': 'https://i.redd.it/25oyy71fy57g1.png'}
2025-12-27 20:15:09 [scrapy] DEBUG: Crawled (200) <GET https://www.reddit.com/r/worldnews/comments/dr25zi/india_air_pollution_at_unbearable_levels_delhi/.json> (referer: https://www.reddit.com/search.json?q=delhi-pollution&sort=relevance&limit=50)
2025-12-27 20:15:09 [scrapy] DEBUG: Scraped from <200 https://www.reddit.com/r/worldnews/comments/dr25zi/india_air_pollution_at_unbearable_levels_delhi/.json>
{'author': '1920sremastered',
 'created_utc': 1572796139.0,
 'keyword': 'delhi-pollution',
 'num_comments': 251,
 'permalink': 'https://reddit.com/r/worldnews/comments/dr25zi/india_air_pollution_at_unbearable_levels_delhi/',
 'post_type': 'google_ranked',
 'score': 2618,
 'subreddit': 'worldnews',
 'title': "India air pollution at 'unbearable levels', Delhi chief minister "
          'says | Schools have been closed, more than 30 flights diverted and '
          'construction work halted as the city sits in a thick blanket of '
          "smog. An Indian health ministry official said the city's pollution "
          'monitors did not have enough digits',
 'top_comments': [{'author': 'ashbat1994',
                   'body': 'I live in Delhi, the sky here looks like how some '
                           'of those post apocalyptic movies.',
                   'score': 459},
                  {'author': 'chasjo',
                   'body': 'India acknowledges air pollution only after they '
                           'are forced to shut the city down. I expect that '
                           'climate change deniers will only acknowledge the '
                           'problem after Miami has to be abandoned.',
                   'score': 258},
                  {'author': '[deleted]', 'body': '[deleted]', 'score': 96},
                  {'author': '[deleted]', 'body': '[deleted]', 'score': 88},
                  {'author': 'green_flash',
                   'body': "It seems people don't understand there's a "
                           'difference between CO2 emissions and air '
                           'pollution.\n'
                           '\n'
                           "India doesn't emit a lot of CO2 per capita, but "
                           'its air quality in cities is nevertheless a lot '
                           'worse than in countries that emit a lot of CO2 per '
                           'capita like the US.',
                   'score': 65},
                  {'author': '[deleted]', 'body': '[removed]', 'score': 59},
                  {'author': 'Drjay425',
                   'body': 'Everyone just turn on your vacuums and lift them '
                           'in the air duh.',
                   'score': 37},
                  {'author': 'Droll12',
                   'body': 'This could have been avoided if they simply had '
                           'enough digits (Edit: /s you fools).',
                   'score': 35},
                  {'author': 'Feniksrises',
                   'body': "Whining hippies a little smoke won't kill you "
                           '*cough*.',
                   'score': 21},
                  {'author': 'One_Laowai',
                   'body': 'What do Indians think about this?',
                   'score': 14}],
 'url': 'https://www.bbc.com/news/world-asia-india-50280390'}
2025-12-27 20:15:12 [scrapy] DEBUG: Crawled (200) <GET https://www.reddit.com/r/NewDelhi/comments/1p653ip/this_guy_is_shameless/.json> (referer: https://www.reddit.com/search.json?q=delhi-pollution&sort=relevance&limit=50)
2025-12-27 20:15:12 [scrapy] DEBUG: Scraped from <200 https://www.reddit.com/r/NewDelhi/comments/1p653ip/this_guy_is_shameless/.json>
{'author': 'Fabulous-Mortgage995',
 'created_utc': 1764051291.0,
 'keyword': 'delhi-pollution',
 'num_comments': 661,
 'permalink': 'https://reddit.com/r/NewDelhi/comments/1p653ip/this_guy_is_shameless/',
 'post_type': 'google_ranked',
 'score': 6487,
 'subreddit': 'NewDelhi',
 'title': 'This guy is shameless',
 'top_comments': [{'author': 'NewWheelView',
                   'body': 'https://preview.redd.it/pw5zxqpzlc3g1.jpeg?width=1125&amp;format=pjpg&amp;auto=webp&amp;s=1c90981b2d940a741642bcf87b10e37f1aba11b0',
                   'score': 199},
                  {'author': 'virgin_human',
                   'body': "even after knowing the whole story they won't "
                           'delete the post or apologize.',
                   'score': 184},
                  {'author': 'getreked007',
                   'body': 'the fact that tweet got 46k likes and the ones '
                           'pointing out the whole story doesnt get any '
                           'traction!!!!  \n'
                           'jnu students are the most regressive self claimed '
                           'progressive people i have seen',
                   'score': 66},
                  {'author': 'No_Instruction_4155',
                   'body': 'I can’t believe these people make out a career out '
                           'of these things, man. This girl I’m sure will '
                           'bring out some commie agenda book/reels/expertise '
                           'opinions in future which will be pushed by Left '
                           'and she’ll eventually make it to the likes of '
                           'Arundhati roy',
                   'score': 30},
                  {'author': 'MasalaDosa37',
                   'body': "He isn't dumb, his followers are.",
                   'score': 16},
                  {'author': 'Small_Kaleidoscope20',
                   'body': 'It is a standard trick of **Gujarat model** now '
                           'made national. During Modi tenure as CM, too many '
                           "'**conspiracies**' to kill Modi were coming with "
                           'Police **justifying encounters**, jailing **civil '
                           'activists** in the wake of sensation created. This '
                           'was shrewd media management tactic with police '
                           'made to do dirty work. Then at national level it '
                           'happened during **Bhima Koregaon protest**, the '
                           "'**conspiracy' to kill Modi by Dalit activists** "
                           'was alleged to break the accumulation of Dalit '
                           'activists at Bhima Koregaon. Later cyber '
                           "specialists found that 'emails' which were used to "
                           'claim the conspiracy to kill Modi were a result of '
                           '**trojan attack** on the laptop of the '
                           '**sophistication** not available with normal '
                           'computer hackers. But by then all of those '
                           'protestors were behind bars and **public had lost '
                           'memory** of the event by branding those as anti '
                           'nationals.\n'
                           '\n'
                           'After these, today if police is used to break down '
                           '**pollution protests** by giving coverage to '
                           "'**communist sympathisers**', I am **hardly "
                           'surprised**. \n'
                           '\n'
                           'This trick was played during farmer protest too, '
                           'but **unlike college protests**, the farmers were '
                           'protesting not on issue but through **caste '
                           'solidarity** which persisted or rather got '
                           'aggravated after such attacks as people knew each '
                           'other and did not budge. So now only the protests '
                           'that are based on identity are successful, issue '
                           'based protests by college kids who hardly know '
                           'each other are broken by injecting or inciting a '
                           'few morons to protest alongside and say anti '
                           'national things. \n'
                           '\n'
                           'Yet, I know I am talking to vacuum but I can not '
                           'help it. It is unsettling. Downvotes do not matter '
                           'hope more people know of this pattern.',
                   'score': 9},
                  {'author': 'ChailChabiliii_',
                   'body': 'They get paid for all this 🤷🏻\u200d♀️',
                   'score': 8},
                  {'author': 'MadMaxxx1604',
                   'body': 'Most of them were actually protesting for clean '
                           'air...and then recently the protest got hijacked '
                           'by these leftist and our idiot indians painted all '
                           'of them bad..thoda padh likh lete..real news '
                           'outlets dekhte naaki godi media',
                   'score': 6},
                  {'author': 'BlissfulBreeze11',
                   'body': 'This guy is a parasite to society.',
                   'score': 5},
                  {'author': 'the_clumsy_fly',
                   'body': 'Government is worse than naxals. How many people '
                           'die everyday due to government negligence with '
                           'zero accountability?',
                   'score': 5}],
 'url': 'https://i.redd.it/5o8izga6ic3g1.jpeg'}
2025-12-27 20:15:13 [scrapy] DEBUG: Crawled (200) <GET https://www.reddit.com/r/CriticalThinkingIndia/comments/1ppcimm/javed_akhtar_challenges_the_burqa_debate_with_one/.json> (referer: https://www.reddit.com/search.json?q=delhi-pollution&sort=relevance&limit=50)
2025-12-27 20:15:13 [scrapy] DEBUG: Scraped from <200 https://www.reddit.com/r/CriticalThinkingIndia/comments/1ppcimm/javed_akhtar_challenges_the_burqa_debate_with_one/.json>
{'author': 'CtrlVChef',
 'created_utc': 1766016586.0,
 'keyword': 'delhi-pollution',
 'num_comments': 563,
 'permalink': 'https://reddit.com/r/CriticalThinkingIndia/comments/1ppcimm/javed_akhtar_challenges_the_burqa_debate_with_one/',
 'post_type': 'google_ranked',
 'score': 7102,
 'subreddit': 'CriticalThinkingIndia',
 'title': 'Javed Akhtar challenges the burqa debate with one question no one '
          'answers. What are your thoughts?',
 'top_comments': [{'author': 'Sam_Fisher91',
                   'body': 'Brainwashed people dont believe they are '
                           'brainwashed\n'
                           '\n'
                           'So its not possible to explain this to those who '
                           'think Burqa is a “choice”',
                   'score': 447},
                  {'author': 'amitavroy', 'body': 'Nailed it', 'score': 149},
                  {'author': 'gthbvf2',
                   'body': 'This guy keeping sanity in Indian Muslims or '
                           'Indians in general',
                   'score': 144},
                  {'author': 'Tarzan-Jungle-King',
                   'body': 'At last some logical answer.',
                   'score': 64},
                  {'author': 'CriticismPossible743',
                   'body': 'wow, so the real problem is that anyone who thinks '
                           'a womans face is a threat just needs to stop being '
                           'a 4chan herm and start seeing it as a normal body '
                           'part. the whole burqa debate is a stupid excuse '
                           'for misogyny.',
                   'score': 53},
                  {'author': 'Mud-Former',
                   'body': 'Ban madarsa education, a lot of radicals brew '
                           'there. \n'
                           'Coed schools ONLY.',
                   'score': 50},
                  {'author': 'museinprogress',
                   'body': 'As a feminist...there have been so many debates on '
                           'this and all but I think while hija and burqa are '
                           'choices, they are not feminist choices. They have '
                           'been conditioned and taught to believe its right '
                           'to cover their face and head. I wouldnt go argue '
                           'with a grown woman wanting to wear them but this '
                           'is what I think.',
                   'score': 46},
                  {'author': 'Salt-Chemistry-331',
                   'body': "I don't think it is a choice in India because that "
                           'would mean that they have another option but do '
                           'they? \n'
                           '\n'
                           "I wouldn't speak for Muslim practice, I am Hindu "
                           'and grew up with feminist ideologies, ghunghat was '
                           'always presented to me as a patriarchal, '
                           'regressive practice and no feminist would say '
                           "ghunghat is a choice, it doesn't mean we will pull "
                           'it away forcefully, no but we will discourage it '
                           'and we have through television and movies, we have '
                           'always spoken against ghunghat\n'
                           '\n'
                           '\n'
                           'I was surprised by this "choice" discussion on '
                           'hijab\n'
                           '\n'
                           '\n'
                           'India had to criminalize sex identification '
                           'because when people were given a "choice" they '
                           'were killing girl child but same is celebrated in '
                           'western countries\n'
                           '\n'
                           'I am surprised that people think women have a '
                           'choice',
                   'score': 17},
                  {'author': 'EagleWorldly5032', 'body': '100%', 'score': 15},
                  {'author': 'Marathi_bhaiya',
                   'body': 'Speaking from personal experience,\n'
                           'I did my education from q university which has a '
                           'large number of muslim students,\n'
                           'One of my colleagues who was liberal about her '
                           'religion and belief used to wear suits and '
                           'sometimes jeans and kurti,\n'
                           'She used to cover her head with a scarf.\n'
                           'Her marriage was fixed with his cousin the first '
                           'time he met her he asked her to cover herself '
                           'properly with (burqa)\n'
                           'And from that day onwards no one saw her face she '
                           'always covered herself from head to toe.\n'
                           '\n'
                           'And this thing extended to such length that she '
                           "didn't even invited any of her male friends in her "
                           'marriage.\n'
                           '\n'
                           'My point here is if a woman gets respect from her '
                           'immediate family by covering her face, she would '
                           'cover her face no matter what she or the society '
                           'thinks about it.',
                   'score': 14}],
 'url': 'https://v.redd.it/8gpdctwftu7g1'}
2025-12-27 20:15:16 [scrapy] DEBUG: Crawled (200) <GET https://www.reddit.com/r/delhi/comments/1psakft/its_so_frustrating_now/.json> (referer: https://www.reddit.com/search.json?q=delhi-pollution&sort=relevance&limit=50)
2025-12-27 20:15:16 [scrapy] DEBUG: Scraped from <200 https://www.reddit.com/r/delhi/comments/1psakft/its_so_frustrating_now/.json>
{'author': 'Soulghosting',
 'created_utc': 1766334751.0,
 'keyword': 'delhi-pollution',
 'num_comments': 1040,
 'permalink': 'https://reddit.com/r/delhi/comments/1psakft/its_so_frustrating_now/',
 'post_type': 'google_ranked',
 'score': 7462,
 'subreddit': 'delhi',
 'title': 'It’s so frustrating now',
 'top_comments': [{'author': 'NotThatButThisGuy',
                   'body': 'https://preview.redd.it/y745h900ol8g1.jpeg?width=1239&amp;format=pjpg&amp;auto=webp&amp;s=5c35e40acf3589d4383f1429b3191d3c0b81176c',
                   'score': 1535},
                  {'author': 'Arun_rajput_4u',
                   'body': 'Lavden Bhojyam',
                   'score': 646},
                  {'author': 'Agent47Cell',
                   'body': 'He needs a teleprompter to reply back to you',
                   'score': 614},
                  {'author': 'the-brownian',
                   'body': 'People like you are responsible for electing '
                           "officials like Rekha Gupta, I'm guessing you "
                           "didn't look up anything about her or even your own "
                           "MLA candidates, just Modi Modi Modi ffs y'all "
                           "deserve this, Modi doesn't run the delhi "
                           "government. Even if he did it wouldn't be much "
                           "different, he'll sell aravalli mining rights to "
                           "A&amp;A and then you'll see the desertification "
                           'and water shortages.',
                   'score': 390},
                  {'author': 'ancient_pablo',
                   'body': 'They never cared. There has been no press '
                           'conference since 2014 and the media is a sell out. '
                           'You were biased to not see that.',
                   'score': 356},
                  {'author': 'Minimum-Conclusion91',
                   'body': 'He only changed the names already existing '
                           'policies so he can claim that these were '
                           'introduced by his govt…',
                   'score': 345},
                  {'author': 'KroosControl88',
                   'body': 'https://preview.redd.it/6y5bb97pql8g1.jpeg?width=772&amp;format=pjpg&amp;auto=webp&amp;s=7650f88bf3cea88d63d6701bc8db3d12194e4413',
                   'score': 222},
                  {'author': 'Wild-Clock2095',
                   'body': 'Let me guess in next election you will vote for '
                           'bjp again 😂😂 .you voted for ram rajya now getting '
                           'parasadam',
                   'score': 210},
                  {'author': 'msspezza',
                   'body': 'Economic reforms? Like demonetizatiom? Lol',
                   'score': 205},
                  {'author': 'AgeAdventurous5822',
                   'body': 'Pehle main bjp ka bahut bada supporter tha,\n'
                           '\n'
                           'Wo desh ki gaand maarte the aur Abdul ko pareshan '
                           'karte the,\n'
                           '\n'
                           'To mujhe maja aata tha,\n'
                           '\n'
                           'Ab meri gaand main danda aa gaya hai,\n'
                           '\n'
                           'Ab Maanniya Modi ji bhi acche nahi lagte\n'
                           '🤣😂',
                   'score': 203}],
 'url': 'https://i.redd.it/sxojg2o24l8g1.jpeg'}
2025-12-27 20:15:18 [scrapy] DEBUG: Crawled (200) <GET https://www.reddit.com/r/IndiaMemes/comments/1pufqbz/biggest_fraud_in_the_history_of_india/.json> (referer: https://www.reddit.com/search.json?q=delhi-pollution&sort=relevance&limit=50)
2025-12-27 20:15:19 [scrapy] DEBUG: Scraped from <200 https://www.reddit.com/r/IndiaMemes/comments/1pufqbz/biggest_fraud_in_the_history_of_india/.json>
{'author': 'Financial_Pension615',
 'created_utc': 1766554852.0,
 'keyword': 'delhi-pollution',
 'num_comments': 763,
 'permalink': 'https://reddit.com/r/IndiaMemes/comments/1pufqbz/biggest_fraud_in_the_history_of_india/',
 'post_type': 'google_ranked',
 'score': 12862,
 'subreddit': 'IndiaMemes',
 'title': 'Biggest fraud in the history of India🤡',
 'top_comments': [{'author': 'MassiveDepressive',
                   'body': "I honestly thought he's dead lol. Wasn't he "
                           'protesting against corruption? Where is he now? '
                           "What happened? Why isn't he saying anything?",
                   'score': 140},
                  {'author': 'AptNo7',
                   'body': 'Is he alive?? Or is in hibernation through all '
                           'these years? He is one of the main culprits why '
                           'our country is in disarray.',
                   'score': 118},
                  {'author': 'Imsongoku7',
                   'body': 'Sometime I feel his andolan was conspiracy to '
                           'regime change and push india into religious '
                           'conflict',
                   'score': 40},
                  {'author': 'Asleep-Program-440',
                   'body': 'Silent Hazare.',
                   'score': 31},
                  {'author': 'Noob_ultrapromax',
                   'body': 'He was always a fraud',
                   'score': 29},
                  {'author': 'spirit101_gg',
                   'body': "Let’s talk about the 'then vs. now' facts. In "
                           '2011, petrol at **₹63** triggered a national '
                           'movement. Today, in December 2025, petrol is '
                           'retailing at over **₹103 in Mumbai** and **₹94 in '
                           'Delhi**, despite international crude prices being '
                           'relatively stable compared to previous peaks. '
                           'Furthermore, the Rupee has crossed the **₹89 mark '
                           'against the USD** this month. If the logic of 2011 '
                           "holds that high prices are a sign of 'failed "
                           "governance' then the current silence from former "
                           'activists is a mathematical contradiction that '
                           'cannot be ignored',
                   'score': 28},
                  {'author': 'Inevitable-Move4462',
                   'body': 'Ye to haal ha desh ka ki 80 saal ke upar ka admi '
                           'aaye aur protest kare aur Yuva reddit pe gaali '
                           'de.\n'
                           'Wo amitabh bacchan nahi hai jo Josh se bhara hai. '
                           'Bed pe aakhri saanse gin Raha hoga Naa jaane kitne '
                           'time se.',
                   'score': 12},
                  {'author': 'thesiddieboy',
                   'body': 'He knows that if he goes on hunger strike this '
                           'time he will not be alive',
                   'score': 8},
                  {'author': 'PulseWhim',
                   'body': 'yeah, if hes still alive hes probably living in a '
                           'bunker and waiting for the next biggest fraud to '
                           'hit, because the only thing bigger than this is '
                           'the next time hell be arrested for something he '
                           'never did.',
                   'score': 8},
                  {'author': 'Significant-View8743',
                   'body': 'https://preview.redd.it/o474poaqf39g1.jpeg?width=960&amp;format=pjpg&amp;auto=webp&amp;s=054bd839e6816af664641eb4621be1203e0eec49',
                   'score': 7}],
 'url': 'https://i.redd.it/eu65uzmja39g1.jpeg'}
2025-12-27 20:15:21 [scrapy] DEBUG: Crawled (200) <GET https://www.reddit.com/r/delhi/comments/143yqoc/new_york_beats_new_delhi_has_worlds_worst_air/.json> (referer: https://www.reddit.com/search.json?q=delhi-pollution&sort=relevance&limit=50)
2025-12-27 20:15:21 [scrapy] DEBUG: Scraped from <200 https://www.reddit.com/r/delhi/comments/143yqoc/new_york_beats_new_delhi_has_worlds_worst_air/.json>
{'author': 'samuel_1825vk',
 'created_utc': 1686197120.0,
 'keyword': 'delhi-pollution',
 'num_comments': 255,
 'permalink': 'https://reddit.com/r/delhi/comments/143yqoc/new_york_beats_new_delhi_has_worlds_worst_air/',
 'post_type': 'google_ranked',
 'score': 12912,
 'subreddit': 'delhi',
 'title': '"New York beats New Delhi: Has world\'s worst air pollution"',
 'top_comments': [{'author': 'tall_and_introvert',
                   'body': '\\*for few days\\* \n\nbecause of wildfires',
                   'score': 270},
                  {'author': '[deleted]', 'body': '[removed]', 'score': 88},
                  {'author': 'WomenRepulsor',
                   'body': 'That is because of the wild fires. It is not the '
                           'regular everyday pollution there, unlike here.',
                   'score': 57},
                  {'author': 'Mysterious_Vanilla52',
                   'body': '"ये सब जतिन त्रिदेव की वजह से हो रहा है जी, वो '
                           'कनेडा में पराली जला रहा है...."',
                   'score': 45},
                  {'author': '[deleted]', 'body': '[deleted]', 'score': 30},
                  {'author': 'Indian2000',
                   'body': "Except it's not. Dwarka has an AQI of 318 as of "
                           "11am today (8th June) and New York's worst areas "
                           'are in 250-300 range. \n'
                           '\n'
                           'Even a normal day in Delhi is somehow worse than '
                           "New York at it's worst",
                   'score': 23},
                  {'author': 'Legitimate_Story_776',
                   'body': 'Yahan haryana aur punjab me parali jalate hai waha '
                           'canada me jala rahe hai aur asar kaafi similar '
                           'dikh raha hai.',
                   'score': 14},
                  {'author': 'tall_and_introvert',
                   'body': 'WTF\n'
                           '\n'
                           'This post became top post of all time within 12 '
                           'hours',
                   'score': 7},
                  {'author': 'Only-Decent',
                   'body': 'Proof that banning firecrackers, specifically '
                           'during Diwali, is working.. Since NY has not '
                           'banned Diwali firecrackers, it is suffering today.',
                   'score': 6},
                  {'author': 'aalsibakchod',
                   'body': 'Eric to Arvind : Are dil chota na kar '
                           'International Player se hara hai tu.',
                   'score': 5}],
 'url': 'https://v.redd.it/5cvh7urexp4b1'}
2025-12-27 20:15:23 [scrapy] DEBUG: Crawled (200) <GET https://www.reddit.com/r/delhi/comments/1ona0ff/delhi_pollution_protest/.json> (referer: https://www.reddit.com/search.json?q=delhi-pollution&sort=relevance&limit=50)
2025-12-27 20:15:23 [scrapy] DEBUG: Scraped from <200 https://www.reddit.com/r/delhi/comments/1ona0ff/delhi_pollution_protest/.json>
{'author': 'Mysterious-Agency491',
 'created_utc': 1762171700.0,
 'keyword': 'delhi-pollution',
 'num_comments': 379,
 'permalink': 'https://reddit.com/r/delhi/comments/1ona0ff/delhi_pollution_protest/',
 'post_type': 'google_ranked',
 'score': 1863,
 'subreddit': 'delhi',
 'title': 'Delhi Pollution Protest',
 'top_comments': [{'author': 'somethingAU',
                   'body': 'When the corruption is that evident that they '
                           'spray water on the meters . You need to protest. '
                           "That's a line crossed",
                   'score': 465},
                  {'author': 'Hot-Fruit-6969',
                   'body': 'This country has no hopes, this should be a '
                           'complete lockdown state where everything should be '
                           'closed which creates pollution and here we are '
                           'nobody is even putting on masks or concerned, '
                           'while administration sprinkle water on the bloody '
                           'meter to improve situation by tempering the '
                           'readings as a precautionary measure.\n'
                           '\n'
                           'Delhi should be under complete lockdown, it’s a '
                           'mass murder situation. Baaki Rekha gupta ne 50 '
                           'lakh ke purifier mangwa hi liye hai. We definitely '
                           'should protest.',
                   'score': 200},
                  {'author': 'earthling011',
                   'body': 'Why did we forget this while voting, if this '
                           'happens every year? \n'
                           '\n'
                           'We will forget this again after 5 years, and '
                           're-elect these idiots.',
                   'score': 126},
                  {'author': 'mkxia',
                   'body': 'yes pls, can someone make a gc on discord or '
                           'something, we need a protest',
                   'score': 116},
                  {'author': 'Alternative_Bed_8522',
                   'body': "I AM READY. LET'S DO IT GUYSSS.    \n"
                           'IF NOT NOW THEN NEVER.',
                   'score': 73},
                  {'author': 'random_123_',
                   'body': 'Lets do it, we need some leader or party to take '
                           'notice and make right noises. When they see crowd '
                           'they will fear about losing votes',
                   'score': 44},
                  {'author': 'Melodic-Lecture-8856',
                   'body': 'Can the opposition of this country organize a '
                           'large scale protest? What are they doing? Don’t '
                           'they also live in Delhi? Tag Rahul Gandhi',
                   'score': 42},
                  {'author': 'Due_Cut_4183',
                   'body': 'If we can protest for dogs, we can definitely do '
                           'protest for us and our loved ones. Air is '
                           'literally unbreathable here. Everyday going to '
                           'work feels like choking myself to death. My '
                           'friends have nicknamed me gas chamber. This place '
                           'is a living hell. Pollution and lies has crossed '
                           "it's limits. It's high time we do something.\n"
                           '\n'
                           'You see our dear PM has air purifiers installed, '
                           'in the conference room, when he came to Delhi. \n'
                           'Since BJP has come, they have just misused the '
                           'religion for their personal propaganda. They '
                           'allowed bursting crackers in Diwali. Which has '
                           'caused a humongous rise in pollution levels. Still '
                           "they boasted of green crackers and how it's in our "
                           'religion to burst crackers.\n'
                           '\n'
                           'But the real deal is these guys are all minting '
                           'money behind our backs. They took money from '
                           'cracker companies. , they are taking taxes from '
                           'us. Now the dear CM of Delhi has increased the '
                           'parking fares to combat pollution. ( Another way '
                           'of money making).Atleast the odd even rule was '
                           "somewhat fair. What's the deal in increasing the "
                           'parking fares.\n'
                           '\n'
                           'You know every independent system be it media or '
                           'judiciary. These guys are bought everything. When '
                           'AAP was there, every news channel used to cover '
                           'about Delhi pollution. What about now? Does Delhi '
                           'cease to exist , is it out of the map of India. '
                           'There is radio silence . No one speaks. Not even a '
                           'single media channel. If anyone speaks they are '
                           'shut by power, voilence or by money.\n'
                           '\n'
                           '\n'
                           'These guys are so cheap that they are using water '
                           'sprinklers near the pollution measuring machines '
                           'just so as to show a decreased and incorrect '
                           'AQI. \n'
                           '\n'
                           'In the end they will loot our country, and let us '
                           'die either sick or without money . What if our '
                           'health deteriorates, will they come and pay for '
                           'us? Do you see how lined up are government '
                           'hospital. What is the CM of Delhi doing to improve '
                           'it. We must protest.',
                   'score': 28},
                  {'author': 'Bhenjour',
                   'body': "I don't think we will get the masses needed to "
                           'step out in this pollution. We could start a '
                           'digital protest? How about all pictures of the '
                           'polluted environment to carry an image of the PM '
                           'and CM? I think they would not like that.',
                   'score': 19},
                  {'author': '[deleted]', 'body': 'Yes !!', 'score': 17}],
 'url': 'https://i.redd.it/hv4qfpjl81zf1.jpeg'}
2025-12-27 20:15:26 [scrapy] DEBUG: Crawled (200) <GET https://www.reddit.com/r/interestingasfuck/comments/1gw1pqs/air_pollution_in_delhi_india_reached_record/.json> (referer: https://www.reddit.com/search.json?q=delhi-pollution&sort=relevance&limit=50)
2025-12-27 20:15:26 [scrapy] DEBUG: Scraped from <200 https://www.reddit.com/r/interestingasfuck/comments/1gw1pqs/air_pollution_in_delhi_india_reached_record/.json>
{'author': 'bisector_babu',
 'created_utc': 1732145190.0,
 'keyword': 'delhi-pollution',
 'num_comments': 454,
 'permalink': 'https://reddit.com/r/interestingasfuck/comments/1gw1pqs/air_pollution_in_delhi_india_reached_record/',
 'post_type': 'google_ranked',
 'score': 30707,
 'subreddit': 'interestingasfuck',
 'title': 'Air pollution in Delhi, India reached record levels of AQI 978 and '
          'some areas reaching 1300 which is equivalent to smoking more than '
          '50 cigarettes per day',
 'top_comments': [{'author': 'Charlie387',
                   'body': 'What is the reason for the drastic change?',
                   'score': 4012},
                  {'author': 'Accurate_Koala_4698',
                   'body': 'Two and a half packs for anyone unfamiliar with '
                           'cigarette packaging\xa0',
                   'score': 1269},
                  {'author': 'Stoli0000',
                   'body': 'What happened on 27 sept 2024 to make it so clear?',
                   'score': 875},
                  {'author': 'Rogs3',
                   'body': 'Reddit has taught me that india is a complete '
                           'shithole.',
                   'score': 477},
                  {'author': 'PotatoPieGaming',
                   'body': 'This makes smoking looks less bad',
                   'score': 403},
                  {'author': 'systemsred', 'body': 'poor planet', 'score': 302},
                  {'author': 'OfficeKey3280',
                   'body': 'I smoke 50 cigarettes at happy hour with a double '
                           'of whiskey. Is this what my insides look like?',
                   'score': 179},
                  {'author': 'Justhe3guy',
                   'body': 'On the other hand that’s a lot of value, 50 '
                           'cigarettes a day for free??',
                   'score': 161},
                  {'author': 'DrS7ayer',
                   'body': 'Decided to visit Delhi last year during this time. '
                           'It was awful, I couldn’t breath and felt like I '
                           'was dying the whole trip. Probably took years off '
                           'my life!',
                   'score': 143},
                  {'author': 'fauxbeauceron',
                   'body': 'So this is what 1875 london or new york looked '
                           'like, interesting',
                   'score': 79}],
 'url': 'https://i.redd.it/jgkh00rv452e1.jpeg'}
2025-12-27 20:15:29 [scrapy] DEBUG: Crawled (200) <GET https://www.reddit.com/r/delhi/comments/1oot1kn/chinese_govt_via_its_embassy_in_delhi_is_offering/.json> (referer: https://www.reddit.com/search.json?q=delhi-pollution&sort=relevance&limit=50)
2025-12-27 20:15:29 [scrapy] DEBUG: Scraped from <200 https://www.reddit.com/r/delhi/comments/1oot1kn/chinese_govt_via_its_embassy_in_delhi_is_offering/.json>
{'author': 'Kaniyawest',
 'created_utc': 1762315538.0,
 'keyword': 'delhi-pollution',
 'num_comments': 295,
 'permalink': 'https://reddit.com/r/delhi/comments/1oot1kn/chinese_govt_via_its_embassy_in_delhi_is_offering/',
 'post_type': 'google_ranked',
 'score': 4914,
 'subreddit': 'delhi',
 'title': 'Chinese Govt via its Embassy in delhi is offering help to India in '
          'handling pollution. But the government is very very busy in Bihar '
          'Elections.',
 'top_comments': [{'author': 'DiscombobulatedLet80',
                   'body': 'At this point Delhi govt should take any help they '
                           'can!',
                   'score': 774},
                  {'author': '[deleted]',
                   'body': 'When even your arch enemy offers to support you, '
                           'you know shits really bad\xa0',
                   'score': 620},
                  {'author': 'Competitive_Spend_77',
                   'body': 'Satire\\*\n'
                           '\n'
                           'Also this ...\n'
                           '\n'
                           'https://preview.redd.it/dceyvcw66dzf1.jpeg?width=1080&amp;format=pjpg&amp;auto=webp&amp;s=45487eb816ab49b017ffb4a13483f771a97d40b0\n'
                           '\n'
                           'Become more and more insular by the day. Just keep '
                           'focussing on bihar and other elections and be in '
                           'election mode 24x7, also the main opponent '
                           'geo-politically is "vipaksh".\n'
                           '\n'
                           '🤡🤌🏼',
                   'score': 138},
                  {'author': 'Secure_Ice_2792',
                   'body': 'Man, atleast accept Karle our government.',
                   'score': 117},
                  {'author': 'Imsongoku7',
                   'body': 'https://preview.redd.it/pvdhcg1ardzf1.jpeg?width=1170&amp;format=pjpg&amp;auto=webp&amp;s=dfccc237ed4e5de2d3372b48d6d5f018dd0275ca\n'
                           '\n'
                           'See the reply of loser',
                   'score': 106},
                  {'author': 'IamHellgod07',
                   'body': 'Elect a clown and get a circus aahhh country',
                   'score': 96},
                  {'author': 'Technical-Isopod6554',
                   'body': 'Nothing in india works out without greasing the '
                           'palms even if the other person wants to help\xa0\n'
                           '\n'
                           '\n'
                           'Babus will be like whats my benefit in this\xa0\n'
                           '\n'
                           '\n'
                           'From politician to peon,you need to 💰 for things '
                           'to happen\xa0',
                   'score': 39},
                  {'author': 'Livid_Test_5212',
                   'body': 'Just take Chinese help at this point better then '
                           'reducing life span of people',
                   'score': 30},
                  {'author': 'pirhana1997',
                   'body': 'I hate hate saying and admitting this, I went to '
                           'Shenzen last year (in China, near HK) and the '
                           'level of grit and discipline among them is '
                           'unmatched and it’s not just the government but '
                           'people take accountability at an individual level. '
                           'People mostly across the world, take it upon '
                           'themselves to change along with the government. \n'
                           '\n'
                           'I know I will draw hate from people, but we need '
                           'to do better to reduce pollution and that does '
                           'include less emissions from our individual selves. '
                           'Not using motorbike and cars for shorter distance, '
                           'not ordering from apps very often, walk to your '
                           'grocery store, use cycles and public transport. '
                           'People outside India actually make good use of '
                           'public transportation and use cycles.',
                   'score': 17},
                  {'author': 'NishantWubaluba',
                   'body': 'Our government will only accept the help if they '
                           'see the opportunity of making money out of the '
                           'deal else they don’t give 2 craps.',
                   'score': 15}],
 'url': 'https://i.redd.it/y7e94d2w4dzf1.png'}
2025-12-27 20:15:30 [scrapy] DEBUG: Crawled (200) <GET https://www.reddit.com/r/delhi/comments/1ogiat1/fake_yamuna_with_filtered_water_has_been_created/.json> (referer: https://www.reddit.com/search.json?q=delhi-pollution&sort=relevance&limit=50)
2025-12-27 20:15:31 [scrapy] DEBUG: Scraped from <200 https://www.reddit.com/r/delhi/comments/1ogiat1/fake_yamuna_with_filtered_water_has_been_created/.json>
{'author': 'kholeChature',
 'created_utc': 1761478195.0,
 'keyword': 'delhi-pollution',
 'num_comments': 281,
 'permalink': 'https://reddit.com/r/delhi/comments/1ogiat1/fake_yamuna_with_filtered_water_has_been_created/',
 'post_type': 'google_ranked',
 'score': 7052,
 'subreddit': 'delhi',
 'title': '“Fake Yamuna” with filtered water has been created for PM. But for '
          'the poor Purvanchali people in Delhi, Yamuna is polluted with '
          'sewage.',
 'top_comments': [{'author': 'LazyCurvyPanda',
                   'body': 'https://preview.redd.it/3j3d1y0g6gxf1.jpeg?width=1170&amp;format=pjpg&amp;auto=webp&amp;s=0802f7c0c92ae15cd48c3c16724248890855b17b',
                   'score': 656},
                  {'author': 'TraditionalAlps722',
                   'body': 'All of this is such violation of floodplain '
                           'norms.\n'
                           '\n'
                           'You cannot he dumping sand and running bulldozers '
                           'on riverbanks. This temporary scaffolding is also '
                           'not allowed. These sandbags are such a pollutant, '
                           'beacuse while sand washes out these plastic bags '
                           'lingers around as trash slowly disintegrating and '
                           'adding microplastics to river. \n'
                           '\n'
                           'Unfortunate that DJB officials dont care, NGT '
                           'doesnt care, media doesnt care.  Some civil '
                           'society will point it out and get labeled '
                           'antinational.\n'
                           '\n'
                           'These motherfuckers will do everything except let '
                           'a river be river.',
                   'score': 491},
                  {'author': 'kholeChature',
                   'body': 'Atp is anything real in this country????',
                   'score': 408},
                  {'author': 'Inevitable-Data-404',
                   'body': 'Bhai is modi ka kuch kro sab preshan h har jagha '
                           'apna photoshoot karwana h bs isko fail govt',
                   'score': 189},
                  {'author': '[deleted]',
                   'body': 'https://preview.redd.it/z0sb0btz6gxf1.jpeg?width=273&amp;format=pjpg&amp;auto=webp&amp;s=e56569fd1fdba14ae2b20369483ddcfadf6d5eb6\n'
                           '\n'
                           'Just like this ?',
                   'score': 72},
                  {'author': 'Smart-Savage',
                   'body': 'Could someone please piss in the modi wala water',
                   'score': 72},
                  {'author': 'jekyl87',
                   'body': '3...2...1..\n'
                           '\n'
                           'Comments about OP being anti-national....Saurabh '
                           'Bhardwaj being corrupt or not done anything during '
                           'his tenure incoming.',
                   'score': 64},
                  {'author': 'PlatformEarly2480',
                   'body': 'I think this is a brilliant idea. we can use '
                           'similar idea across ghats of various rivers to '
                           'protect the rivers and also allowing common people '
                           'to do their rituals.',
                   'score': 32},
                  {'author': 'kratos_tgos',
                   'body': '“Leader ne ethe haqdar goli de”',
                   'score': 28},
                  {'author': 'PuffcornSucks', 'body': 'Classic', 'score': 26}],
 'url': 'https://i.redd.it/43q3dqc0zfxf1.jpeg'}
2025-12-27 20:15:33 [scrapy] DEBUG: Crawled (200) <GET https://www.reddit.com/r/delhi/comments/1pliz2g/delhi_how_r_u_even_breathing/.json> (referer: https://www.reddit.com/search.json?q=delhi-pollution&sort=relevance&limit=50)
2025-12-27 20:15:33 [scrapy] DEBUG: Scraped from <200 https://www.reddit.com/r/delhi/comments/1pliz2g/delhi_how_r_u_even_breathing/.json>
{'author': 'Nobody_02347',
 'created_utc': 1765624189.0,
 'keyword': 'delhi-pollution',
 'num_comments': 389,
 'permalink': 'https://reddit.com/r/delhi/comments/1pliz2g/delhi_how_r_u_even_breathing/',
 'post_type': 'google_ranked',
 'score': 4508,
 'subreddit': 'delhi',
 'title': 'Delhi how r u even breathing',
 'top_comments': [{'author': 'shady_barber',
                   'body': "Not breathing. We're choking",
                   'score': 485},
                  {'author': 'sarcasaman39',
                   'body': 'Hindu musalman dono khatre me hai ab to ek ho jaao '
                           '🙏',
                   'score': 184},
                  {'author': 'ket_sama_',
                   'body': 'I would like to rephrase rahat indori sahab here\n'
                           '\n'
                           '"Jab ghuṭegā dam, to sab par barābar asar hogā\n'
                           'Yahān par faqat Hindu, Musalmaan thoṛī hai."',
                   'score': 166},
                  {'author': 'gharelu__baddie',
                   'body': 'I’m not even from Delhi nearby 150 km away the air '
                           'was just so bad today no clear visibility. '
                           'Struggled whole day with cough, delhites how are '
                           'you surviving ?',
                   'score': 136},
                  {'author': 'erected_by_thighs',
                   'body': 'Ummm…. No action from us public ? Did we not '
                           'realise after this that government just want us to '
                           'die and they are talking about changing aqi '
                           'calculation means if you all didn’t understand is '
                           'equal to them saying - die but die silently',
                   'score': 98},
                  {'author': 'not-your-slave',
                   'body': 'https://preview.redd.it/ak7ytgda4z6g1.png?width=860&amp;format=png&amp;auto=webp&amp;s=3166e3a91911dd1f443e92d68cf8807e8aab17ab\n'
                           '\n'
                           ' VISHWAGURU INDIA',
                   'score': 95},
                  {'author': 'EnvironmentalAd8833',
                   'body': 'https://preview.redd.it/a3iib8slcz6g1.jpeg?width=1290&amp;format=pjpg&amp;auto=webp&amp;s=fb64ea190eb16df3d3decc135cad9330ea3bd09c\n'
                           '\n'
                           'Look at the top right side it was 935 for 3 hours '
                           'its just a gas chamber now and gov is not even '
                           'closing schools and colleges. They are letting '
                           'people suffer',
                   'score': 53},
                  {'author': 'Firm_Cantaloupe_5304',
                   'body': "but according to goniji's own standards we are "
                           'breathing purest air',
                   'score': 52},
                  {'author': 'Popular_Bath65',
                   'body': 'I sang vande matram full version and magically all '
                           'the pollution vanished in a blink of an eye.. I '
                           'can see himalaya from the gazipur garbage '
                           'mountain...',
                   'score': 45},
                  {'author': '404_Foundpage',
                   'body': 'I live in Alwar and quit clearly see the whole '
                           'city engulfed in smoke. Fuck the politicians and '
                           'the lotus 🪷',
                   'score': 25}],
 'url': 'https://i.redd.it/x8l6i4h7fy6g1.png'}
2025-12-27 20:15:36 [scrapy] DEBUG: Crawled (200) <GET https://www.reddit.com/r/MapPorn/comments/1p5cnpr/entire_indian_subcontinent_from_last_1_month/.json> (referer: https://www.reddit.com/search.json?q=delhi-pollution&sort=relevance&limit=50)
2025-12-27 20:15:36 [scrapy] DEBUG: Scraped from <200 https://www.reddit.com/r/MapPorn/comments/1p5cnpr/entire_indian_subcontinent_from_last_1_month/.json>
{'author': 'Beginning-Ladder6224',
 'created_utc': 1763976540.0,
 'keyword': 'delhi-pollution',
 'num_comments': 299,
 'permalink': 'https://reddit.com/r/MapPorn/comments/1p5cnpr/entire_indian_subcontinent_from_last_1_month/',
 'post_type': 'google_ranked',
 'score': 6493,
 'subreddit': 'MapPorn',
 'title': 'Entire Indian Subcontinent from last 1 month going through terrible '
          'pollution - here is a satellite imagery',
 'top_comments': [{'author': 'Ok_Release1625',
                   'body': 'Tibetans should worship that giant wall they have '
                           'in all senses',
                   'score': 1316},
                  {'author': 'whepoalready_readdit',
                   'body': 'Dang, I wanted to see the south too  \n'
                           'Edit: not the entire subcontinent  \n'
                           'Edit: why did this post become controversial? I '
                           "don't get it",
                   'score': 1062},
                  {'author': 'Bitter_Armadillo8182',
                   'body': 'What’s the main cause of pollution there?',
                   'score': 388},
                  {'author': 'Soggy_County_9519',
                   'body': 'As a Nepalese person who have minimum contribution '
                           'to this - Why us!!',
                   'score': 151},
                  {'author': 'Sluton1',
                   'body': 'Amazing map! Where did you get a view like this?',
                   'score': 106},
                  {'author': 'idgaf9495',
                   'body': 'Indian Government does not care , to Fudge the Air '
                           'quality ratings they started spraying water '
                           'outside all the Air Quality monitoring places in '
                           'the Capital Delhi.',
                   'score': 91},
                  {'author': 'Empty_War8775',
                   'body': 'My factorio world has less pollution than this',
                   'score': 77},
                  {'author': 'stating_facts_only',
                   'body': 'Indians and Pakistanis.\n'
                           '\n'
                           'You both need to unite against this stuff. It’s '
                           'unbelievable the amount of pollution in the area.\n'
                           '\n'
                           'Stop the farmers from burning stubble. This is the '
                           'largest contributor.',
                   'score': 72},
                  {'author': 'Fritz46',
                   'body': 'Maybe 1 billion people is a tad too much '
                           'there..\xa0',
                   'score': 37},
                  {'author': 'Dull_Refrigerator_58',
                   'body': "Damn, don't know if I have enough paper straws for "
                           'this one',
                   'score': 19}],
 'url': 'https://i.redd.it/zu9ygvvsb63g1.png'}
2025-12-27 20:15:37 [scrapy] DEBUG: Crawled (200) <GET https://www.reddit.com/r/delhi/comments/1opvn94/we_need_to_show_up_in_greater_numbers_protest_in/.json> (referer: https://www.reddit.com/search.json?q=delhi-pollution&sort=relevance&limit=50)
2025-12-27 20:15:37 [scrapy] DEBUG: Scraped from <200 https://www.reddit.com/r/delhi/comments/1opvn94/we_need_to_show_up_in_greater_numbers_protest_in/.json>
{'author': 'Kitchen_Clothes',
 'created_utc': 1762425761.0,
 'keyword': 'delhi-pollution',
 'num_comments': 325,
 'permalink': 'https://reddit.com/r/delhi/comments/1opvn94/we_need_to_show_up_in_greater_numbers_protest_in/',
 'post_type': 'google_ranked',
 'score': 6931,
 'subreddit': 'delhi',
 'title': 'We need to show up in greater numbers - protest in Delhi',
 'top_comments': [{'author': 'Ok_Professional2491',
                   'body': 'the yellow sign saying "if air is free why is '
                           'breathing a privilege" was my idea:) good to see '
                           'that here even though cant join the protests:)))',
                   'score': 343},
                  {'author': 'vineetbateman69',
                   'body': 'masks laga lo 😷',
                   'score': 293},
                  {'author': 'Interesting_Tower859',
                   'body': 'Everybody cannot afford an air purifier. '
                           'Politicians should also live without air purifiers '
                           'to know what the common man is going through.',
                   'score': 157},
                  {'author': '[deleted]',
                   'body': 'Please keep one on Sunday',
                   'score': 130},
                  {'author': 'usernamefoundnot',
                   'body': 'It’s funny how the protest against capturing dogs '
                           'had more people showing up than this one - tells '
                           'you how much is fundamentally wrong with our '
                           'society.',
                   'score': 91},
                  {'author': 'Single_Act_1231',
                   'body': 'Who decided to keep it on a Thursday afternoon? '
                           'What a smart move!',
                   'score': 81},
                  {'author': '[deleted]', 'body': '[deleted]', 'score': 55},
                  {'author': 'pappu_badmosh',
                   'body': 'https://preview.redd.it/uxkau2vtemzf1.jpeg?width=1280&amp;format=pjpg&amp;auto=webp&amp;s=b207becf72be0c4849b1c05846067e213dd1b7d6',
                   'score': 51},
                  {'author': 'Sharp-Ring5653',
                   'body': 'Good protests',
                   'score': 34},
                  {'author': 'SoftwareAromatic2436',
                   'body': 'Finally people are protesting for a good '
                           "cause!!!..Although I don't live near Delhi but I "
                           'hope you guys will be able to accommodate a huge '
                           'number of people and force government to take '
                           'serious measures against pollution',
                   'score': 24}],
 'url': 'https://www.reddit.com/gallery/1opvn94'}
2025-12-27 20:15:39 [scrapy] DEBUG: Crawled (200) <GET https://www.reddit.com/r/indianmemer/comments/1p65d4y/this_guy_is_shameless/.json> (referer: https://www.reddit.com/search.json?q=delhi-pollution&sort=relevance&limit=50)
2025-12-27 20:15:39 [scrapy] DEBUG: Scraped from <200 https://www.reddit.com/r/indianmemer/comments/1p65d4y/this_guy_is_shameless/.json>
{'author': 'Fabulous-Mortgage995',
 'created_utc': 1764052243.0,
 'keyword': 'delhi-pollution',
 'num_comments': 440,
 'permalink': 'https://reddit.com/r/indianmemer/comments/1p65d4y/this_guy_is_shameless/',
 'post_type': 'google_ranked',
 'score': 4111,
 'subreddit': 'indianmemer',
 'title': 'This guy is shameless',
 'top_comments': [{'author': 'Nextbigthing1996',
                   'body': '“Kitne Hidma maaroge, har ghar se Hidma niklega” '
                           'YA “Hidma Amar rhe” a protest slogan against air '
                           'pollution?',
                   'score': 379},
                  {'author': 'RoadRolla785',
                   'body': 'He is finished….his ratings are already falling '
                           'and after the X new policy everyone can see that '
                           'his bot followers are from countries with anti '
                           'India policies',
                   'score': 207},
                  {'author': 'lMFCKD',
                   'body': 'This guy is a toolkit',
                   'score': 122},
                  {'author': 'No-Suspect-4430',
                   'body': 'Most leftists are propagandist and anti national, '
                           'only a few are sane criticize government logically',
                   'score': 49},
                  {'author': 'ArnavJj145',
                   'body': '"Kitne hidma maaroge, har ghar se hidma niklega" '
                           '"Hidma amar rahe"\n'
                           '\n'
                           'https://preview.redd.it/7riucuxnad3g1.png?width=1080&amp;format=png&amp;auto=webp&amp;s=8b2e2278f07c009c529ad8690c0b2f02c8d1ac1f\n'
                           '\n'
                           'Ye konsi air pollution protest hai jisme maoist '
                           'terrorist ke naare lag rahe 😂😂',
                   'score': 43},
                  {'author': 'Charming_Customer_27',
                   'body': "Check out Usi and memes and you'll realise that a "
                           'lot of bots actually believe him.',
                   'score': 42},
                  {'author': 'Peter_Griffin999',
                   'body': 'See I know that anti nationals slogan is not good '
                           'but sometimes I wonder like are they planted by '
                           'someone so that everyone shift their view from '
                           'pollution, corruption to these things\xa0',
                   'score': 38},
                  {'author': 'Differenthuman69',
                   'body': 'https://preview.redd.it/7eh4mrsmqc3g1.jpeg?width=1080&amp;format=pjpg&amp;auto=webp&amp;s=31b2ad45fd0e6e25f316a79b19029377317aa283\n'
                           '\n'
                           'Most educated influencer 🥺🥺🥺 saaar\n'
                           '\n'
                           'Albert Einstein also learning from dhruv 🥺',
                   'score': 30},
                  {'author': 'infydeesh_GHB',
                   'body': 'No. He has a clear cut agenda',
                   'score': 24},
                  {'author': 'WhoAm_i_Even',
                   'body': 'Isko unbiased aur educated samajhne wale kitne '
                           'chutiye honge mai to soch ke hasta hu...',
                   'score': 21}],
 'url': 'https://i.redd.it/jifk5ha0lc3g1.jpeg'}
2025-12-27 20:15:40 [scrapy] DEBUG: Crawled (200) <GET https://www.reddit.com/search.json?q=delhi-pollution&sort=relevance&limit=50> (referer: None)
2025-12-27 20:15:40 [scrapy] INFO: Closing spider (finished)
2025-12-27 20:15:40 [scrapy] INFO: Stored json feed (15 items) in: posts/spiders/output/google_ranked_delhi-pollution_2025-12-27T14-45-00+00-00.json
2025-12-27 20:15:40 [scrapy] INFO: Dumping Scrapy stats:
{'downloader/request_bytes': 15874,
 'downloader/request_count': 18,
 'downloader/request_method_count/GET': 18,
 'downloader/response_bytes': 758328,
 'downloader/response_count': 18,
 'downloader/response_status_count/200': 18,
 'elapsed_time_seconds': 40.470352,
 'feedexport/success_count/FileFeedStorage': 1,
 'finish_reason': 'finished',
 'finish_time': datetime.datetime(2025, 12, 27, 14, 45, 40, 988612, tzinfo=datetime.timezone.utc),
 'httpcompression/response_bytes': 6753952,
 'httpcompression/response_count': 18,
 'item_scraped_count': 15,
 'log_count/DEBUG': 35,
 'log_count/INFO': 8,
 'log_count/WARNING': 1,
 'request_depth_max': 2,
 'response_received_count': 18,
 'scheduler/dequeued': 18,
 'scheduler/dequeued/memory': 18,
 'scheduler/enqueued': 18,
 'scheduler/enqueued/memory': 18,
 'start_time': datetime.datetime(2025, 12, 27, 14, 45, 0, 518260, tzinfo=datetime.timezone.utc)}
2025-12-27 20:15:40 [scrapy] INFO: Spider closed (finished)
