2025-12-27 20:22:50 [scrapy] DEBUG: Crawled (200) <GET https://www.reddit.com/search.json?q=pollution&sort=new&limit=15> (referer: None)
2025-12-27 20:22:50 [scrapy] DEBUG: Scraped from <200 https://www.reddit.com/search.json?q=pollution&sort=new&limit=15>
{'author': 'New-Intern7130',
 'created_utc': 1766846988.0,
 'keyword': 'pollution',
 'num_comments': 0,
 'permalink': 'https://reddit.com/r/travel/comments/1pwzkbi/sabbatical_september_till_december_any_advice_on/',
 'post_type': 'recent',
 'score': 1,
 'subreddit': 'travel',
 'title': 'Sabbatical september till december - any advice on where to go?',
 'url': 'https://www.reddit.com/r/travel/comments/1pwzkbi/sabbatical_september_till_december_any_advice_on/'}
2025-12-27 20:22:50 [scrapy] DEBUG: Scraped from <200 https://www.reddit.com/search.json?q=pollution&sort=new&limit=15>
{'author': 'Entire_Lie5785',
 'created_utc': 1766846281.0,
 'keyword': 'pollution',
 'num_comments': 1,
 'permalink': 'https://reddit.com/r/ITookAPicturePH/comments/1pwzb35/itapph_of_the_night_sky/',
 'post_type': 'recent',
 'score': 1,
 'subreddit': 'ITookAPicturePH',
 'title': 'ITAPPH of the night sky',
 'url': 'https://i.redd.it/peej3224dr9g1.jpeg'}
2025-12-27 20:22:50 [scrapy] DEBUG: Scraped from <200 https://www.reddit.com/search.json?q=pollution&sort=new&limit=15>
{'author': 'Sure-Mine-8533',
 'created_utc': 1766845977.0,
 'keyword': 'pollution',
 'num_comments': 0,
 'permalink': 'https://reddit.com/r/AskLiteraryStudies/comments/1pwz74u/recommend_authorstexts_for_a_research_paper_on/',
 'post_type': 'recent',
 'score': 2,
 'subreddit': 'AskLiteraryStudies',
 'title': 'Recommend authors/texts for a research paper on Gastro '
          'criticism/Gastrocritical theory?',
 'url': 'https://www.reddit.com/r/AskLiteraryStudies/comments/1pwz74u/recommend_authorstexts_for_a_research_paper_on/'}
2025-12-27 20:22:50 [scrapy] DEBUG: Scraped from <200 https://www.reddit.com/search.json?q=pollution&sort=new&limit=15>
{'author': 'Current_Show7688',
 'created_utc': 1766845935.0,
 'keyword': 'pollution',
 'num_comments': 1,
 'permalink': 'https://reddit.com/r/thane/comments/1pwz6ku/do_we_need_to_wear_a_mask/',
 'post_type': 'recent',
 'score': 2,
 'subreddit': 'thane',
 'title': 'Do we need to wear a mask?',
 'url': 'https://www.reddit.com/r/thane/comments/1pwz6ku/do_we_need_to_wear_a_mask/'}
2025-12-27 20:22:50 [scrapy] DEBUG: Scraped from <200 https://www.reddit.com/search.json?q=pollution&sort=new&limit=15>
{'author': 'cybercoderNAJ',
 'created_utc': 1766845833.0,
 'keyword': 'pollution',
 'num_comments': 8,
 'permalink': 'https://reddit.com/r/CitiesSkylines/comments/1pwz59r/realistic_residential_next_to_industrial/',
 'post_type': 'recent',
 'score': 15,
 'subreddit': 'CitiesSkylines',
 'title': 'Realistic residential next to industrial',
 'url': 'https://i.redd.it/7030l36sbr9g1.jpeg'}
2025-12-27 20:22:50 [scrapy] DEBUG: Scraped from <200 https://www.reddit.com/search.json?q=pollution&sort=new&limit=15>
{'author': 'AutoNewspaperAdmin',
 'created_utc': 1766845710.0,
 'keyword': 'pollution',
 'num_comments': 0,
 'permalink': 'https://reddit.com/r/AutoNewspaper/comments/1pwz3o0/lifestyle_5_lifethreatening_diseases_linked_to/',
 'post_type': 'recent',
 'score': 1,
 'subreddit': 'AutoNewspaper',
 'title': '[Lifestyle] - 5 life-threatening diseases linked to air pollution | '
          'Times of India',
 'url': 'https://timesofindia.indiatimes.com/life-style/health-fitness/health-news/5-life-threatening-diseases-linked-to-air-pollution/photostory/126204812.cms'}
2025-12-27 20:22:50 [scrapy] DEBUG: Scraped from <200 https://www.reddit.com/search.json?q=pollution&sort=new&limit=15>
{'author': 'IndividualStart4003',
 'created_utc': 1766845675.0,
 'keyword': 'pollution',
 'num_comments': 2,
 'permalink': 'https://reddit.com/r/MidTwentiesIndia/comments/1pwz37n/best_time_for_opposition_in_indian_politics/',
 'post_type': 'recent',
 'score': 2,
 'subreddit': 'MidTwentiesIndia',
 'title': 'Best time for opposition in indian politics',
 'url': 'https://www.reddit.com/r/MidTwentiesIndia/comments/1pwz37n/best_time_for_opposition_in_indian_politics/'}
2025-12-27 20:22:50 [scrapy] DEBUG: Scraped from <200 https://www.reddit.com/search.json?q=pollution&sort=new&limit=15>
{'author': 'Sure-Mine-8533',
 'created_utc': 1766845558.0,
 'keyword': 'pollution',
 'num_comments': 0,
 'permalink': 'https://reddit.com/r/u_Sure-Mine-8533/comments/1pwz1nm/thoughts_on_gastro_criticismgastrocritical_theory/',
 'post_type': 'recent',
 'score': 1,
 'subreddit': 'u_Sure-Mine-8533',
 'title': 'Thoughts on Gastro criticism/Gastrocritical theory?',
 'url': 'https://www.reddit.com/r/u_Sure-Mine-8533/comments/1pwz1nm/thoughts_on_gastro_criticismgastrocritical_theory/'}
2025-12-27 20:22:50 [scrapy] DEBUG: Scraped from <200 https://www.reddit.com/search.json?q=pollution&sort=new&limit=15>
{'author': 'AutoNewsAdmin',
 'created_utc': 1766844604.0,
 'keyword': 'pollution',
 'num_comments': 0,
 'permalink': 'https://reddit.com/r/TIMESINDIAauto/comments/1pwyp2l/lifestyle_5_lifethreatening_diseases_linked_to/',
 'post_type': 'recent',
 'score': 1,
 'subreddit': 'TIMESINDIAauto',
 'title': '[Lifestyle] - 5 life-threatening diseases linked to air pollution',
 'url': 'https://timesofindia.indiatimes.com/life-style/health-fitness/health-news/5-life-threatening-diseases-linked-to-air-pollution/photostory/126204812.cms'}
2025-12-27 20:22:50 [scrapy] DEBUG: Scraped from <200 https://www.reddit.com/search.json?q=pollution&sort=new&limit=15>
{'author': 'AdamSmithANCAP',
 'created_utc': 1766844428.0,
 'keyword': 'pollution',
 'num_comments': 4,
 'permalink': 'https://reddit.com/r/AskAstrophotography/comments/1pwymvs/beginner_astrophotography_600_lights_of_orion/',
 'post_type': 'recent',
 'score': 1,
 'subreddit': 'AskAstrophotography',
 'title': 'Beginner astrophotography: 600 lights of Orion, heavy noise and no '
          'detail... Help!',
 'url': 'https://www.reddit.com/r/AskAstrophotography/comments/1pwymvs/beginner_astrophotography_600_lights_of_orion/'}
2025-12-27 20:22:50 [scrapy] DEBUG: Scraped from <200 https://www.reddit.com/search.json?q=pollution&sort=new&limit=15>
{'author': 'Ok_Neighborhood6056',
 'created_utc': 1766844217.0,
 'keyword': 'pollution',
 'num_comments': 5,
 'permalink': 'https://reddit.com/r/unitedstatesofindia/comments/1pwyk7d/rajat_sharma_blames_the_aravalli_hills_for_delhis/',
 'post_type': 'recent',
 'score': 52,
 'subreddit': 'unitedstatesofindia',
 'title': "Rajat Sharma blames the Aravalli hills for Delhi's air pollution",
 'url': 'https://v.redd.it/ojquvuzs6r9g1'}
2025-12-27 20:22:50 [scrapy] DEBUG: Scraped from <200 https://www.reddit.com/search.json?q=pollution&sort=new&limit=15>
{'author': 'Roby1006',
 'created_utc': 1766843309.0,
 'keyword': 'pollution',
 'num_comments': 57,
 'permalink': 'https://reddit.com/r/perth/comments/1pwy8sx/the_motorcycle_noise_in_this_country_is_a/',
 'post_type': 'recent',
 'score': 0,
 'subreddit': 'perth',
 'title': 'The motorcycle noise in this country is a disgrace. Time to go '
          'electric or get off the road.',
 'url': 'https://www.reddit.com/r/perth/comments/1pwy8sx/the_motorcycle_noise_in_this_country_is_a/'}
2025-12-27 20:22:50 [scrapy] DEBUG: Scraped from <200 https://www.reddit.com/search.json?q=pollution&sort=new&limit=15>
{'author': 'chefsanji_r',
 'created_utc': 1766843103.0,
 'keyword': 'pollution',
 'num_comments': 6,
 'permalink': 'https://reddit.com/r/vadodara/comments/1pwy6cc/why_aqi_of_vadodara_is_not_talked_about_enough/',
 'post_type': 'recent',
 'score': 19,
 'subreddit': 'vadodara',
 'title': 'Why AQI of Vadodara is not talked about enough??',
 'url': 'https://i.redd.it/xhr4vptn3r9g1.png'}
2025-12-27 20:22:50 [scrapy] DEBUG: Scraped from <200 https://www.reddit.com/search.json?q=pollution&sort=new&limit=15>
{'author': 'doilysocks',
 'created_utc': 1766842729.0,
 'keyword': 'pollution',
 'num_comments': 17,
 'permalink': 'https://reddit.com/r/ZeroCovidCommunity/comments/1pwy1wa/does_anyone_find_it_hard_to_tell_non_maskers_in/',
 'post_type': 'recent',
 'score': 10,
 'subreddit': 'ZeroCovidCommunity',
 'title': 'Does anyone find it hard to tell non maskers in your life the times '
          'you do get sick? (Please read post first)',
 'url': 'https://www.reddit.com/r/ZeroCovidCommunity/comments/1pwy1wa/does_anyone_find_it_hard_to_tell_non_maskers_in/'}
2025-12-27 20:22:50 [scrapy] DEBUG: Scraped from <200 https://www.reddit.com/search.json?q=pollution&sort=new&limit=15>
{'author': 'GiganticBandit',
 'created_utc': 1766842307.0,
 'keyword': 'pollution',
 'num_comments': 3,
 'permalink': 'https://reddit.com/r/myog/comments/1pwxwx1/suggestions_for_an_alpha_direct_alternative_that/',
 'post_type': 'recent',
 'score': 2,
 'subreddit': 'myog',
 'title': 'Suggestions for an Alpha Direct alternative that sheds less',
 'url': 'https://www.reddit.com/r/myog/comments/1pwxwx1/suggestions_for_an_alpha_direct_alternative_that/'}
2025-12-27 20:22:52 [scrapy] DEBUG: Crawled (200) <GET https://www.reddit.com/search.json?q=pollution&sort=relevance&limit=50> (referer: None)
2025-12-27 20:22:52 [scrapy] INFO: Closing spider (finished)
2025-12-27 20:22:52 [scrapy] INFO: Stored json feed (15 items) in: posts/spiders/output/recent_posts_pollution_2025-12-27T14-52-49+00-00.json
2025-12-27 20:22:52 [scrapy] INFO: Dumping Scrapy stats:
{'downloader/request_bytes': 976,
 'downloader/request_count': 2,
 'downloader/request_method_count/GET': 2,
 'downloader/response_bytes': 60212,
 'downloader/response_count': 2,
 'downloader/response_status_count/200': 2,
 'elapsed_time_seconds': 3.200816,
 'feedexport/success_count/FileFeedStorage': 1,
 'finish_reason': 'finished',
 'finish_time': datetime.datetime(2025, 12, 27, 14, 52, 52, 444634, tzinfo=datetime.timezone.utc),
 'httpcompression/response_bytes': 316728,
 'httpcompression/response_count': 2,
 'item_scraped_count': 15,
 'log_count/DEBUG': 19,
 'log_count/INFO': 8,
 'log_count/WARNING': 1,
 'response_received_count': 2,
 'scheduler/dequeued': 2,
 'scheduler/dequeued/memory': 2,
 'scheduler/enqueued': 2,
 'scheduler/enqueued/memory': 2,
 'start_time': datetime.datetime(2025, 12, 27, 14, 52, 49, 243818, tzinfo=datetime.timezone.utc)}
2025-12-27 20:22:52 [scrapy] INFO: Spider closed (finished)
