2025-12-28 20:39:58 [scrapy] DEBUG: Crawled (200) <GET https://www.reddit.com/search.json?q=twitter&sort=new&limit=15> (referer: None)
2025-12-28 20:39:58 [scrapy] DEBUG: Scraped from <200 https://www.reddit.com/search.json?q=twitter&sort=new&limit=15>
{'author': 'nairehd',
 'created_utc': 1766934483.0,
 'keyword': 'twitter',
 'num_comments': 0,
 'permalink': 'https://reddit.com/r/LGBTindia/comments/1pxtico/transphobic_and_homophobic_congressman_from/',
 'post_type': 'recent',
 'score': 1,
 'subreddit': 'LGBTindia',
 'title': 'Transphobic and homophobic congressman from Brasil (my country) :',
 'url': 'https://v.redd.it/wswon8ldny9g1'}
2025-12-28 20:39:58 [scrapy] DEBUG: Scraped from <200 https://www.reddit.com/search.json?q=twitter&sort=new&limit=15>
{'author': 'FlexedUpPlaya',
 'created_utc': 1766934472.0,
 'keyword': 'twitter',
 'num_comments': 0,
 'permalink': 'https://reddit.com/r/NCAAFBseries/comments/1pxti7u/rtg_repositioning_issue_just_add_more_positions/',
 'post_type': 'recent',
 'score': 1,
 'subreddit': 'NCAAFBseries',
 'title': 'RTG repositioning issue (just add more positions EA, stop taking me '
          'out of the position I want to play).',
 'url': 'https://www.reddit.com/gallery/1pxti7u'}
2025-12-28 20:39:58 [scrapy] DEBUG: Scraped from <200 https://www.reddit.com/search.json?q=twitter&sort=new&limit=15>
{'author': 'Perfect-Following-30',
 'created_utc': 1766934455.0,
 'keyword': 'twitter',
 'num_comments': 0,
 'permalink': 'https://reddit.com/r/UnfilteredDanceMoms/comments/1pxthzl/the_amount_of_hatred_that_people_on_the_other_sub/',
 'post_type': 'recent',
 'score': 1,
 'subreddit': 'UnfilteredDanceMoms',
 'title': 'The amount of hatred that people on the other sub have towards '
          'Christi (and now, to a lesser extent, Chloe) DISTURBS me.',
 'url': 'https://www.reddit.com/r/UnfilteredDanceMoms/comments/1pxthzl/the_amount_of_hatred_that_people_on_the_other_sub/'}
2025-12-28 20:39:58 [scrapy] DEBUG: Scraped from <200 https://www.reddit.com/search.json?q=twitter&sort=new&limit=15>
{'author': 'QTOG',
 'created_utc': 1766934427.0,
 'keyword': 'twitter',
 'num_comments': 0,
 'permalink': 'https://reddit.com/r/2007scape/comments/1pxthlv/jagex_do_your_job/',
 'post_type': 'recent',
 'score': 9,
 'subreddit': '2007scape',
 'title': 'Jagex do your job',
 'url': 'https://www.reddit.com/r/2007scape/comments/1pxthlv/jagex_do_your_job/'}
2025-12-28 20:39:58 [scrapy] DEBUG: Scraped from <200 https://www.reddit.com/search.json?q=twitter&sort=new&limit=15>
{'author': 'Fetch_Ted',
 'created_utc': 1766934346.0,
 'keyword': 'twitter',
 'num_comments': 0,
 'permalink': 'https://reddit.com/r/glasgowwarriors/comments/1pxtggr/17000_points/',
 'post_type': 'recent',
 'score': 1,
 'subreddit': 'glasgowwarriors',
 'title': '17,000 points',
 'url': 'https://i.redd.it/dlfo047tmy9g1.jpeg'}
2025-12-28 20:39:58 [scrapy] DEBUG: Scraped from <200 https://www.reddit.com/search.json?q=twitter&sort=new&limit=15>
{'author': 'Odd_Succotash_8604',
 'created_utc': 1766934311.0,
 'keyword': 'twitter',
 'num_comments': 0,
 'permalink': 'https://reddit.com/r/MemesBR/comments/1pxtfzi/essa_menina_jogo_roblox_e_usa_twitter/',
 'post_type': 'recent',
 'score': 2,
 'subreddit': 'MemesBR',
 'title': 'Essa Menina jogo Roblox e Usa Twitter',
 'url': 'https://i.redd.it/gm8d6blvmy9g1.jpeg'}
2025-12-28 20:39:58 [scrapy] DEBUG: Scraped from <200 https://www.reddit.com/search.json?q=twitter&sort=new&limit=15>
{'author': 'Peod1',
 'created_utc': 1766934285.0,
 'keyword': 'twitter',
 'num_comments': 1,
 'permalink': 'https://reddit.com/r/sssdfg/comments/1pxtfnm/lintttd/',
 'post_type': 'recent',
 'score': 3,
 'subreddit': 'sssdfg',
 'title': 'Lintttd',
 'url': 'https://i.redd.it/e5ssl9qsmy9g1.jpeg'}
2025-12-28 20:39:58 [scrapy] DEBUG: Scraped from <200 https://www.reddit.com/search.json?q=twitter&sort=new&limit=15>
{'author': 'SideNo3016',
 'created_utc': 1766934266.0,
 'keyword': 'twitter',
 'num_comments': 0,
 'permalink': 'https://reddit.com/r/webdev/comments/1pxtfe6/built_a_social_media_app_made_for_developers/',
 'post_type': 'recent',
 'score': 0,
 'subreddit': 'webdev',
 'title': 'Built a social media app made for Developers.',
 'url': 'https://www.reddit.com/gallery/1pxtfe6'}
2025-12-28 20:39:58 [scrapy] DEBUG: Scraped from <200 https://www.reddit.com/search.json?q=twitter&sort=new&limit=15>
{'author': 'GKilherme12',
 'created_utc': 1766934237.0,
 'keyword': 'twitter',
 'num_comments': 0,
 'permalink': 'https://reddit.com/r/yandere/comments/1pxtf0d/is_this_what_having_a_yandere_girlfriend_feels/',
 'post_type': 'recent',
 'score': 7,
 'subreddit': 'yandere',
 'title': 'Is this what having a yandere girlfriend feels like?',
 'url': 'https://www.reddit.com/gallery/1pxtf0d'}
2025-12-28 20:39:58 [scrapy] DEBUG: Scraped from <200 https://www.reddit.com/search.json?q=twitter&sort=new&limit=15>
{'author': 'JamMasterJulian',
 'created_utc': 1766934181.0,
 'keyword': 'twitter',
 'num_comments': 0,
 'permalink': 'https://reddit.com/r/AISEOInsider/comments/1pxte8l/ai_business_models_2026_5_free_systems_you_can/',
 'post_type': 'recent',
 'score': 1,
 'subreddit': 'AISEOInsider',
 'title': 'AI Business Models 2026: 5 Free Systems You Can Start Right Now',
 'url': 'https://www.youtube.com/watch?v=MOghWVxMkdU'}
2025-12-28 20:39:58 [scrapy] DEBUG: Scraped from <200 https://www.reddit.com/search.json?q=twitter&sort=new&limit=15>
{'author': 'Forsaken-Zone9982',
 'created_utc': 1766934131.0,
 'keyword': 'twitter',
 'num_comments': 0,
 'permalink': 'https://reddit.com/r/malesdeserveBatter/comments/1pxtdj5/gross/',
 'post_type': 'recent',
 'score': 1,
 'subreddit': 'malesdeserveBatter',
 'title': 'gross 🤢',
 'url': 'https://i.redd.it/eya3wi7cmy9g1.jpeg'}
2025-12-28 20:39:58 [scrapy] DEBUG: Scraped from <200 https://www.reddit.com/search.json?q=twitter&sort=new&limit=15>
{'author': 'SapphireHeaven',
 'created_utc': 1766934054.0,
 'keyword': 'twitter',
 'num_comments': 2,
 'permalink': 'https://reddit.com/r/twice/comments/1pxtcc4/251229_twitter_update_happy_birthday_sana/',
 'post_type': 'recent',
 'score': 39,
 'subreddit': 'twice',
 'title': '251229 Twitter Update - Happy birthday SANA',
 'url': 'https://i.redd.it/evadvs34my9g1.jpeg'}
2025-12-28 20:39:58 [scrapy] DEBUG: Scraped from <200 https://www.reddit.com/search.json?q=twitter&sort=new&limit=15>
{'author': 'MagpieMidfield',
 'created_utc': 1766933898.0,
 'keyword': 'twitter',
 'num_comments': 1,
 'permalink': 'https://reddit.com/r/footballcringe/comments/1pxta19/which_is_more_cringe_tactical_twitter_experts_or/',
 'post_type': 'recent',
 'score': 1,
 'subreddit': 'footballcringe',
 'title': 'Which is more cringe: tactical Twitter experts or football podcast '
          'hot takes?',
 'url': 'https://www.reddit.com/r/footballcringe/comments/1pxta19/which_is_more_cringe_tactical_twitter_experts_or/'}
2025-12-28 20:39:58 [scrapy] DEBUG: Scraped from <200 https://www.reddit.com/search.json?q=twitter&sort=new&limit=15>
{'author': 'PromisePublications',
 'created_utc': 1766933745.0,
 'keyword': 'twitter',
 'num_comments': 0,
 'permalink': 'https://reddit.com/r/Fromis/comments/1pxt7wl/251228_fromis_9_weekly_recap/',
 'post_type': 'recent',
 'score': 4,
 'subreddit': 'Fromis',
 'title': '251228 - fromis_9 Weekly Recap',
 'url': 'https://www.reddit.com/r/Fromis/comments/1pxt7wl/251228_fromis_9_weekly_recap/'}
2025-12-28 20:39:58 [scrapy] DEBUG: Scraped from <200 https://www.reddit.com/search.json?q=twitter&sort=new&limit=15>
{'author': 'BraveChip1087',
 'created_utc': 1766933683.0,
 'keyword': 'twitter',
 'num_comments': 1,
 'permalink': 'https://reddit.com/r/IndiaTax/comments/1pxt725/lets_take_action/',
 'post_type': 'recent',
 'score': 3,
 'subreddit': 'IndiaTax',
 'title': 'Lets take action!',
 'url': 'https://www.reddit.com/r/IndiaTax/comments/1pxt725/lets_take_action/'}
2025-12-28 20:40:02 [scrapy] DEBUG: Crawled (200) <GET https://www.reddit.com/search.json?q=twitter&sort=relevance&limit=50> (referer: None)
2025-12-28 20:40:02 [scrapy] INFO: Closing spider (finished)
2025-12-28 20:40:02 [scrapy] INFO: Stored json feed (15 items) in: posts/spiders/output/recent_posts_twitter_2025-12-28T15-09-57+00-00.json
2025-12-28 20:40:02 [scrapy] INFO: Dumping Scrapy stats:
{'downloader/request_bytes': 972,
 'downloader/request_count': 2,
 'downloader/request_method_count/GET': 2,
 'downloader/response_bytes': 72298,
 'downloader/response_count': 2,
 'downloader/response_status_count/200': 2,
 'elapsed_time_seconds': 5.273184,
 'feedexport/success_count/FileFeedStorage': 1,
 'finish_reason': 'finished',
 'finish_time': datetime.datetime(2025, 12, 28, 15, 10, 2, 959946, tzinfo=datetime.timezone.utc),
 'httpcompression/response_bytes': 370281,
 'httpcompression/response_count': 2,
 'item_scraped_count': 15,
 'log_count/DEBUG': 19,
 'log_count/INFO': 8,
 'log_count/WARNING': 1,
 'response_received_count': 2,
 'scheduler/dequeued': 2,
 'scheduler/dequeued/memory': 2,
 'scheduler/enqueued': 2,
 'scheduler/enqueued/memory': 2,
 'start_time': datetime.datetime(2025, 12, 28, 15, 9, 57, 686762, tzinfo=datetime.timezone.utc)}
2025-12-28 20:40:02 [scrapy] INFO: Spider closed (finished)
