2025-12-28 20:44:48 [scrapy] DEBUG: Crawled (200) <GET https://www.reddit.com/search.json?q=samsung_smartwatch&sort=new&limit=15> (referer: None)
2025-12-28 20:44:48 [scrapy] DEBUG: Scraped from <200 https://www.reddit.com/search.json?q=samsung_smartwatch&sort=new&limit=15>
{'author': 'Outside_Professor647',
 'created_utc': 1766933806.0,
 'keyword': 'samsung_smartwatch',
 'num_comments': 1,
 'permalink': 'https://reddit.com/r/GalaxyWatch/comments/1pxt8rj/i_detest_galaxy_watch_for_health_tracking_audhd/',
 'post_type': 'recent',
 'score': 0,
 'subreddit': 'GalaxyWatch',
 'title': 'I detest Galaxy Watch for Health Tracking AuDHD - Horrific Battery',
 'url': 'https://www.reddit.com/r/GalaxyWatch/comments/1pxt8rj/i_detest_galaxy_watch_for_health_tracking_audhd/'}
2025-12-28 20:44:48 [scrapy] DEBUG: Scraped from <200 https://www.reddit.com/search.json?q=samsung_smartwatch&sort=new&limit=15>
{'author': 'PinkyPromisePatriot',
 'created_utc': 1766896189.0,
 'keyword': 'samsung_smartwatch',
 'num_comments': 6,
 'permalink': 'https://reddit.com/r/GarminWatches/comments/1pxi6hj/watch_recommendation_for_women/',
 'post_type': 'recent',
 'score': 2,
 'subreddit': 'GarminWatches',
 'title': 'Watch recommendation for women',
 'url': 'https://www.reddit.com/r/GarminWatches/comments/1pxi6hj/watch_recommendation_for_women/'}
2025-12-28 20:44:48 [scrapy] DEBUG: Scraped from <200 https://www.reddit.com/search.json?q=samsung_smartwatch&sort=new&limit=15>
{'author': 'harshitporwal',
 'created_utc': 1766858794.0,
 'keyword': 'samsung_smartwatch',
 'num_comments': 0,
 'permalink': 'https://reddit.com/r/shopindia/comments/1px4aeq/get_chance_to_win_apple_macbook/',
 'post_type': 'recent',
 'score': 1,
 'subreddit': 'shopindia',
 'title': 'Get Chance to Win Apple MacBook 💻',
 'url': 'https://i.redd.it/xgzbi3obes9g1.jpeg'}
2025-12-28 20:44:48 [scrapy] DEBUG: Scraped from <200 https://www.reddit.com/search.json?q=samsung_smartwatch&sort=new&limit=15>
{'author': 'harshitporwal',
 'created_utc': 1766858756.0,
 'keyword': 'samsung_smartwatch',
 'num_comments': 0,
 'permalink': 'https://reddit.com/r/dealsforindia/comments/1px49uj/get_chance_to_win_apple_macbook/',
 'post_type': 'recent',
 'score': 0,
 'subreddit': 'dealsforindia',
 'title': 'Get Chance to Win Apple MacBook 💻',
 'url': 'https://i.redd.it/zglr70l7es9g1.jpeg'}
2025-12-28 20:44:48 [scrapy] DEBUG: Scraped from <200 https://www.reddit.com/search.json?q=samsung_smartwatch&sort=new&limit=15>
{'author': 'harshitporwal',
 'created_utc': 1766858715.0,
 'keyword': 'samsung_smartwatch',
 'num_comments': 0,
 'permalink': 'https://reddit.com/r/discountdealsindia/comments/1px498a/get_chance_to_win_apple_macbook/',
 'post_type': 'recent',
 'score': 1,
 'subreddit': 'discountdealsindia',
 'title': 'Get Chance to Win Apple MacBook 💻',
 'url': 'https://i.redd.it/587c7b93es9g1.jpeg'}
2025-12-28 20:44:48 [scrapy] DEBUG: Scraped from <200 https://www.reddit.com/search.json?q=samsung_smartwatch&sort=new&limit=15>
{'author': 'harshitporwal',
 'created_utc': 1766858536.0,
 'keyword': 'samsung_smartwatch',
 'num_comments': 0,
 'permalink': 'https://reddit.com/r/ShoppingSecretDeal/comments/1px46hp/get_chance_to_win_a_apple_macbook/',
 'post_type': 'recent',
 'score': 1,
 'subreddit': 'ShoppingSecretDeal',
 'title': 'Get Chance to Win a Apple MacBook 💻',
 'url': 'https://i.redd.it/13n38e2kds9g1.jpeg'}
2025-12-28 20:44:48 [scrapy] DEBUG: Scraped from <200 https://www.reddit.com/search.json?q=samsung_smartwatch&sort=new&limit=15>
{'author': 'kyoukokyoko',
 'created_utc': 1766854852.0,
 'keyword': 'samsung_smartwatch',
 'num_comments': 1,
 'permalink': 'https://reddit.com/r/deals/comments/1px2nyp/samsung_galaxy_watch_7_40mm_bluetooth_smartwatch/',
 'post_type': 'recent',
 'score': 1,
 'subreddit': 'deals',
 'title': 'SAMSUNG Galaxy Watch 7 40mm Bluetooth Smartwatch - $149 (40% off)',
 'url': 'https://amazon.rdeals.org/B0D1YNVD88-0dlBd'}
2025-12-28 20:44:48 [scrapy] DEBUG: Scraped from <200 https://www.reddit.com/search.json?q=samsung_smartwatch&sort=new&limit=15>
{'author': 'captainkev76',
 'created_utc': 1766847686.0,
 'keyword': 'samsung_smartwatch',
 'num_comments': 5,
 'permalink': 'https://reddit.com/r/smartwatch/comments/1pwztny/smartwatch_with_gpshike_navigation_with_decent/',
 'post_type': 'recent',
 'score': 3,
 'subreddit': 'smartwatch',
 'title': 'Smartwatch with GPS/hike navigation with decent battery life? Is it '
          'too much to ask?',
 'url': 'https://www.reddit.com/r/smartwatch/comments/1pwztny/smartwatch_with_gpshike_navigation_with_decent/'}
2025-12-28 20:44:48 [scrapy] DEBUG: Scraped from <200 https://www.reddit.com/search.json?q=samsung_smartwatch&sort=new&limit=15>
{'author': 'Owiiiz',
 'created_utc': 1766840035.0,
 'keyword': 'samsung_smartwatch',
 'num_comments': 4,
 'permalink': 'https://reddit.com/r/GalaxyWatch/comments/1pwx5w3/galaxy_watch_lte_limitations_simsms_issues/',
 'post_type': 'recent',
 'score': 3,
 'subreddit': 'GalaxyWatch',
 'title': 'Galaxy Watch LTE Limitations (SIM/SMS Issues)',
 'url': 'https://www.reddit.com/r/GalaxyWatch/comments/1pwx5w3/galaxy_watch_lte_limitations_simsms_issues/'}
2025-12-28 20:44:48 [scrapy] DEBUG: Scraped from <200 https://www.reddit.com/search.json?q=samsung_smartwatch&sort=new&limit=15>
{'author': 'Careful_One_6849',
 'created_utc': 1766821143.0,
 'keyword': 'samsung_smartwatch',
 'num_comments': 6,
 'permalink': 'https://reddit.com/r/delhi_marketplace/comments/1pws2e7/rep_apple_samsung_smartwatches_for_sale/',
 'post_type': 'recent',
 'score': 0,
 'subreddit': 'delhi_marketplace',
 'title': '(Rep) Apple, Samsung Smartwatches For Sale',
 'url': 'https://i.redd.it/c75eyc6dap9g1.jpeg'}
2025-12-28 20:44:48 [scrapy] DEBUG: Scraped from <200 https://www.reddit.com/search.json?q=samsung_smartwatch&sort=new&limit=15>
{'author': 'Jhow123456789',
 'created_utc': 1766811884.0,
 'keyword': 'samsung_smartwatch',
 'num_comments': 12,
 'permalink': 'https://reddit.com/r/GalaxyWatch/comments/1pwpdve/galaxy_watch_ultra_sales/',
 'post_type': 'recent',
 'score': 17,
 'subreddit': 'GalaxyWatch',
 'title': 'Galaxy watch ultra sales',
 'url': 'https://i.redd.it/en59ilauio9g1.jpeg'}
2025-12-28 20:44:48 [scrapy] DEBUG: Scraped from <200 https://www.reddit.com/search.json?q=samsung_smartwatch&sort=new&limit=15>
{'author': 'tugatech',
 'created_utc': 1766764389.0,
 'keyword': 'samsung_smartwatch',
 'num_comments': 0,
 'permalink': 'https://reddit.com/r/TugaTech/comments/1pw7gjk/xiaomi_ultrapassa_samsung_e_sobe_ao_pódio_no/',
 'post_type': 'recent',
 'score': 1,
 'subreddit': 'TugaTech',
 'title': 'Xiaomi ultrapassa Samsung e sobe ao pódio no mercado global de '
          'smartwatches',
 'url': 'https://i.redd.it/ikg9l52mlk9g1.jpeg'}
2025-12-28 20:44:48 [scrapy] DEBUG: Scraped from <200 https://www.reddit.com/search.json?q=samsung_smartwatch&sort=new&limit=15>
{'author': 'MrUG11',
 'created_utc': 1766706043.0,
 'keyword': 'samsung_smartwatch',
 'num_comments': 1,
 'permalink': 'https://reddit.com/r/GalaxyWatch/comments/1pvpyea/samsung_galaxy_watch_8_classic_review_2nd_day_of/',
 'post_type': 'recent',
 'score': 1,
 'subreddit': 'GalaxyWatch',
 'title': 'Samsung galaxy watch 8 classic review (2nd day of use)',
 'url': '/r/u_MrUG11/comments/1pvpwye/samsung_galaxy_watch_8_classic_review_2nd_day_of/'}
2025-12-28 20:44:48 [scrapy] DEBUG: Scraped from <200 https://www.reddit.com/search.json?q=samsung_smartwatch&sort=new&limit=15>
{'author': 'MrUG11',
 'created_utc': 1766705929.0,
 'keyword': 'samsung_smartwatch',
 'num_comments': 0,
 'permalink': 'https://reddit.com/r/u_MrUG11/comments/1pvpwye/samsung_galaxy_watch_8_classic_review_2nd_day_of/',
 'post_type': 'recent',
 'score': 1,
 'subreddit': 'u_MrUG11',
 'title': 'Samsung galaxy watch 8 classic review (2nd day of use)',
 'url': 'https://www.reddit.com/r/u_MrUG11/comments/1pvpwye/samsung_galaxy_watch_8_classic_review_2nd_day_of/'}
2025-12-28 20:44:48 [scrapy] DEBUG: Scraped from <200 https://www.reddit.com/search.json?q=samsung_smartwatch&sort=new&limit=15>
{'author': 'Jordarobot',
 'created_utc': 1766697703.0,
 'keyword': 'samsung_smartwatch',
 'num_comments': 2,
 'permalink': 'https://reddit.com/r/GalaxyWatch/comments/1pvn6fg/new_to_samsung_watch_having_trouble_with_apps/',
 'post_type': 'recent',
 'score': 3,
 'subreddit': 'GalaxyWatch',
 'title': 'New to Samsung watch, having trouble with apps',
 'url': 'https://www.reddit.com/r/GalaxyWatch/comments/1pvn6fg/new_to_samsung_watch_having_trouble_with_apps/'}
2025-12-28 20:44:52 [scrapy] DEBUG: Crawled (200) <GET https://www.reddit.com/search.json?q=samsung_smartwatch&sort=relevance&limit=50> (referer: None)
2025-12-28 20:44:53 [scrapy] INFO: Closing spider (finished)
2025-12-28 20:44:53 [scrapy] INFO: Stored json feed (15 items) in: posts/spiders/output/recent_posts_samsung_smartwatch_2025-12-28T15-14-47+00-00.json
2025-12-28 20:44:53 [scrapy] INFO: Dumping Scrapy stats:
{'downloader/request_bytes': 994,
 'downloader/request_count': 2,
 'downloader/request_method_count/GET': 2,
 'downloader/response_bytes': 105277,
 'downloader/response_count': 2,
 'downloader/response_status_count/200': 2,
 'elapsed_time_seconds': 5.167413,
 'feedexport/success_count/FileFeedStorage': 1,
 'finish_reason': 'finished',
 'finish_time': datetime.datetime(2025, 12, 28, 15, 14, 53, 113113, tzinfo=datetime.timezone.utc),
 'httpcompression/response_bytes': 474258,
 'httpcompression/response_count': 2,
 'item_scraped_count': 15,
 'log_count/DEBUG': 19,
 'log_count/INFO': 8,
 'log_count/WARNING': 1,
 'response_received_count': 2,
 'scheduler/dequeued': 2,
 'scheduler/dequeued/memory': 2,
 'scheduler/enqueued': 2,
 'scheduler/enqueued/memory': 2,
 'start_time': datetime.datetime(2025, 12, 28, 15, 14, 47, 945700, tzinfo=datetime.timezone.utc)}
2025-12-28 20:44:53 [scrapy] INFO: Spider closed (finished)
